[0.559s] Invoking command in '/home/vivian/map_fuse/build/robot_bringup': CMAKE_PREFIX_PATH=${CMAKE_PREFIX_PATH}:/home/vivian/map_fuse/install/person_detection:/opt/ros/foxy /usr/bin/cmake /home/vivian/map_fuse/src/robot_bringup -DAMENT_CMAKE_SYMLINK_INSTALL=1 -DCMAKE_INSTALL_PREFIX=/home/vivian/map_fuse/install/robot_bringup
[0.593s] -- Found ament_cmake: 0.9.8 (/opt/ros/foxy/share/ament_cmake/cmake)
[0.645s] -- Using PYTHON_EXECUTABLE: /usr/bin/python3
[1.041s] -- Override CMake install command with custom implementation using symlinks instead of copying resources
[1.048s] -- Found rclcpp_lifecycle: 2.3.1 (/opt/ros/foxy/share/rclcpp_lifecycle/cmake)
[1.124s] -- Using all available rosidl_typesupport_c: rosidl_typesupport_fastrtps_c;rosidl_typesupport_introspection_c
[1.129s] -- Found rosidl_adapter: 1.2.1 (/opt/ros/foxy/share/rosidl_adapter/cmake)
[1.368s] -- Using all available rosidl_typesupport_cpp: rosidl_typesupport_fastrtps_cpp;rosidl_typesupport_introspection_cpp
[1.471s] -- Found rmw_implementation_cmake: 1.0.3 (/opt/ros/foxy/share/rmw_implementation_cmake/cmake)
[1.474s] -- Using RMW implementation 'rmw_fastrtps_cpp' as default
[1.793s] -- Found nav2_util: 0.4.7 (/opt/ros/foxy/share/nav2_util/cmake)
[3.200s] -- Found eigen3_cmake_module: 0.1.1 (/opt/ros/foxy/share/eigen3_cmake_module/cmake)
[3.473s] -- Found cmr_msgs: 0.0.0 (/home/vivian/map_fuse/install/cmr_msgs/share/cmr_msgs/cmake)
[4.042s] -- Found ament_lint_auto: 0.9.6 (/opt/ros/foxy/share/ament_lint_auto/cmake)
[4.245s] -- Added test 'copyright' to check source files copyright and LICENSE
[4.258s] -- Added test 'cppcheck' to perform static code analysis on C / C++ code
[4.258s] -- Configured cppcheck include dirs: 
[4.258s] -- Configured cppcheck exclude dirs and/or files: 
[4.271s] -- Added test 'cpplint' to check C / C++ code against the Google style
[4.272s] -- Configured cpplint exclude dirs and/or files: 
[4.274s] -- Added test 'flake8' to check Python code syntax and style conventions
[4.278s] -- Added test 'lint_cmake' to check CMake code style
[4.281s] -- Added test 'pep257' to check Python code against some of the style conventions in PEP 257
[4.293s] -- Added test 'uncrustify' to check C / C++ code style
[4.293s] -- Configured uncrustify additional arguments: 
[4.296s] -- Added test 'xmllint' to check XML markup files
[4.302s] -- Configuring done
[4.371s] -- Generating done
[4.374s] -- Build files have been written to: /home/vivian/map_fuse/build/robot_bringup
[4.391s] Invoked command in '/home/vivian/map_fuse/build/robot_bringup' returned '0': CMAKE_PREFIX_PATH=${CMAKE_PREFIX_PATH}:/home/vivian/map_fuse/install/person_detection:/opt/ros/foxy /usr/bin/cmake /home/vivian/map_fuse/src/robot_bringup -DAMENT_CMAKE_SYMLINK_INSTALL=1 -DCMAKE_INSTALL_PREFIX=/home/vivian/map_fuse/install/robot_bringup
[4.395s] Invoking command in '/home/vivian/map_fuse/build/robot_bringup': CMAKE_PREFIX_PATH=${CMAKE_PREFIX_PATH}:/home/vivian/map_fuse/install/person_detection:/opt/ros/foxy /usr/bin/cmake --build /home/vivian/map_fuse/build/robot_bringup -- -j12 -l12
[4.465s] [35m[1mScanning dependencies of target odom_pub_simulation[0m
[4.548s] [ 50%] [32mBuilding CXX object CMakeFiles/odom_pub_simulation.dir/src/odom_pub_simulation.cpp.o[0m
[14.994s] [100%] [32m[1mLinking CXX executable odom_pub_simulation[0m
[15.885s] [100%] Built target odom_pub_simulation
[15.903s] Invoked command in '/home/vivian/map_fuse/build/robot_bringup' returned '0': CMAKE_PREFIX_PATH=${CMAKE_PREFIX_PATH}:/home/vivian/map_fuse/install/person_detection:/opt/ros/foxy /usr/bin/cmake --build /home/vivian/map_fuse/build/robot_bringup -- -j12 -l12
[15.947s] Invoking command in '/home/vivian/map_fuse/build/robot_bringup': CMAKE_PREFIX_PATH=${CMAKE_PREFIX_PATH}:/home/vivian/map_fuse/install/person_detection:/opt/ros/foxy /usr/bin/cmake --install /home/vivian/map_fuse/build/robot_bringup
[15.965s] -- Install configuration: ""
[15.966s] -- Execute custom install script
[15.967s] -- Symlinking: /home/vivian/map_fuse/install/robot_bringup/share/robot_bringup/launch/__pycache__/hardware_launch.cpython-38.pyc
[15.980s] -- Symlinking: /home/vivian/map_fuse/install/robot_bringup/share/robot_bringup/launch/bringup_launch.py
[15.993s] -- Symlinking: /home/vivian/map_fuse/install/robot_bringup/share/robot_bringup/launch/hardware_launch.py
[16.007s] -- Symlinking: /home/vivian/map_fuse/install/robot_bringup/share/robot_bringup/launch/localization_launch.py
[16.021s] -- Symlinking: /home/vivian/map_fuse/install/robot_bringup/share/robot_bringup/launch/navigation_launch.py
[16.036s] -- Symlinking: /home/vivian/map_fuse/install/robot_bringup/share/robot_bringup/launch/robot_state_publisher.launch.py
[16.051s] -- Symlinking: /home/vivian/map_fuse/install/robot_bringup/share/robot_bringup/launch/rviz_launch.py
[16.075s] -- Symlinking: /home/vivian/map_fuse/install/robot_bringup/share/robot_bringup/launch/slam_launch.py
[16.088s] -- Symlinking: /home/vivian/map_fuse/install/robot_bringup/share/robot_bringup/launch/voxel_visualizer_launch.py
[16.102s] -- Symlinking: /home/vivian/map_fuse/install/robot_bringup/share/robot_bringup/maps/map_1621254001.pgm
[16.115s] -- Symlinking: /home/vivian/map_fuse/install/robot_bringup/share/robot_bringup/maps/map_1621254001.yaml
[16.128s] -- Symlinking: /home/vivian/map_fuse/install/robot_bringup/share/robot_bringup/maps/map_1621366066.pgm
[16.141s] -- Symlinking: /home/vivian/map_fuse/install/robot_bringup/share/robot_bringup/maps/map_1621366066.yaml
[16.154s] -- Symlinking: /home/vivian/map_fuse/install/robot_bringup/share/robot_bringup/maps/map_1621366922.pgm
[16.166s] -- Symlinking: /home/vivian/map_fuse/install/robot_bringup/share/robot_bringup/maps/map_1621366922.yaml
[16.179s] -- Symlinking: /home/vivian/map_fuse/install/robot_bringup/share/robot_bringup/maps/map_1621367683.pgm
[16.192s] -- Symlinking: /home/vivian/map_fuse/install/robot_bringup/share/robot_bringup/maps/map_1621367683.yaml
[16.204s] -- Symlinking: /home/vivian/map_fuse/install/robot_bringup/share/robot_bringup/maps/map_1621367897.pgm
[16.218s] -- Symlinking: /home/vivian/map_fuse/install/robot_bringup/share/robot_bringup/maps/map_1621367897.yaml
[16.230s] -- Symlinking: /home/vivian/map_fuse/install/robot_bringup/share/robot_bringup/maps/map_1621368754.pgm
[16.244s] -- Symlinking: /home/vivian/map_fuse/install/robot_bringup/share/robot_bringup/maps/map_1621368754.yaml
[16.259s] -- Symlinking: /home/vivian/map_fuse/install/robot_bringup/share/robot_bringup/maps/map_1621369285.pgm
[16.289s] -- Symlinking: /home/vivian/map_fuse/install/robot_bringup/share/robot_bringup/maps/map_1621369285.yaml
[16.303s] -- Symlinking: /home/vivian/map_fuse/install/robot_bringup/share/robot_bringup/maps/map_1621369829.pgm
[16.317s] -- Symlinking: /home/vivian/map_fuse/install/robot_bringup/share/robot_bringup/maps/map_1621369829.yaml
[16.331s] -- Symlinking: /home/vivian/map_fuse/install/robot_bringup/share/robot_bringup/maps/map_1621431402.pgm
[16.362s] -- Symlinking: /home/vivian/map_fuse/install/robot_bringup/share/robot_bringup/maps/map_1621431402.yaml
[16.377s] -- Symlinking: /home/vivian/map_fuse/install/robot_bringup/share/robot_bringup/maps/map_1621432267.pgm
[16.391s] -- Symlinking: /home/vivian/map_fuse/install/robot_bringup/share/robot_bringup/maps/map_1621432267.yaml
[16.405s] -- Symlinking: /home/vivian/map_fuse/install/robot_bringup/share/robot_bringup/maps/map_1621434642.pgm
[16.419s] -- Symlinking: /home/vivian/map_fuse/install/robot_bringup/share/robot_bringup/maps/map_1621434642.yaml
[16.440s] -- Symlinking: /home/vivian/map_fuse/install/robot_bringup/share/robot_bringup/maps/map_1621435167.pgm
[16.474s] -- Symlinking: /home/vivian/map_fuse/install/robot_bringup/share/robot_bringup/maps/map_1621435167.yaml
[16.491s] -- Symlinking: /home/vivian/map_fuse/install/robot_bringup/share/robot_bringup/maps/map_1621435332.pgm
[16.510s] -- Symlinking: /home/vivian/map_fuse/install/robot_bringup/share/robot_bringup/maps/map_1621435332.yaml
[16.530s] -- Symlinking: /home/vivian/map_fuse/install/robot_bringup/share/robot_bringup/maps/map_1621435513.pgm
[16.544s] -- Symlinking: /home/vivian/map_fuse/install/robot_bringup/share/robot_bringup/maps/map_1621435513.yaml
[16.558s] -- Symlinking: /home/vivian/map_fuse/install/robot_bringup/share/robot_bringup/maps/map_1621435752.pgm
[16.572s] -- Symlinking: /home/vivian/map_fuse/install/robot_bringup/share/robot_bringup/maps/map_1621435752.yaml
[16.585s] -- Symlinking: /home/vivian/map_fuse/install/robot_bringup/share/robot_bringup/maps/map_1621436295.pgm
[16.598s] -- Symlinking: /home/vivian/map_fuse/install/robot_bringup/share/robot_bringup/maps/map_1621436295.yaml
[16.612s] -- Symlinking: /home/vivian/map_fuse/install/robot_bringup/share/robot_bringup/maps/map_1621445921.pgm
[16.625s] -- Symlinking: /home/vivian/map_fuse/install/robot_bringup/share/robot_bringup/maps/map_1621445921.yaml
[16.638s] -- Symlinking: /home/vivian/map_fuse/install/robot_bringup/share/robot_bringup/maps/map_1621446085.pgm
[16.651s] -- Symlinking: /home/vivian/map_fuse/install/robot_bringup/share/robot_bringup/maps/map_1621446085.yaml
[16.664s] -- Symlinking: /home/vivian/map_fuse/install/robot_bringup/share/robot_bringup/maps/map_1621446301.pgm
[16.677s] -- Symlinking: /home/vivian/map_fuse/install/robot_bringup/share/robot_bringup/maps/map_1621446301.yaml
[16.690s] -- Symlinking: /home/vivian/map_fuse/install/robot_bringup/share/robot_bringup/maps/map_1621447216.pgm
[16.703s] -- Symlinking: /home/vivian/map_fuse/install/robot_bringup/share/robot_bringup/maps/map_1621447216.yaml
[16.717s] -- Symlinking: /home/vivian/map_fuse/install/robot_bringup/share/robot_bringup/maps/map_1621447662.pgm
[16.731s] -- Symlinking: /home/vivian/map_fuse/install/robot_bringup/share/robot_bringup/maps/map_1621447662.yaml
[16.745s] -- Symlinking: /home/vivian/map_fuse/install/robot_bringup/share/robot_bringup/maps/map_1621448961.pgm
[16.757s] -- Symlinking: /home/vivian/map_fuse/install/robot_bringup/share/robot_bringup/maps/map_1621448961.yaml
[16.771s] -- Symlinking: /home/vivian/map_fuse/install/robot_bringup/share/robot_bringup/maps/map_1621454819.pgm
[16.784s] -- Symlinking: /home/vivian/map_fuse/install/robot_bringup/share/robot_bringup/maps/map_1621454819.yaml
[16.797s] -- Symlinking: /home/vivian/map_fuse/install/robot_bringup/share/robot_bringup/maps/map_1621455891.pgm
[16.811s] -- Symlinking: /home/vivian/map_fuse/install/robot_bringup/share/robot_bringup/maps/map_1621455891.yaml
[16.824s] -- Symlinking: /home/vivian/map_fuse/install/robot_bringup/share/robot_bringup/maps/map_1621459225.pgm
[16.838s] -- Symlinking: /home/vivian/map_fuse/install/robot_bringup/share/robot_bringup/maps/map_1621459225.yaml
[16.850s] -- Symlinking: /home/vivian/map_fuse/install/robot_bringup/share/robot_bringup/maps/map_1621459400.pgm
[16.864s] -- Symlinking: /home/vivian/map_fuse/install/robot_bringup/share/robot_bringup/maps/map_1621459400.yaml
[16.877s] -- Symlinking: /home/vivian/map_fuse/install/robot_bringup/share/robot_bringup/maps/map_1621459820.pgm
[16.889s] -- Symlinking: /home/vivian/map_fuse/install/robot_bringup/share/robot_bringup/maps/map_1621459820.yaml
[16.901s] -- Symlinking: /home/vivian/map_fuse/install/robot_bringup/share/robot_bringup/maps/map_1621460063.pgm
[16.915s] -- Symlinking: /home/vivian/map_fuse/install/robot_bringup/share/robot_bringup/maps/map_1621460063.yaml
[16.928s] -- Symlinking: /home/vivian/map_fuse/install/robot_bringup/share/robot_bringup/maps/map_1621460450.pgm
[16.942s] -- Symlinking: /home/vivian/map_fuse/install/robot_bringup/share/robot_bringup/maps/map_1621460450.yaml
[16.955s] -- Symlinking: /home/vivian/map_fuse/install/robot_bringup/share/robot_bringup/maps/map_1621460602.pgm
[16.968s] -- Symlinking: /home/vivian/map_fuse/install/robot_bringup/share/robot_bringup/maps/map_1621460602.yaml
[16.981s] -- Symlinking: /home/vivian/map_fuse/install/robot_bringup/share/robot_bringup/maps/map_server_params.yaml
[16.994s] -- Symlinking: /home/vivian/map_fuse/install/robot_bringup/share/robot_bringup/maps/serena_30_1.pgm
[17.007s] -- Symlinking: /home/vivian/map_fuse/install/robot_bringup/share/robot_bringup/maps/serena_30_1.yaml
[17.020s] -- Symlinking: /home/vivian/map_fuse/install/robot_bringup/share/robot_bringup/maps/serena_map.pgm
[17.033s] -- Symlinking: /home/vivian/map_fuse/install/robot_bringup/share/robot_bringup/maps/serena_map.yaml
[17.047s] -- Symlinking: /home/vivian/map_fuse/install/robot_bringup/share/robot_bringup/params/dds_config.xml
[17.061s] -- Symlinking: /home/vivian/map_fuse/install/robot_bringup/share/robot_bringup/params/live.yaml
[17.083s] -- Symlinking: /home/vivian/map_fuse/install/robot_bringup/share/robot_bringup/params/mapper_params_online_async.yaml
[17.097s] -- Symlinking: /home/vivian/map_fuse/install/robot_bringup/share/robot_bringup/params/nav_params.yaml
[17.111s] -- Symlinking: /home/vivian/map_fuse/install/robot_bringup/share/robot_bringup/params/robot_rviz_config.rviz
[17.125s] -- Symlinking: /home/vivian/map_fuse/install/robot_bringup/share/robot_bringup/params/slam_toolbox_params.yaml
[17.141s] -- Symlinking: /home/vivian/map_fuse/install/robot_bringup/lib/robot_bringup/odom_pub_simulation
[17.155s] -- Symlinking: /home/vivian/map_fuse/install/robot_bringup/share/ament_index/resource_index/package_run_dependencies/robot_bringup
[17.170s] -- Symlinking: /home/vivian/map_fuse/install/robot_bringup/share/ament_index/resource_index/parent_prefix_path/robot_bringup
[17.185s] -- Symlinking: /home/vivian/map_fuse/install/robot_bringup/share/robot_bringup/environment/ament_prefix_path.sh
[17.199s] -- Symlinking: /home/vivian/map_fuse/install/robot_bringup/share/robot_bringup/environment/ament_prefix_path.dsv
[17.214s] -- Symlinking: /home/vivian/map_fuse/install/robot_bringup/share/robot_bringup/environment/path.sh
[17.229s] -- Symlinking: /home/vivian/map_fuse/install/robot_bringup/share/robot_bringup/environment/path.dsv
[17.244s] -- Symlinking: /home/vivian/map_fuse/install/robot_bringup/share/robot_bringup/local_setup.bash
[17.260s] -- Symlinking: /home/vivian/map_fuse/install/robot_bringup/share/robot_bringup/local_setup.sh
[17.274s] -- Symlinking: /home/vivian/map_fuse/install/robot_bringup/share/robot_bringup/local_setup.zsh
[17.288s] -- Symlinking: /home/vivian/map_fuse/install/robot_bringup/share/robot_bringup/local_setup.dsv
[17.303s] -- Symlinking: /home/vivian/map_fuse/install/robot_bringup/share/robot_bringup/package.dsv
[17.318s] -- Symlinking: /home/vivian/map_fuse/install/robot_bringup/share/ament_index/resource_index/packages/robot_bringup
[17.332s] -- Symlinking: /home/vivian/map_fuse/install/robot_bringup/share/robot_bringup/cmake/robot_bringupConfig.cmake
[17.347s] -- Symlinking: /home/vivian/map_fuse/install/robot_bringup/share/robot_bringup/cmake/robot_bringupConfig-version.cmake
[17.361s] -- Symlinking: /home/vivian/map_fuse/install/robot_bringup/share/robot_bringup/package.xml
[17.389s] Invoked command in '/home/vivian/map_fuse/build/robot_bringup' returned '0': CMAKE_PREFIX_PATH=${CMAKE_PREFIX_PATH}:/home/vivian/map_fuse/install/person_detection:/opt/ros/foxy /usr/bin/cmake --install /home/vivian/map_fuse/build/robot_bringup
