[0.476s] Invoking command in '/home/vivian/map_fuse/build/robot_bringup': CMAKE_PREFIX_PATH=${CMAKE_PREFIX_PATH}:/home/vivian/map_fuse/install/person_detection:/opt/ros/foxy /usr/bin/cmake --build /home/vivian/map_fuse/build/robot_bringup -- -j12 -l12
[0.591s] [100%] Built target odom_pub_simulation
[0.673s] Invoked command in '/home/vivian/map_fuse/build/robot_bringup' returned '0': CMAKE_PREFIX_PATH=${CMAKE_PREFIX_PATH}:/home/vivian/map_fuse/install/person_detection:/opt/ros/foxy /usr/bin/cmake --build /home/vivian/map_fuse/build/robot_bringup -- -j12 -l12
[0.762s] Invoking command in '/home/vivian/map_fuse/build/robot_bringup': CMAKE_PREFIX_PATH=${CMAKE_PREFIX_PATH}:/home/vivian/map_fuse/install/person_detection:/opt/ros/foxy /usr/bin/cmake --install /home/vivian/map_fuse/build/robot_bringup
[0.792s] -- Install configuration: ""
[0.792s] -- Execute custom install script
[0.792s] -- Up-to-date symlink: /home/vivian/map_fuse/install/robot_bringup/share/robot_bringup/launch/__pycache__/hardware_launch.cpython-38.pyc
[0.792s] -- Up-to-date symlink: /home/vivian/map_fuse/install/robot_bringup/share/robot_bringup/launch/bringup_launch.py
[0.792s] -- Up-to-date symlink: /home/vivian/map_fuse/install/robot_bringup/share/robot_bringup/launch/hardware_launch.py
[0.792s] -- Up-to-date symlink: /home/vivian/map_fuse/install/robot_bringup/share/robot_bringup/launch/localization_launch.py
[0.793s] -- Up-to-date symlink: /home/vivian/map_fuse/install/robot_bringup/share/robot_bringup/launch/navigation_launch.py
[0.793s] -- Up-to-date symlink: /home/vivian/map_fuse/install/robot_bringup/share/robot_bringup/launch/robot_state_publisher.launch.py
[0.793s] -- Up-to-date symlink: /home/vivian/map_fuse/install/robot_bringup/share/robot_bringup/launch/rviz_launch.py
[0.793s] -- Up-to-date symlink: /home/vivian/map_fuse/install/robot_bringup/share/robot_bringup/launch/slam_launch.py
[0.793s] -- Up-to-date symlink: /home/vivian/map_fuse/install/robot_bringup/share/robot_bringup/launch/voxel_visualizer_launch.py
[0.794s] -- Up-to-date symlink: /home/vivian/map_fuse/install/robot_bringup/share/robot_bringup/maps/map_1621254001.pgm
[0.794s] -- Up-to-date symlink: /home/vivian/map_fuse/install/robot_bringup/share/robot_bringup/maps/map_1621254001.yaml
[0.794s] -- Up-to-date symlink: /home/vivian/map_fuse/install/robot_bringup/share/robot_bringup/maps/map_1621366066.pgm
[0.795s] -- Up-to-date symlink: /home/vivian/map_fuse/install/robot_bringup/share/robot_bringup/maps/map_1621366066.yaml
[0.795s] -- Up-to-date symlink: /home/vivian/map_fuse/install/robot_bringup/share/robot_bringup/maps/map_1621366922.pgm
[0.795s] -- Up-to-date symlink: /home/vivian/map_fuse/install/robot_bringup/share/robot_bringup/maps/map_1621366922.yaml
[0.795s] -- Up-to-date symlink: /home/vivian/map_fuse/install/robot_bringup/share/robot_bringup/maps/map_1621367683.pgm
[0.797s] -- Up-to-date symlink: /home/vivian/map_fuse/install/robot_bringup/share/robot_bringup/maps/map_1621367683.yaml
[0.798s] -- Up-to-date symlink: /home/vivian/map_fuse/install/robot_bringup/share/robot_bringup/maps/map_1621367897.pgm
[0.798s] -- Up-to-date symlink: /home/vivian/map_fuse/install/robot_bringup/share/robot_bringup/maps/map_1621367897.yaml
[0.798s] -- Up-to-date symlink: /home/vivian/map_fuse/install/robot_bringup/share/robot_bringup/maps/map_1621368754.pgm
[0.798s] -- Up-to-date symlink: /home/vivian/map_fuse/install/robot_bringup/share/robot_bringup/maps/map_1621368754.yaml
[0.799s] -- Up-to-date symlink: /home/vivian/map_fuse/install/robot_bringup/share/robot_bringup/maps/map_1621369285.pgm
[0.799s] -- Up-to-date symlink: /home/vivian/map_fuse/install/robot_bringup/share/robot_bringup/maps/map_1621369285.yaml
[0.799s] -- Up-to-date symlink: /home/vivian/map_fuse/install/robot_bringup/share/robot_bringup/maps/map_1621369829.pgm
[0.800s] -- Up-to-date symlink: /home/vivian/map_fuse/install/robot_bringup/share/robot_bringup/maps/map_1621369829.yaml
[0.800s] -- Up-to-date symlink: /home/vivian/map_fuse/install/robot_bringup/share/robot_bringup/maps/map_1621431402.pgm
[0.800s] -- Up-to-date symlink: /home/vivian/map_fuse/install/robot_bringup/share/robot_bringup/maps/map_1621431402.yaml
[0.801s] -- Up-to-date symlink: /home/vivian/map_fuse/install/robot_bringup/share/robot_bringup/maps/map_1621432267.pgm
[0.801s] -- Up-to-date symlink: /home/vivian/map_fuse/install/robot_bringup/share/robot_bringup/maps/map_1621432267.yaml
[0.802s] -- Up-to-date symlink: /home/vivian/map_fuse/install/robot_bringup/share/robot_bringup/maps/map_1621434642.pgm
[0.802s] -- Up-to-date symlink: /home/vivian/map_fuse/install/robot_bringup/share/robot_bringup/maps/map_1621434642.yaml
[0.802s] -- Up-to-date symlink: /home/vivian/map_fuse/install/robot_bringup/share/robot_bringup/maps/map_1621435167.pgm
[0.802s] -- Up-to-date symlink: /home/vivian/map_fuse/install/robot_bringup/share/robot_bringup/maps/map_1621435167.yaml
[0.804s] -- Up-to-date symlink: /home/vivian/map_fuse/install/robot_bringup/share/robot_bringup/maps/map_1621435332.pgm
[0.805s] -- Up-to-date symlink: /home/vivian/map_fuse/install/robot_bringup/share/robot_bringup/maps/map_1621435332.yaml
[0.805s] -- Up-to-date symlink: /home/vivian/map_fuse/install/robot_bringup/share/robot_bringup/maps/map_1621435513.pgm
[0.806s] -- Up-to-date symlink: /home/vivian/map_fuse/install/robot_bringup/share/robot_bringup/maps/map_1621435513.yaml
[0.806s] -- Up-to-date symlink: /home/vivian/map_fuse/install/robot_bringup/share/robot_bringup/maps/map_1621435752.pgm
[0.807s] -- Up-to-date symlink: /home/vivian/map_fuse/install/robot_bringup/share/robot_bringup/maps/map_1621435752.yaml
[0.807s] -- Up-to-date symlink: /home/vivian/map_fuse/install/robot_bringup/share/robot_bringup/maps/map_1621436295.pgm
[0.807s] -- Up-to-date symlink: /home/vivian/map_fuse/install/robot_bringup/share/robot_bringup/maps/map_1621436295.yaml
[0.808s] -- Up-to-date symlink: /home/vivian/map_fuse/install/robot_bringup/share/robot_bringup/maps/map_1621445921.pgm
[0.808s] -- Up-to-date symlink: /home/vivian/map_fuse/install/robot_bringup/share/robot_bringup/maps/map_1621445921.yaml
[0.808s] -- Up-to-date symlink: /home/vivian/map_fuse/install/robot_bringup/share/robot_bringup/maps/map_1621446085.pgm
[0.809s] -- Up-to-date symlink: /home/vivian/map_fuse/install/robot_bringup/share/robot_bringup/maps/map_1621446085.yaml
[0.809s] -- Up-to-date symlink: /home/vivian/map_fuse/install/robot_bringup/share/robot_bringup/maps/map_1621446301.pgm
[0.810s] -- Up-to-date symlink: /home/vivian/map_fuse/install/robot_bringup/share/robot_bringup/maps/map_1621446301.yaml
[0.810s] -- Up-to-date symlink: /home/vivian/map_fuse/install/robot_bringup/share/robot_bringup/maps/map_1621447216.pgm
[0.811s] -- Up-to-date symlink: /home/vivian/map_fuse/install/robot_bringup/share/robot_bringup/maps/map_1621447216.yaml
[0.811s] -- Up-to-date symlink: /home/vivian/map_fuse/install/robot_bringup/share/robot_bringup/maps/map_1621447662.pgm
[0.811s] -- Up-to-date symlink: /home/vivian/map_fuse/install/robot_bringup/share/robot_bringup/maps/map_1621447662.yaml
[0.812s] -- Up-to-date symlink: /home/vivian/map_fuse/install/robot_bringup/share/robot_bringup/maps/map_1621448961.pgm
[0.813s] -- Up-to-date symlink: /home/vivian/map_fuse/install/robot_bringup/share/robot_bringup/maps/map_1621448961.yaml
[0.814s] -- Up-to-date symlink: /home/vivian/map_fuse/install/robot_bringup/share/robot_bringup/maps/map_1621454819.pgm
[0.815s] -- Up-to-date symlink: /home/vivian/map_fuse/install/robot_bringup/share/robot_bringup/maps/map_1621454819.yaml
[0.818s] -- Up-to-date symlink: /home/vivian/map_fuse/install/robot_bringup/share/robot_bringup/maps/map_1621455891.pgm
[0.818s] -- Up-to-date symlink: /home/vivian/map_fuse/install/robot_bringup/share/robot_bringup/maps/map_1621455891.yaml
[0.818s] -- Up-to-date symlink: /home/vivian/map_fuse/install/robot_bringup/share/robot_bringup/maps/map_1621459225.pgm
[0.823s] -- Up-to-date symlink: /home/vivian/map_fuse/install/robot_bringup/share/robot_bringup/maps/map_1621459225.yaml
[0.823s] -- Up-to-date symlink: /home/vivian/map_fuse/install/robot_bringup/share/robot_bringup/maps/map_1621459400.pgm
[0.824s] -- Up-to-date symlink: /home/vivian/map_fuse/install/robot_bringup/share/robot_bringup/maps/map_1621459400.yaml
[0.824s] -- Up-to-date symlink: /home/vivian/map_fuse/install/robot_bringup/share/robot_bringup/maps/map_1621459820.pgm
[0.824s] -- Up-to-date symlink: /home/vivian/map_fuse/install/robot_bringup/share/robot_bringup/maps/map_1621459820.yaml
[0.824s] -- Up-to-date symlink: /home/vivian/map_fuse/install/robot_bringup/share/robot_bringup/maps/map_1621460063.pgm
[0.825s] -- Up-to-date symlink: /home/vivian/map_fuse/install/robot_bringup/share/robot_bringup/maps/map_1621460063.yaml
[0.825s] -- Up-to-date symlink: /home/vivian/map_fuse/install/robot_bringup/share/robot_bringup/maps/map_1621460450.pgm
[0.826s] -- Up-to-date symlink: /home/vivian/map_fuse/install/robot_bringup/share/robot_bringup/maps/map_1621460450.yaml
[0.827s] -- Up-to-date symlink: /home/vivian/map_fuse/install/robot_bringup/share/robot_bringup/maps/map_1621460602.pgm
[0.827s] -- Up-to-date symlink: /home/vivian/map_fuse/install/robot_bringup/share/robot_bringup/maps/map_1621460602.yaml
[0.827s] -- Up-to-date symlink: /home/vivian/map_fuse/install/robot_bringup/share/robot_bringup/maps/map_server_params.yaml
[0.828s] -- Up-to-date symlink: /home/vivian/map_fuse/install/robot_bringup/share/robot_bringup/maps/serena_30_1.pgm
[0.828s] -- Up-to-date symlink: /home/vivian/map_fuse/install/robot_bringup/share/robot_bringup/maps/serena_30_1.yaml
[0.828s] -- Up-to-date symlink: /home/vivian/map_fuse/install/robot_bringup/share/robot_bringup/maps/serena_map.pgm
[0.829s] -- Up-to-date symlink: /home/vivian/map_fuse/install/robot_bringup/share/robot_bringup/maps/serena_map.yaml
[0.829s] -- Up-to-date symlink: /home/vivian/map_fuse/install/robot_bringup/share/robot_bringup/params/dds_config.xml
[0.829s] -- Up-to-date symlink: /home/vivian/map_fuse/install/robot_bringup/share/robot_bringup/params/live.yaml
[0.831s] -- Up-to-date symlink: /home/vivian/map_fuse/install/robot_bringup/share/robot_bringup/params/mapper_params_online_async.yaml
[0.831s] -- Up-to-date symlink: /home/vivian/map_fuse/install/robot_bringup/share/robot_bringup/params/nav_params.yaml
[0.831s] -- Up-to-date symlink: /home/vivian/map_fuse/install/robot_bringup/share/robot_bringup/params/robot_rviz_config.rviz
[0.832s] -- Up-to-date symlink: /home/vivian/map_fuse/install/robot_bringup/share/robot_bringup/params/slam_toolbox_params.yaml
[0.832s] -- Up-to-date symlink: /home/vivian/map_fuse/install/robot_bringup/lib/robot_bringup/odom_pub_simulation
[0.832s] -- Up-to-date symlink: /home/vivian/map_fuse/install/robot_bringup/share/ament_index/resource_index/package_run_dependencies/robot_bringup
[0.837s] -- Up-to-date symlink: /home/vivian/map_fuse/install/robot_bringup/share/ament_index/resource_index/parent_prefix_path/robot_bringup
[0.838s] -- Up-to-date symlink: /home/vivian/map_fuse/install/robot_bringup/share/robot_bringup/environment/ament_prefix_path.sh
[0.838s] -- Up-to-date symlink: /home/vivian/map_fuse/install/robot_bringup/share/robot_bringup/environment/ament_prefix_path.dsv
[0.838s] -- Up-to-date symlink: /home/vivian/map_fuse/install/robot_bringup/share/robot_bringup/environment/path.sh
[0.838s] -- Up-to-date symlink: /home/vivian/map_fuse/install/robot_bringup/share/robot_bringup/environment/path.dsv
[0.841s] -- Up-to-date symlink: /home/vivian/map_fuse/install/robot_bringup/share/robot_bringup/local_setup.bash
[0.841s] -- Up-to-date symlink: /home/vivian/map_fuse/install/robot_bringup/share/robot_bringup/local_setup.sh
[0.841s] -- Up-to-date symlink: /home/vivian/map_fuse/install/robot_bringup/share/robot_bringup/local_setup.zsh
[0.841s] -- Up-to-date symlink: /home/vivian/map_fuse/install/robot_bringup/share/robot_bringup/local_setup.dsv
[0.842s] -- Symlinking: /home/vivian/map_fuse/install/robot_bringup/share/robot_bringup/package.dsv
[0.842s] -- Up-to-date symlink: /home/vivian/map_fuse/install/robot_bringup/share/ament_index/resource_index/packages/robot_bringup
[0.842s] -- Up-to-date symlink: /home/vivian/map_fuse/install/robot_bringup/share/robot_bringup/cmake/robot_bringupConfig.cmake
[0.842s] -- Up-to-date symlink: /home/vivian/map_fuse/install/robot_bringup/share/robot_bringup/cmake/robot_bringupConfig-version.cmake
[0.843s] -- Up-to-date symlink: /home/vivian/map_fuse/install/robot_bringup/share/robot_bringup/package.xml
[0.923s] Invoked command in '/home/vivian/map_fuse/build/robot_bringup' returned '0': CMAKE_PREFIX_PATH=${CMAKE_PREFIX_PATH}:/home/vivian/map_fuse/install/person_detection:/opt/ros/foxy /usr/bin/cmake --install /home/vivian/map_fuse/build/robot_bringup
