[0.517s] Invoking command in '/home/vivian/map_fuse/build/person_detection': PYTHONPATH=/home/vivian/map_fuse/install/person_detection/lib/python3.8/site-packages:${PYTHONPATH} /usr/bin/python3 setup.py develop --prefix /home/vivian/map_fuse/install/person_detection --editable --build-directory /home/vivian/map_fuse/build/person_detection/build --no-deps install_data --install-dir /home/vivian/map_fuse/install/person_detection
[0.928s] running develop
[1.118s] running egg_info
[1.118s] creating person_detection.egg-info
[1.118s] writing person_detection.egg-info/PKG-INFO
[1.118s] writing dependency_links to person_detection.egg-info/dependency_links.txt
[1.119s] writing entry points to person_detection.egg-info/entry_points.txt
[1.119s] writing requirements to person_detection.egg-info/requires.txt
[1.119s] writing top-level names to person_detection.egg-info/top_level.txt
[1.121s] writing manifest file 'person_detection.egg-info/SOURCES.txt'
[1.173s] reading manifest file 'person_detection.egg-info/SOURCES.txt'
[1.174s] writing manifest file 'person_detection.egg-info/SOURCES.txt'
[1.231s] running build_ext
[1.232s] Creating /home/vivian/map_fuse/install/person_detection/lib/python3.8/site-packages/site.py
[1.235s] Creating /home/vivian/map_fuse/install/person_detection/lib/python3.8/site-packages/person-detection.egg-link (link to .)
[1.236s] Installing detection_node script to /home/vivian/map_fuse/install/person_detection/lib/person_detection
[1.237s] Installing person_box script to /home/vivian/map_fuse/install/person_detection/lib/person_detection
[1.237s] Installing sync script to /home/vivian/map_fuse/install/person_detection/lib/person_detection
[1.237s] 
[1.237s] Installed /home/vivian/map_fuse/build/person_detection
[1.237s] running install_data
[1.238s] creating /home/vivian/map_fuse/install/person_detection/share/ament_index
[1.238s] creating /home/vivian/map_fuse/install/person_detection/share/ament_index/resource_index
[1.238s] creating /home/vivian/map_fuse/install/person_detection/share/ament_index/resource_index/packages
[1.238s] copying resource/person_detection -> /home/vivian/map_fuse/install/person_detection/share/ament_index/resource_index/packages
[1.239s] copying package.xml -> /home/vivian/map_fuse/install/person_detection/share/person_detection
[1.323s] Invoked command in '/home/vivian/map_fuse/build/person_detection' returned '0': PYTHONPATH=/home/vivian/map_fuse/install/person_detection/lib/python3.8/site-packages:${PYTHONPATH} /usr/bin/python3 setup.py develop --prefix /home/vivian/map_fuse/install/person_detection --editable --build-directory /home/vivian/map_fuse/build/person_detection/build --no-deps install_data --install-dir /home/vivian/map_fuse/install/person_detection
