[0.034s] Invoking command in '/home/vivian/map_fuse/build/pointcloud_to_laserscan': CMAKE_PREFIX_PATH=/home/vivian/map_fuse/install/laser_geometry:/home/vivian/map_fuse/install/pointcloud_to_laserscan:/home/vivian/map_fuse/install/cmr_msgs:/home/vivian/map_fuse/install/pc_projection:/home/vivian/map_fuse/install/icp_pc:/home/vivian/map_fuse/install/box_msgs:/home/vivian/map_fuse/install/serena_description:/home/vivian/map_fuse/install/map_fuse:/home/vivian/map_fuse/install/person_detection:/opt/ros/foxy /usr/bin/cmake /home/vivian/map_fuse/src/pointcloud_to_laserscan -DAMENT_CMAKE_SYMLINK_INSTALL=1 -DCMAKE_INSTALL_PREFIX=/home/vivian/map_fuse/install/pointcloud_to_laserscan
[0.150s] -- The C compiler identification is GNU 9.3.0
[0.258s] -- The CXX compiler identification is GNU 9.3.0
[0.268s] -- Check for working C compiler: /usr/bin/cc
[0.387s] -- Check for working C compiler: /usr/bin/cc -- works
[0.393s] -- Detecting C compiler ABI info
[0.496s] -- Detecting C compiler ABI info - done
[0.522s] -- Detecting C compile features
[0.524s] -- Detecting C compile features - done
[0.530s] -- Check for working CXX compiler: /usr/bin/c++
[0.662s] -- Check for working CXX compiler: /usr/bin/c++ -- works
[0.664s] -- Detecting CXX compiler ABI info
[0.797s] -- Detecting CXX compiler ABI info - done
[0.822s] -- Detecting CXX compile features
[0.823s] -- Detecting CXX compile features - done
[0.827s] -- Found ament_cmake: 0.9.8 (/opt/ros/foxy/share/ament_cmake/cmake)
[0.880s] -- Found PythonInterp: /usr/bin/python3 (found suitable version "3.8.5", minimum required is "3") 
[0.880s] -- Using PYTHON_EXECUTABLE: /usr/bin/python3
[1.210s] -- Override CMake install command with custom implementation using symlinks instead of copying resources
[1.253s] -- Found laser_geometry: 0.0.0 (/home/vivian/map_fuse/install/laser_geometry/share/laser_geometry/cmake)
[1.256s] -- Found message_filters: 3.2.5 (/opt/ros/foxy/share/message_filters/cmake)
[1.263s] -- Found rclcpp: 2.3.1 (/opt/ros/foxy/share/rclcpp/cmake)
[1.353s] -- Using all available rosidl_typesupport_c: rosidl_typesupport_fastrtps_c;rosidl_typesupport_introspection_c
[1.367s] -- Found rosidl_adapter: 1.2.1 (/opt/ros/foxy/share/rosidl_adapter/cmake)
[1.534s] -- Found OpenSSL: /usr/lib/x86_64-linux-gnu/libcrypto.so (found version "1.1.1f")  
[1.587s] -- Found FastRTPS: /opt/ros/foxy/include  
[1.734s] -- Using all available rosidl_typesupport_cpp: rosidl_typesupport_fastrtps_cpp;rosidl_typesupport_introspection_cpp
[1.852s] -- Found rmw_implementation_cmake: 1.0.3 (/opt/ros/foxy/share/rmw_implementation_cmake/cmake)
[1.855s] -- Using RMW implementation 'rmw_fastrtps_cpp' as default
[1.856s] -- Looking for pthread.h
[1.975s] -- Looking for pthread.h - found
[1.975s] -- Performing Test CMAKE_HAVE_LIBC_PTHREAD
[2.110s] -- Performing Test CMAKE_HAVE_LIBC_PTHREAD - Failed
[2.110s] -- Looking for pthread_create in pthreads
[2.208s] -- Looking for pthread_create in pthreads - not found
[2.208s] -- Looking for pthread_create in pthread
[2.343s] -- Looking for pthread_create in pthread - found
[2.343s] -- Found Threads: TRUE  
[2.656s] -- Found rclcpp_components: 2.3.1 (/opt/ros/foxy/share/rclcpp_components/cmake)
[2.779s] -- Found sensor_msgs: 2.0.4 (/opt/ros/foxy/share/sensor_msgs/cmake)
[2.998s] -- Found tf2: 0.13.10 (/opt/ros/foxy/share/tf2/cmake)
[3.014s] -- Found tf2_ros: 0.13.10 (/opt/ros/foxy/share/tf2_ros/cmake)
[3.434s] -- Found tf2_sensor_msgs: 0.13.10 (/opt/ros/foxy/share/tf2_sensor_msgs/cmake)
[3.513s] -- Found ament_lint_auto: 0.9.6 (/opt/ros/foxy/share/ament_lint_auto/cmake)
[3.629s] -- Added test 'cppcheck' to perform static code analysis on C / C++ code
[3.630s] -- Configured cppcheck include dirs: /home/vivian/map_fuse/src/pointcloud_to_laserscan/include
[3.630s] -- Configured cppcheck exclude dirs and/or files: 
[3.633s] -- Added test 'cpplint' to check C / C++ code against the Google style
[3.633s] -- Configured cpplint exclude dirs and/or files: 
[3.635s] -- Added test 'flake8' to check Python code syntax and style conventions
[3.636s] -- Added test 'lint_cmake' to check CMake code style
[3.638s] -- Added test 'pep257' to check Python code against some of the style conventions in PEP 257
[3.642s] -- Added test 'uncrustify' to check C / C++ code style
[3.642s] -- Configured uncrustify additional arguments: 
[3.643s] -- Added test 'xmllint' to check XML markup files
[3.649s] -- Configuring done
[3.700s] -- Generating done
[3.702s] -- Build files have been written to: /home/vivian/map_fuse/build/pointcloud_to_laserscan
[3.716s] Invoked command in '/home/vivian/map_fuse/build/pointcloud_to_laserscan' returned '0': CMAKE_PREFIX_PATH=/home/vivian/map_fuse/install/laser_geometry:/home/vivian/map_fuse/install/pointcloud_to_laserscan:/home/vivian/map_fuse/install/cmr_msgs:/home/vivian/map_fuse/install/pc_projection:/home/vivian/map_fuse/install/icp_pc:/home/vivian/map_fuse/install/box_msgs:/home/vivian/map_fuse/install/serena_description:/home/vivian/map_fuse/install/map_fuse:/home/vivian/map_fuse/install/person_detection:/opt/ros/foxy /usr/bin/cmake /home/vivian/map_fuse/src/pointcloud_to_laserscan -DAMENT_CMAKE_SYMLINK_INSTALL=1 -DCMAKE_INSTALL_PREFIX=/home/vivian/map_fuse/install/pointcloud_to_laserscan
[3.719s] Invoking command in '/home/vivian/map_fuse/build/pointcloud_to_laserscan': CMAKE_PREFIX_PATH=/home/vivian/map_fuse/install/laser_geometry:/home/vivian/map_fuse/install/pointcloud_to_laserscan:/home/vivian/map_fuse/install/cmr_msgs:/home/vivian/map_fuse/install/pc_projection:/home/vivian/map_fuse/install/icp_pc:/home/vivian/map_fuse/install/box_msgs:/home/vivian/map_fuse/install/serena_description:/home/vivian/map_fuse/install/map_fuse:/home/vivian/map_fuse/install/person_detection:/opt/ros/foxy /usr/bin/cmake --build /home/vivian/map_fuse/build/pointcloud_to_laserscan -- -j12 -l12
[3.786s] [35m[1mScanning dependencies of target pointcloud_to_laserscan[0m
[3.787s] [35m[1mScanning dependencies of target laserscan_to_pointcloud[0m
[3.787s] [35m[1mScanning dependencies of target dummy_pointcloud_publisher[0m
[3.796s] [35m[1mScanning dependencies of target laserscan_to_pointcloud_node[0m
[3.800s] [35m[1mScanning dependencies of target pointcloud_to_laserscan_node[0m
[3.860s] [ 10%] [32mBuilding CXX object CMakeFiles/dummy_pointcloud_publisher.dir/src/dummy_pointcloud_publisher.cpp.o[0m
[3.897s] [ 20%] [32mBuilding CXX object CMakeFiles/pointcloud_to_laserscan_node.dir/rclcpp_components/node_main_pointcloud_to_laserscan_node.cpp.o[0m
[3.913s] [ 30%] [32mBuilding CXX object CMakeFiles/pointcloud_to_laserscan.dir/src/pointcloud_to_laserscan_node.cpp.o[0m
[3.928s] [ 40%] [32mBuilding CXX object CMakeFiles/laserscan_to_pointcloud_node.dir/rclcpp_components/node_main_laserscan_to_pointcloud_node.cpp.o[0m
[3.969s] [ 50%] [32mBuilding CXX object CMakeFiles/laserscan_to_pointcloud.dir/src/laserscan_to_pointcloud_node.cpp.o[0m
[7.894s] [ 60%] [32m[1mLinking CXX executable laserscan_to_pointcloud_node[0m
[8.295s] [ 60%] Built target laserscan_to_pointcloud_node
[8.427s] [ 70%] [32m[1mLinking CXX executable pointcloud_to_laserscan_node[0m
[8.894s] [ 70%] Built target pointcloud_to_laserscan_node
[10.203s] [ 80%] [32m[1mLinking CXX executable dummy_pointcloud_publisher[0m
[10.743s] [ 80%] Built target dummy_pointcloud_publisher
[18.564s] [ 90%] [32m[1mLinking CXX shared library libpointcloud_to_laserscan.so[0m
[19.328s] [ 90%] Built target pointcloud_to_laserscan
[19.395s] [100%] [32m[1mLinking CXX shared library liblaserscan_to_pointcloud.so[0m
[20.224s] [100%] Built target laserscan_to_pointcloud
[20.241s] Invoked command in '/home/vivian/map_fuse/build/pointcloud_to_laserscan' returned '0': CMAKE_PREFIX_PATH=/home/vivian/map_fuse/install/laser_geometry:/home/vivian/map_fuse/install/pointcloud_to_laserscan:/home/vivian/map_fuse/install/cmr_msgs:/home/vivian/map_fuse/install/pc_projection:/home/vivian/map_fuse/install/icp_pc:/home/vivian/map_fuse/install/box_msgs:/home/vivian/map_fuse/install/serena_description:/home/vivian/map_fuse/install/map_fuse:/home/vivian/map_fuse/install/person_detection:/opt/ros/foxy /usr/bin/cmake --build /home/vivian/map_fuse/build/pointcloud_to_laserscan -- -j12 -l12
[20.292s] Invoking command in '/home/vivian/map_fuse/build/pointcloud_to_laserscan': CMAKE_PREFIX_PATH=/home/vivian/map_fuse/install/laser_geometry:/home/vivian/map_fuse/install/pointcloud_to_laserscan:/home/vivian/map_fuse/install/cmr_msgs:/home/vivian/map_fuse/install/pc_projection:/home/vivian/map_fuse/install/icp_pc:/home/vivian/map_fuse/install/box_msgs:/home/vivian/map_fuse/install/serena_description:/home/vivian/map_fuse/install/map_fuse:/home/vivian/map_fuse/install/person_detection:/opt/ros/foxy /usr/bin/cmake --install /home/vivian/map_fuse/build/pointcloud_to_laserscan
[20.304s] -- Install configuration: ""
[20.304s] -- Execute custom install script
[20.305s] -- Symlinking: /home/vivian/map_fuse/install/pointcloud_to_laserscan/lib/pointcloud_to_laserscan/laserscan_to_pointcloud_node
[20.318s] -- Symlinking: /home/vivian/map_fuse/install/pointcloud_to_laserscan/lib/pointcloud_to_laserscan/pointcloud_to_laserscan_node
[20.332s] -- Symlinking: /home/vivian/map_fuse/install/pointcloud_to_laserscan/lib/liblaserscan_to_pointcloud.so
[20.345s] -- Symlinking: /home/vivian/map_fuse/install/pointcloud_to_laserscan/lib/libpointcloud_to_laserscan.so
[20.358s] -- Symlinking: /home/vivian/map_fuse/install/pointcloud_to_laserscan/lib/pointcloud_to_laserscan/dummy_pointcloud_publisher
[20.372s] -- Symlinking: /home/vivian/map_fuse/install/pointcloud_to_laserscan/include/include/pointcloud_to_laserscan/laserscan_to_pointcloud_node.hpp
[20.384s] -- Symlinking: /home/vivian/map_fuse/install/pointcloud_to_laserscan/include/include/pointcloud_to_laserscan/pointcloud_to_laserscan_node.hpp
[20.396s] -- Symlinking: /home/vivian/map_fuse/install/pointcloud_to_laserscan/include/include/pointcloud_to_laserscan/visibility_control.h
[20.409s] -- Symlinking: /home/vivian/map_fuse/install/pointcloud_to_laserscan/share/pointcloud_to_laserscan/launch/laserscan_to_pointcloud_launch.py
[20.422s] -- Symlinking: /home/vivian/map_fuse/install/pointcloud_to_laserscan/share/pointcloud_to_laserscan/launch/sample_laserscan_to_pointcloud_launch.py
[20.434s] -- Symlinking: /home/vivian/map_fuse/install/pointcloud_to_laserscan/share/pointcloud_to_laserscan/launch/sample_pointcloud_to_laserscan_launch.py
[20.448s] -- Symlinking: /home/vivian/map_fuse/install/pointcloud_to_laserscan/share/ament_index/resource_index/package_run_dependencies/pointcloud_to_laserscan
[20.460s] -- Symlinking: /home/vivian/map_fuse/install/pointcloud_to_laserscan/share/ament_index/resource_index/parent_prefix_path/pointcloud_to_laserscan
[20.474s] -- Symlinking: /home/vivian/map_fuse/install/pointcloud_to_laserscan/share/pointcloud_to_laserscan/environment/ament_prefix_path.sh
[20.486s] -- Symlinking: /home/vivian/map_fuse/install/pointcloud_to_laserscan/share/pointcloud_to_laserscan/environment/ament_prefix_path.dsv
[20.498s] -- Symlinking: /home/vivian/map_fuse/install/pointcloud_to_laserscan/share/pointcloud_to_laserscan/environment/path.sh
[20.512s] -- Symlinking: /home/vivian/map_fuse/install/pointcloud_to_laserscan/share/pointcloud_to_laserscan/environment/path.dsv
[20.528s] -- Symlinking: /home/vivian/map_fuse/install/pointcloud_to_laserscan/share/pointcloud_to_laserscan/local_setup.bash
[20.541s] -- Symlinking: /home/vivian/map_fuse/install/pointcloud_to_laserscan/share/pointcloud_to_laserscan/local_setup.sh
[20.556s] -- Symlinking: /home/vivian/map_fuse/install/pointcloud_to_laserscan/share/pointcloud_to_laserscan/local_setup.zsh
[20.568s] -- Symlinking: /home/vivian/map_fuse/install/pointcloud_to_laserscan/share/pointcloud_to_laserscan/local_setup.dsv
[20.583s] -- Symlinking: /home/vivian/map_fuse/install/pointcloud_to_laserscan/share/pointcloud_to_laserscan/package.dsv
[20.597s] -- Symlinking: /home/vivian/map_fuse/install/pointcloud_to_laserscan/share/ament_index/resource_index/packages/pointcloud_to_laserscan
[20.612s] -- Symlinking: /home/vivian/map_fuse/install/pointcloud_to_laserscan/share/ament_index/resource_index/rclcpp_components/pointcloud_to_laserscan
[20.624s] -- Symlinking: /home/vivian/map_fuse/install/pointcloud_to_laserscan/share/pointcloud_to_laserscan/cmake/pointcloud_to_laserscanConfig.cmake
[20.638s] -- Symlinking: /home/vivian/map_fuse/install/pointcloud_to_laserscan/share/pointcloud_to_laserscan/cmake/pointcloud_to_laserscanConfig-version.cmake
[20.651s] -- Symlinking: /home/vivian/map_fuse/install/pointcloud_to_laserscan/share/pointcloud_to_laserscan/package.xml
[20.668s] Invoked command in '/home/vivian/map_fuse/build/pointcloud_to_laserscan' returned '0': CMAKE_PREFIX_PATH=/home/vivian/map_fuse/install/laser_geometry:/home/vivian/map_fuse/install/pointcloud_to_laserscan:/home/vivian/map_fuse/install/cmr_msgs:/home/vivian/map_fuse/install/pc_projection:/home/vivian/map_fuse/install/icp_pc:/home/vivian/map_fuse/install/box_msgs:/home/vivian/map_fuse/install/serena_description:/home/vivian/map_fuse/install/map_fuse:/home/vivian/map_fuse/install/person_detection:/opt/ros/foxy /usr/bin/cmake --install /home/vivian/map_fuse/build/pointcloud_to_laserscan
