[0.032s] Invoking command in '/home/vivian/map_fuse/build/pc_fuse': CMAKE_PREFIX_PATH=/home/vivian/map_fuse/install/box_msgs:/home/vivian/map_fuse/install/pointcloud_to_laserscan:/home/vivian/map_fuse/install/cmr_msgs:/home/vivian/map_fuse/install/pc_projection:/home/vivian/map_fuse/install/laser_geometry:/home/vivian/map_fuse/install/icp_pc:/home/vivian/map_fuse/install/serena_description:/home/vivian/map_fuse/install/map_fuse:/home/vivian/map_fuse/install/person_detection:/opt/ros/foxy LD_LIBRARY_PATH=/home/vivian/map_fuse/install/box_msgs/lib:/home/vivian/map_fuse/install/pointcloud_to_laserscan/lib:/home/vivian/map_fuse/install/cmr_msgs/lib:/opt/ros/foxy/opt/yaml_cpp_vendor/lib:/opt/ros/foxy/opt/rviz_ogre_vendor/lib:/opt/ros/foxy/lib/x86_64-linux-gnu:/opt/ros/foxy/lib PYTHONPATH=/home/vivian/map_fuse/install/box_msgs/lib/python3.8/site-packages:/home/vivian/map_fuse/install/cmr_msgs/lib/python3.8/site-packages:/home/vivian/map_fuse/build/person_detection:/home/vivian/map_fuse/install/person_detection/lib/python3.8/site-packages:/opt/ros/foxy/lib/python3.8/site-packages /usr/bin/cmake --build /home/vivian/map_fuse/build/pc_fuse -- -j12 -l12
[0.140s] [ 33%] Built target box_time_node
[0.160s] [ 66%] Built target pc_fuse_node
[0.162s] [100%] Built target person_remove_node
[0.218s] Invoked command in '/home/vivian/map_fuse/build/pc_fuse' returned '0': CMAKE_PREFIX_PATH=/home/vivian/map_fuse/install/box_msgs:/home/vivian/map_fuse/install/pointcloud_to_laserscan:/home/vivian/map_fuse/install/cmr_msgs:/home/vivian/map_fuse/install/pc_projection:/home/vivian/map_fuse/install/laser_geometry:/home/vivian/map_fuse/install/icp_pc:/home/vivian/map_fuse/install/serena_description:/home/vivian/map_fuse/install/map_fuse:/home/vivian/map_fuse/install/person_detection:/opt/ros/foxy LD_LIBRARY_PATH=/home/vivian/map_fuse/install/box_msgs/lib:/home/vivian/map_fuse/install/pointcloud_to_laserscan/lib:/home/vivian/map_fuse/install/cmr_msgs/lib:/opt/ros/foxy/opt/yaml_cpp_vendor/lib:/opt/ros/foxy/opt/rviz_ogre_vendor/lib:/opt/ros/foxy/lib/x86_64-linux-gnu:/opt/ros/foxy/lib PYTHONPATH=/home/vivian/map_fuse/install/box_msgs/lib/python3.8/site-packages:/home/vivian/map_fuse/install/cmr_msgs/lib/python3.8/site-packages:/home/vivian/map_fuse/build/person_detection:/home/vivian/map_fuse/install/person_detection/lib/python3.8/site-packages:/opt/ros/foxy/lib/python3.8/site-packages /usr/bin/cmake --build /home/vivian/map_fuse/build/pc_fuse -- -j12 -l12
[0.264s] Invoking command in '/home/vivian/map_fuse/build/pc_fuse': CMAKE_PREFIX_PATH=/home/vivian/map_fuse/install/box_msgs:/home/vivian/map_fuse/install/pointcloud_to_laserscan:/home/vivian/map_fuse/install/cmr_msgs:/home/vivian/map_fuse/install/pc_projection:/home/vivian/map_fuse/install/laser_geometry:/home/vivian/map_fuse/install/icp_pc:/home/vivian/map_fuse/install/serena_description:/home/vivian/map_fuse/install/map_fuse:/home/vivian/map_fuse/install/person_detection:/opt/ros/foxy LD_LIBRARY_PATH=/home/vivian/map_fuse/install/box_msgs/lib:/home/vivian/map_fuse/install/pointcloud_to_laserscan/lib:/home/vivian/map_fuse/install/cmr_msgs/lib:/opt/ros/foxy/opt/yaml_cpp_vendor/lib:/opt/ros/foxy/opt/rviz_ogre_vendor/lib:/opt/ros/foxy/lib/x86_64-linux-gnu:/opt/ros/foxy/lib PYTHONPATH=/home/vivian/map_fuse/install/box_msgs/lib/python3.8/site-packages:/home/vivian/map_fuse/install/cmr_msgs/lib/python3.8/site-packages:/home/vivian/map_fuse/build/person_detection:/home/vivian/map_fuse/install/person_detection/lib/python3.8/site-packages:/opt/ros/foxy/lib/python3.8/site-packages /usr/bin/cmake --install /home/vivian/map_fuse/build/pc_fuse
[0.278s] -- Install configuration: ""
[0.279s] -- Execute custom install script
[0.279s] -- Up-to-date symlink: /home/vivian/map_fuse/install/pc_fuse/lib/pc_fuse/pc_fuse_node
[0.281s] -- Up-to-date symlink: /home/vivian/map_fuse/install/pc_fuse/lib/pc_fuse/person_remove_node
[0.281s] -- Up-to-date symlink: /home/vivian/map_fuse/install/pc_fuse/lib/pc_fuse/box_time_node
[0.281s] -- Up-to-date symlink: /home/vivian/map_fuse/install/pc_fuse/share/pc_fuse/launch/fused_pointcloud_launch.py
[0.282s] -- Up-to-date symlink: /home/vivian/map_fuse/install/pc_fuse/share/pc_fuse/launch/person_remove_launch.py
[0.282s] -- Up-to-date symlink: /home/vivian/map_fuse/install/pc_fuse/share/pc_fuse/launch/pointcloud_to_laserscan_launch.py
[0.282s] -- Up-to-date symlink: /home/vivian/map_fuse/install/pc_fuse/share/ament_index/resource_index/package_run_dependencies/pc_fuse
[0.282s] -- Up-to-date symlink: /home/vivian/map_fuse/install/pc_fuse/share/ament_index/resource_index/parent_prefix_path/pc_fuse
[0.283s] -- Up-to-date symlink: /home/vivian/map_fuse/install/pc_fuse/share/pc_fuse/environment/ament_prefix_path.sh
[0.283s] -- Up-to-date symlink: /home/vivian/map_fuse/install/pc_fuse/share/pc_fuse/environment/ament_prefix_path.dsv
[0.284s] -- Up-to-date symlink: /home/vivian/map_fuse/install/pc_fuse/share/pc_fuse/environment/path.sh
[0.284s] -- Up-to-date symlink: /home/vivian/map_fuse/install/pc_fuse/share/pc_fuse/environment/path.dsv
[0.284s] -- Up-to-date symlink: /home/vivian/map_fuse/install/pc_fuse/share/pc_fuse/local_setup.bash
[0.284s] -- Up-to-date symlink: /home/vivian/map_fuse/install/pc_fuse/share/pc_fuse/local_setup.sh
[0.284s] -- Up-to-date symlink: /home/vivian/map_fuse/install/pc_fuse/share/pc_fuse/local_setup.zsh
[0.284s] -- Up-to-date symlink: /home/vivian/map_fuse/install/pc_fuse/share/pc_fuse/local_setup.dsv
[0.285s] -- Symlinking: /home/vivian/map_fuse/install/pc_fuse/share/pc_fuse/package.dsv
[0.303s] -- Up-to-date symlink: /home/vivian/map_fuse/install/pc_fuse/share/ament_index/resource_index/packages/pc_fuse
[0.304s] -- Up-to-date symlink: /home/vivian/map_fuse/install/pc_fuse/share/pc_fuse/cmake/pc_fuseConfig.cmake
[0.304s] -- Up-to-date symlink: /home/vivian/map_fuse/install/pc_fuse/share/pc_fuse/cmake/pc_fuseConfig-version.cmake
[0.304s] -- Up-to-date symlink: /home/vivian/map_fuse/install/pc_fuse/share/pc_fuse/package.xml
[0.310s] Invoked command in '/home/vivian/map_fuse/build/pc_fuse' returned '0': CMAKE_PREFIX_PATH=/home/vivian/map_fuse/install/box_msgs:/home/vivian/map_fuse/install/pointcloud_to_laserscan:/home/vivian/map_fuse/install/cmr_msgs:/home/vivian/map_fuse/install/pc_projection:/home/vivian/map_fuse/install/laser_geometry:/home/vivian/map_fuse/install/icp_pc:/home/vivian/map_fuse/install/serena_description:/home/vivian/map_fuse/install/map_fuse:/home/vivian/map_fuse/install/person_detection:/opt/ros/foxy LD_LIBRARY_PATH=/home/vivian/map_fuse/install/box_msgs/lib:/home/vivian/map_fuse/install/pointcloud_to_laserscan/lib:/home/vivian/map_fuse/install/cmr_msgs/lib:/opt/ros/foxy/opt/yaml_cpp_vendor/lib:/opt/ros/foxy/opt/rviz_ogre_vendor/lib:/opt/ros/foxy/lib/x86_64-linux-gnu:/opt/ros/foxy/lib PYTHONPATH=/home/vivian/map_fuse/install/box_msgs/lib/python3.8/site-packages:/home/vivian/map_fuse/install/cmr_msgs/lib/python3.8/site-packages:/home/vivian/map_fuse/build/person_detection:/home/vivian/map_fuse/install/person_detection/lib/python3.8/site-packages:/opt/ros/foxy/lib/python3.8/site-packages /usr/bin/cmake --install /home/vivian/map_fuse/build/pc_fuse
