[0.103s] Invoking command in '/home/vivian/map_fuse/build/cmr_msgs': CMAKE_PREFIX_PATH=${CMAKE_PREFIX_PATH}:/home/vivian/map_fuse/install/person_detection:/opt/ros/foxy /usr/bin/cmake /home/vivian/map_fuse/src/cmr_msgs -DAMENT_CMAKE_SYMLINK_INSTALL=1 -DCMAKE_INSTALL_PREFIX=/home/vivian/map_fuse/install/cmr_msgs
[0.633s] -- Found ament_cmake: 0.9.8 (/opt/ros/foxy/share/ament_cmake/cmake)
[0.633s] -- Found PythonInterp: /usr/bin/python3 (found suitable version "3.8.5", minimum required is "3") 
[0.633s] -- Using PYTHON_EXECUTABLE: /usr/bin/python3
[0.633s] -- Override CMake install command with custom implementation using symlinks instead of copying resources
[0.633s] -- Found std_msgs: 2.0.4 (/opt/ros/foxy/share/std_msgs/cmake)
[0.633s] -- Using all available rosidl_typesupport_c: rosidl_typesupport_fastrtps_c;rosidl_typesupport_introspection_c
[0.634s] -- Found rosidl_adapter: 1.2.1 (/opt/ros/foxy/share/rosidl_adapter/cmake)
[0.823s] -- Using all available rosidl_typesupport_cpp: rosidl_typesupport_fastrtps_cpp;rosidl_typesupport_introspection_cpp
[0.925s] -- Found rosidl_default_generators: 1.0.1 (/opt/ros/foxy/share/rosidl_default_generators/cmake)
[0.944s] -- Found action_msgs: 1.0.0 (/opt/ros/foxy/share/action_msgs/cmake)
[1.099s] -- Found PythonInterp: /usr/bin/python3 (found version "3.8.5") 
[1.537s] -- Found ament_cmake_ros: 0.9.1 (/opt/ros/foxy/share/ament_cmake_ros/cmake)
[1.919s] -- Using all available rosidl_typesupport_c: rosidl_typesupport_fastrtps_c;rosidl_typesupport_introspection_c
[2.083s] -- Using all available rosidl_typesupport_cpp: rosidl_typesupport_fastrtps_cpp;rosidl_typesupport_introspection_cpp
[2.142s] -- Found PythonInterp: /usr/bin/python3 (found suitable version "3.8.5", minimum required is "3.5") 
[2.143s] -- Found python_cmake_module: 0.8.1 (/opt/ros/foxy/share/python_cmake_module/cmake)
[2.192s] -- Using PYTHON_EXECUTABLE: /usr/bin/python3
[2.192s] -- Using PYTHON_INCLUDE_DIRS: /usr/include/python3.8
[2.192s] -- Using PYTHON_LIBRARIES: /usr/lib/x86_64-linux-gnu/libpython3.8.so
[2.326s] -- Configuring done
[2.472s] -- Generating done
[2.479s] -- Build files have been written to: /home/vivian/map_fuse/build/cmr_msgs
[2.499s] Invoked command in '/home/vivian/map_fuse/build/cmr_msgs' returned '0': CMAKE_PREFIX_PATH=${CMAKE_PREFIX_PATH}:/home/vivian/map_fuse/install/person_detection:/opt/ros/foxy /usr/bin/cmake /home/vivian/map_fuse/src/cmr_msgs -DAMENT_CMAKE_SYMLINK_INSTALL=1 -DCMAKE_INSTALL_PREFIX=/home/vivian/map_fuse/install/cmr_msgs
[2.500s] Invoking command in '/home/vivian/map_fuse/build/cmr_msgs': CMAKE_PREFIX_PATH=${CMAKE_PREFIX_PATH}:/home/vivian/map_fuse/install/person_detection:/opt/ros/foxy /usr/bin/cmake --build /home/vivian/map_fuse/build/cmr_msgs -- -j12 -l12
[2.592s] [  1%] Built target cmr_msgs__cpp
[2.607s] [ 12%] Built target cmr_msgs__rosidl_generator_c
[2.655s] [ 24%] Built target cmr_msgs__rosidl_typesupport_cpp
[2.658s] [ 35%] Built target cmr_msgs__rosidl_typesupport_introspection_cpp
[2.670s] [ 49%] Built target cmr_msgs__rosidl_typesupport_c
[2.670s] [ 58%] Built target cmr_msgs__rosidl_typesupport_introspection_c
[2.673s] [ 70%] Built target cmr_msgs__rosidl_typesupport_fastrtps_cpp
[2.728s] [ 81%] Built target cmr_msgs__rosidl_typesupport_fastrtps_c
[2.763s] [ 81%] Built target cmr_msgs
[2.797s] [ 82%] Built target cmr_msgs__py
[2.849s] [ 93%] Built target cmr_msgs__python
[2.893s] [ 97%] Built target cmr_msgs__rosidl_typesupport_introspection_c__pyext
[2.893s] [ 97%] Built target cmr_msgs__rosidl_typesupport_c__pyext
[2.896s] [100%] Built target cmr_msgs__rosidl_typesupport_fastrtps_c__pyext
[2.915s] Invoked command in '/home/vivian/map_fuse/build/cmr_msgs' returned '0': CMAKE_PREFIX_PATH=${CMAKE_PREFIX_PATH}:/home/vivian/map_fuse/install/person_detection:/opt/ros/foxy /usr/bin/cmake --build /home/vivian/map_fuse/build/cmr_msgs -- -j12 -l12
[3.183s] Invoking command in '/home/vivian/map_fuse/build/cmr_msgs': CMAKE_PREFIX_PATH=${CMAKE_PREFIX_PATH}:/home/vivian/map_fuse/install/person_detection:/opt/ros/foxy /usr/bin/cmake --install /home/vivian/map_fuse/build/cmr_msgs
[3.197s] -- Install configuration: ""
[3.198s] -- Execute custom install script
[3.199s] -- Up-to-date symlink: /home/vivian/map_fuse/install/cmr_msgs/share/ament_index/resource_index/rosidl_interfaces/cmr_msgs
[3.201s] -- Up-to-date symlink: /home/vivian/map_fuse/install/cmr_msgs/include/cmr_msgs/action/detail/linear_move__functions.h
[3.201s] -- Up-to-date symlink: /home/vivian/map_fuse/install/cmr_msgs/include/cmr_msgs/action/detail/linear_move__struct.h
[3.201s] -- Up-to-date symlink: /home/vivian/map_fuse/install/cmr_msgs/include/cmr_msgs/action/detail/linear_move__type_support.h
[3.201s] -- Up-to-date symlink: /home/vivian/map_fuse/install/cmr_msgs/include/cmr_msgs/action/linear_move.h
[3.201s] -- Up-to-date symlink: /home/vivian/map_fuse/install/cmr_msgs/include/cmr_msgs/msg/detail/joint_state__functions.h
[3.202s] -- Up-to-date symlink: /home/vivian/map_fuse/install/cmr_msgs/include/cmr_msgs/msg/detail/joint_state__struct.h
[3.202s] -- Up-to-date symlink: /home/vivian/map_fuse/install/cmr_msgs/include/cmr_msgs/msg/detail/joint_state__type_support.h
[3.202s] -- Up-to-date symlink: /home/vivian/map_fuse/install/cmr_msgs/include/cmr_msgs/msg/detail/lifting_mech__functions.h
[3.202s] -- Up-to-date symlink: /home/vivian/map_fuse/install/cmr_msgs/include/cmr_msgs/msg/detail/lifting_mech__struct.h
[3.203s] -- Up-to-date symlink: /home/vivian/map_fuse/install/cmr_msgs/include/cmr_msgs/msg/detail/lifting_mech__type_support.h
[3.203s] -- Up-to-date symlink: /home/vivian/map_fuse/install/cmr_msgs/include/cmr_msgs/msg/detail/location_type__functions.h
[3.203s] -- Up-to-date symlink: /home/vivian/map_fuse/install/cmr_msgs/include/cmr_msgs/msg/detail/location_type__struct.h
[3.204s] -- Up-to-date symlink: /home/vivian/map_fuse/install/cmr_msgs/include/cmr_msgs/msg/detail/location_type__type_support.h
[3.204s] -- Up-to-date symlink: /home/vivian/map_fuse/install/cmr_msgs/include/cmr_msgs/msg/detail/maxon_status__functions.h
[3.204s] -- Up-to-date symlink: /home/vivian/map_fuse/install/cmr_msgs/include/cmr_msgs/msg/detail/maxon_status__struct.h
[3.204s] -- Up-to-date symlink: /home/vivian/map_fuse/install/cmr_msgs/include/cmr_msgs/msg/detail/maxon_status__type_support.h
[3.205s] -- Up-to-date symlink: /home/vivian/map_fuse/install/cmr_msgs/include/cmr_msgs/msg/detail/state_change__functions.h
[3.205s] -- Up-to-date symlink: /home/vivian/map_fuse/install/cmr_msgs/include/cmr_msgs/msg/detail/state_change__struct.h
[3.205s] -- Up-to-date symlink: /home/vivian/map_fuse/install/cmr_msgs/include/cmr_msgs/msg/detail/state_change__type_support.h
[3.206s] -- Up-to-date symlink: /home/vivian/map_fuse/install/cmr_msgs/include/cmr_msgs/msg/joint_state.h
[3.206s] -- Up-to-date symlink: /home/vivian/map_fuse/install/cmr_msgs/include/cmr_msgs/msg/lifting_mech.h
[3.206s] -- Up-to-date symlink: /home/vivian/map_fuse/install/cmr_msgs/include/cmr_msgs/msg/location_type.h
[3.206s] -- Up-to-date symlink: /home/vivian/map_fuse/install/cmr_msgs/include/cmr_msgs/msg/maxon_status.h
[3.206s] -- Up-to-date symlink: /home/vivian/map_fuse/install/cmr_msgs/include/cmr_msgs/msg/rosidl_generator_c__visibility_control.h
[3.207s] -- Up-to-date symlink: /home/vivian/map_fuse/install/cmr_msgs/include/cmr_msgs/msg/state_change.h
[3.207s] -- Up-to-date symlink: /home/vivian/map_fuse/install/cmr_msgs/include/cmr_msgs/srv/detail/maxon_controlword__functions.h
[3.207s] -- Up-to-date symlink: /home/vivian/map_fuse/install/cmr_msgs/include/cmr_msgs/srv/detail/maxon_controlword__struct.h
[3.207s] -- Up-to-date symlink: /home/vivian/map_fuse/install/cmr_msgs/include/cmr_msgs/srv/detail/maxon_controlword__type_support.h
[3.208s] -- Up-to-date symlink: /home/vivian/map_fuse/install/cmr_msgs/include/cmr_msgs/srv/detail/signal_task__functions.h
[3.208s] -- Up-to-date symlink: /home/vivian/map_fuse/install/cmr_msgs/include/cmr_msgs/srv/detail/signal_task__struct.h
[3.208s] -- Up-to-date symlink: /home/vivian/map_fuse/install/cmr_msgs/include/cmr_msgs/srv/detail/signal_task__type_support.h
[3.209s] -- Up-to-date symlink: /home/vivian/map_fuse/install/cmr_msgs/include/cmr_msgs/srv/maxon_controlword.h
[3.209s] -- Up-to-date symlink: /home/vivian/map_fuse/install/cmr_msgs/include/cmr_msgs/srv/signal_task.h
[3.209s] -- Up-to-date symlink: /home/vivian/map_fuse/install/cmr_msgs/share/cmr_msgs/environment/library_path.sh
[3.210s] -- Up-to-date symlink: /home/vivian/map_fuse/install/cmr_msgs/share/cmr_msgs/environment/library_path.dsv
[3.213s] -- Up-to-date symlink: /home/vivian/map_fuse/install/cmr_msgs/include/cmr_msgs/action/detail/linear_move__rosidl_typesupport_fastrtps_c.h
[3.213s] -- Up-to-date symlink: /home/vivian/map_fuse/install/cmr_msgs/include/cmr_msgs/msg/detail/joint_state__rosidl_typesupport_fastrtps_c.h
[3.214s] -- Up-to-date symlink: /home/vivian/map_fuse/install/cmr_msgs/include/cmr_msgs/msg/detail/lifting_mech__rosidl_typesupport_fastrtps_c.h
[3.214s] -- Up-to-date symlink: /home/vivian/map_fuse/install/cmr_msgs/include/cmr_msgs/msg/detail/location_type__rosidl_typesupport_fastrtps_c.h
[3.215s] -- Up-to-date symlink: /home/vivian/map_fuse/install/cmr_msgs/include/cmr_msgs/msg/detail/maxon_status__rosidl_typesupport_fastrtps_c.h
[3.215s] -- Up-to-date symlink: /home/vivian/map_fuse/install/cmr_msgs/include/cmr_msgs/msg/detail/state_change__rosidl_typesupport_fastrtps_c.h
[3.215s] -- Up-to-date symlink: /home/vivian/map_fuse/install/cmr_msgs/include/cmr_msgs/msg/rosidl_typesupport_fastrtps_c__visibility_control.h
[3.217s] -- Up-to-date symlink: /home/vivian/map_fuse/install/cmr_msgs/include/cmr_msgs/srv/detail/maxon_controlword__rosidl_typesupport_fastrtps_c.h
[3.217s] -- Up-to-date symlink: /home/vivian/map_fuse/install/cmr_msgs/include/cmr_msgs/srv/detail/signal_task__rosidl_typesupport_fastrtps_c.h
[3.217s] -- Up-to-date symlink: /home/vivian/map_fuse/install/cmr_msgs/lib/libcmr_msgs__rosidl_typesupport_fastrtps_c.so
[3.217s] -- Up-to-date symlink: /home/vivian/map_fuse/install/cmr_msgs/include/cmr_msgs/action/detail/linear_move__rosidl_typesupport_fastrtps_cpp.hpp
[3.217s] -- Up-to-date symlink: /home/vivian/map_fuse/install/cmr_msgs/include/cmr_msgs/msg/detail/joint_state__rosidl_typesupport_fastrtps_cpp.hpp
[3.217s] -- Up-to-date symlink: /home/vivian/map_fuse/install/cmr_msgs/include/cmr_msgs/msg/detail/lifting_mech__rosidl_typesupport_fastrtps_cpp.hpp
[3.218s] -- Up-to-date symlink: /home/vivian/map_fuse/install/cmr_msgs/include/cmr_msgs/msg/detail/location_type__rosidl_typesupport_fastrtps_cpp.hpp
[3.218s] -- Up-to-date symlink: /home/vivian/map_fuse/install/cmr_msgs/include/cmr_msgs/msg/detail/maxon_status__rosidl_typesupport_fastrtps_cpp.hpp
[3.218s] -- Up-to-date symlink: /home/vivian/map_fuse/install/cmr_msgs/include/cmr_msgs/msg/detail/state_change__rosidl_typesupport_fastrtps_cpp.hpp
[3.218s] -- Up-to-date symlink: /home/vivian/map_fuse/install/cmr_msgs/include/cmr_msgs/msg/rosidl_typesupport_fastrtps_cpp__visibility_control.h
[3.218s] -- Up-to-date symlink: /home/vivian/map_fuse/install/cmr_msgs/include/cmr_msgs/srv/detail/maxon_controlword__rosidl_typesupport_fastrtps_cpp.hpp
[3.218s] -- Up-to-date symlink: /home/vivian/map_fuse/install/cmr_msgs/include/cmr_msgs/srv/detail/signal_task__rosidl_typesupport_fastrtps_cpp.hpp
[3.218s] -- Up-to-date symlink: /home/vivian/map_fuse/install/cmr_msgs/lib/libcmr_msgs__rosidl_typesupport_fastrtps_cpp.so
[3.220s] -- Up-to-date symlink: /home/vivian/map_fuse/install/cmr_msgs/include/cmr_msgs/action/detail/linear_move__rosidl_typesupport_introspection_c.h
[3.220s] -- Up-to-date symlink: /home/vivian/map_fuse/install/cmr_msgs/include/cmr_msgs/msg/detail/joint_state__rosidl_typesupport_introspection_c.h
[3.220s] -- Up-to-date symlink: /home/vivian/map_fuse/install/cmr_msgs/include/cmr_msgs/msg/detail/lifting_mech__rosidl_typesupport_introspection_c.h
[3.220s] -- Up-to-date symlink: /home/vivian/map_fuse/install/cmr_msgs/include/cmr_msgs/msg/detail/location_type__rosidl_typesupport_introspection_c.h
[3.221s] -- Up-to-date symlink: /home/vivian/map_fuse/install/cmr_msgs/include/cmr_msgs/msg/detail/maxon_status__rosidl_typesupport_introspection_c.h
[3.221s] -- Up-to-date symlink: /home/vivian/map_fuse/install/cmr_msgs/include/cmr_msgs/msg/detail/state_change__rosidl_typesupport_introspection_c.h
[3.221s] -- Up-to-date symlink: /home/vivian/map_fuse/install/cmr_msgs/include/cmr_msgs/msg/rosidl_typesupport_introspection_c__visibility_control.h
[3.222s] -- Up-to-date symlink: /home/vivian/map_fuse/install/cmr_msgs/include/cmr_msgs/srv/detail/maxon_controlword__rosidl_typesupport_introspection_c.h
[3.222s] -- Up-to-date symlink: /home/vivian/map_fuse/install/cmr_msgs/include/cmr_msgs/srv/detail/signal_task__rosidl_typesupport_introspection_c.h
[3.224s] -- Up-to-date symlink: /home/vivian/map_fuse/install/cmr_msgs/include/cmr_msgs/action/detail/linear_move__builder.hpp
[3.224s] -- Up-to-date symlink: /home/vivian/map_fuse/install/cmr_msgs/include/cmr_msgs/action/detail/linear_move__struct.hpp
[3.224s] -- Up-to-date symlink: /home/vivian/map_fuse/install/cmr_msgs/include/cmr_msgs/action/detail/linear_move__traits.hpp
[3.225s] -- Up-to-date symlink: /home/vivian/map_fuse/install/cmr_msgs/include/cmr_msgs/action/linear_move.hpp
[3.225s] -- Up-to-date symlink: /home/vivian/map_fuse/install/cmr_msgs/include/cmr_msgs/msg/detail/joint_state__builder.hpp
[3.225s] -- Up-to-date symlink: /home/vivian/map_fuse/install/cmr_msgs/include/cmr_msgs/msg/detail/joint_state__struct.hpp
[3.225s] -- Up-to-date symlink: /home/vivian/map_fuse/install/cmr_msgs/include/cmr_msgs/msg/detail/joint_state__traits.hpp
[3.225s] -- Up-to-date symlink: /home/vivian/map_fuse/install/cmr_msgs/include/cmr_msgs/msg/detail/lifting_mech__builder.hpp
[3.226s] -- Up-to-date symlink: /home/vivian/map_fuse/install/cmr_msgs/include/cmr_msgs/msg/detail/lifting_mech__struct.hpp
[3.226s] -- Up-to-date symlink: /home/vivian/map_fuse/install/cmr_msgs/include/cmr_msgs/msg/detail/lifting_mech__traits.hpp
[3.226s] -- Up-to-date symlink: /home/vivian/map_fuse/install/cmr_msgs/include/cmr_msgs/msg/detail/location_type__builder.hpp
[3.226s] -- Up-to-date symlink: /home/vivian/map_fuse/install/cmr_msgs/include/cmr_msgs/msg/detail/location_type__struct.hpp
[3.227s] -- Up-to-date symlink: /home/vivian/map_fuse/install/cmr_msgs/include/cmr_msgs/msg/detail/location_type__traits.hpp
[3.227s] -- Up-to-date symlink: /home/vivian/map_fuse/install/cmr_msgs/include/cmr_msgs/msg/detail/maxon_status__builder.hpp
[3.227s] -- Up-to-date symlink: /home/vivian/map_fuse/install/cmr_msgs/include/cmr_msgs/msg/detail/maxon_status__struct.hpp
[3.227s] -- Up-to-date symlink: /home/vivian/map_fuse/install/cmr_msgs/include/cmr_msgs/msg/detail/maxon_status__traits.hpp
[3.228s] -- Up-to-date symlink: /home/vivian/map_fuse/install/cmr_msgs/include/cmr_msgs/msg/detail/state_change__builder.hpp
[3.228s] -- Up-to-date symlink: /home/vivian/map_fuse/install/cmr_msgs/include/cmr_msgs/msg/detail/state_change__struct.hpp
[3.228s] -- Up-to-date symlink: /home/vivian/map_fuse/install/cmr_msgs/include/cmr_msgs/msg/detail/state_change__traits.hpp
[3.229s] -- Up-to-date symlink: /home/vivian/map_fuse/install/cmr_msgs/include/cmr_msgs/msg/joint_state.hpp
[3.229s] -- Up-to-date symlink: /home/vivian/map_fuse/install/cmr_msgs/include/cmr_msgs/msg/lifting_mech.hpp
[3.229s] -- Up-to-date symlink: /home/vivian/map_fuse/install/cmr_msgs/include/cmr_msgs/msg/location_type.hpp
[3.230s] -- Up-to-date symlink: /home/vivian/map_fuse/install/cmr_msgs/include/cmr_msgs/msg/maxon_status.hpp
[3.230s] -- Up-to-date symlink: /home/vivian/map_fuse/install/cmr_msgs/include/cmr_msgs/msg/state_change.hpp
[3.230s] -- Up-to-date symlink: /home/vivian/map_fuse/install/cmr_msgs/include/cmr_msgs/srv/detail/maxon_controlword__builder.hpp
[3.230s] -- Up-to-date symlink: /home/vivian/map_fuse/install/cmr_msgs/include/cmr_msgs/srv/detail/maxon_controlword__struct.hpp
[3.231s] -- Up-to-date symlink: /home/vivian/map_fuse/install/cmr_msgs/include/cmr_msgs/srv/detail/maxon_controlword__traits.hpp
[3.231s] -- Up-to-date symlink: /home/vivian/map_fuse/install/cmr_msgs/include/cmr_msgs/srv/detail/signal_task__builder.hpp
[3.231s] -- Up-to-date symlink: /home/vivian/map_fuse/install/cmr_msgs/include/cmr_msgs/srv/detail/signal_task__struct.hpp
[3.231s] -- Up-to-date symlink: /home/vivian/map_fuse/install/cmr_msgs/include/cmr_msgs/srv/detail/signal_task__traits.hpp
[3.232s] -- Up-to-date symlink: /home/vivian/map_fuse/install/cmr_msgs/include/cmr_msgs/srv/maxon_controlword.hpp
[3.232s] -- Up-to-date symlink: /home/vivian/map_fuse/install/cmr_msgs/include/cmr_msgs/srv/signal_task.hpp
[3.233s] -- Up-to-date symlink: /home/vivian/map_fuse/install/cmr_msgs/include/cmr_msgs/action/detail/linear_move__rosidl_typesupport_introspection_cpp.hpp
[3.233s] -- Up-to-date symlink: /home/vivian/map_fuse/install/cmr_msgs/include/cmr_msgs/msg/detail/joint_state__rosidl_typesupport_introspection_cpp.hpp
[3.234s] -- Up-to-date symlink: /home/vivian/map_fuse/install/cmr_msgs/include/cmr_msgs/msg/detail/lifting_mech__rosidl_typesupport_introspection_cpp.hpp
[3.234s] -- Up-to-date symlink: /home/vivian/map_fuse/install/cmr_msgs/include/cmr_msgs/msg/detail/location_type__rosidl_typesupport_introspection_cpp.hpp
[3.234s] -- Up-to-date symlink: /home/vivian/map_fuse/install/cmr_msgs/include/cmr_msgs/msg/detail/maxon_status__rosidl_typesupport_introspection_cpp.hpp
[3.234s] -- Up-to-date symlink: /home/vivian/map_fuse/install/cmr_msgs/include/cmr_msgs/msg/detail/state_change__rosidl_typesupport_introspection_cpp.hpp
[3.235s] -- Up-to-date symlink: /home/vivian/map_fuse/install/cmr_msgs/include/cmr_msgs/srv/detail/maxon_controlword__rosidl_typesupport_introspection_cpp.hpp
[3.235s] -- Up-to-date symlink: /home/vivian/map_fuse/install/cmr_msgs/include/cmr_msgs/srv/detail/signal_task__rosidl_typesupport_introspection_cpp.hpp
[3.236s] -- Up-to-date symlink: /home/vivian/map_fuse/install/cmr_msgs/share/cmr_msgs/environment/pythonpath.sh
[3.236s] -- Up-to-date symlink: /home/vivian/map_fuse/install/cmr_msgs/share/cmr_msgs/environment/pythonpath.dsv
[3.237s] -- Up-to-date symlink: /home/vivian/map_fuse/install/cmr_msgs/lib/python3.8/site-packages/cmr_msgs/__init__.py
[3.237s] -- Up-to-date symlink: /home/vivian/map_fuse/install/cmr_msgs/lib/python3.8/site-packages/cmr_msgs/msg/__init__.py
[3.237s] -- Up-to-date symlink: /home/vivian/map_fuse/install/cmr_msgs/lib/python3.8/site-packages/cmr_msgs/msg/_joint_state.py
[3.238s] -- Up-to-date symlink: /home/vivian/map_fuse/install/cmr_msgs/lib/python3.8/site-packages/cmr_msgs/msg/_lifting_mech.py
[3.238s] -- Up-to-date symlink: /home/vivian/map_fuse/install/cmr_msgs/lib/python3.8/site-packages/cmr_msgs/msg/_location_type.py
[3.238s] -- Up-to-date symlink: /home/vivian/map_fuse/install/cmr_msgs/lib/python3.8/site-packages/cmr_msgs/msg/_maxon_status.py
[3.238s] -- Up-to-date symlink: /home/vivian/map_fuse/install/cmr_msgs/lib/python3.8/site-packages/cmr_msgs/msg/_state_change.py
[3.240s] -- Up-to-date symlink: /home/vivian/map_fuse/install/cmr_msgs/lib/python3.8/site-packages/cmr_msgs/srv/__init__.py
[3.240s] -- Up-to-date symlink: /home/vivian/map_fuse/install/cmr_msgs/lib/python3.8/site-packages/cmr_msgs/srv/_maxon_controlword.py
[3.240s] -- Up-to-date symlink: /home/vivian/map_fuse/install/cmr_msgs/lib/python3.8/site-packages/cmr_msgs/srv/_signal_task.py
[3.241s] -- Up-to-date symlink: /home/vivian/map_fuse/install/cmr_msgs/lib/python3.8/site-packages/cmr_msgs/action/__init__.py
[3.241s] -- Up-to-date symlink: /home/vivian/map_fuse/install/cmr_msgs/lib/python3.8/site-packages/cmr_msgs/action/_linear_move.py
[3.242s] -- Up-to-date symlink: /home/vivian/map_fuse/install/cmr_msgs/lib/python3.8/site-packages/cmr_msgs/cmr_msgs_s__rosidl_typesupport_fastrtps_c.cpython-38-x86_64-linux-gnu.so
[3.242s] -- Up-to-date symlink: /home/vivian/map_fuse/install/cmr_msgs/lib/python3.8/site-packages/cmr_msgs/cmr_msgs_s__rosidl_typesupport_introspection_c.cpython-38-x86_64-linux-gnu.so
[3.243s] -- Up-to-date symlink: /home/vivian/map_fuse/install/cmr_msgs/lib/python3.8/site-packages/cmr_msgs/cmr_msgs_s__rosidl_typesupport_c.cpython-38-x86_64-linux-gnu.so
[3.244s] -- Up-to-date symlink: /home/vivian/map_fuse/install/cmr_msgs/lib/libcmr_msgs__python.so
[3.244s] -- Up-to-date symlink: /home/vivian/map_fuse/install/cmr_msgs/share/cmr_msgs/msg/MaxonStatus.idl
[3.245s] -- Up-to-date symlink: /home/vivian/map_fuse/install/cmr_msgs/share/cmr_msgs/msg/JointState.idl
[3.245s] -- Up-to-date symlink: /home/vivian/map_fuse/install/cmr_msgs/share/cmr_msgs/msg/StateChange.idl
[3.246s] -- Up-to-date symlink: /home/vivian/map_fuse/install/cmr_msgs/share/cmr_msgs/msg/LiftingMech.idl
[3.246s] -- Up-to-date symlink: /home/vivian/map_fuse/install/cmr_msgs/share/cmr_msgs/msg/LocationType.idl
[3.246s] -- Up-to-date symlink: /home/vivian/map_fuse/install/cmr_msgs/share/cmr_msgs/srv/MaxonControlword.idl
[3.247s] -- Up-to-date symlink: /home/vivian/map_fuse/install/cmr_msgs/share/cmr_msgs/srv/SignalTask.idl
[3.247s] -- Up-to-date symlink: /home/vivian/map_fuse/install/cmr_msgs/share/cmr_msgs/action/LinearMove.idl
[3.248s] -- Up-to-date symlink: /home/vivian/map_fuse/install/cmr_msgs/share/cmr_msgs/msg/MaxonStatus.msg
[3.248s] -- Up-to-date symlink: /home/vivian/map_fuse/install/cmr_msgs/share/cmr_msgs/msg/JointState.msg
[3.249s] -- Up-to-date symlink: /home/vivian/map_fuse/install/cmr_msgs/share/cmr_msgs/msg/StateChange.msg
[3.249s] -- Up-to-date symlink: /home/vivian/map_fuse/install/cmr_msgs/share/cmr_msgs/msg/LiftingMech.msg
[3.250s] -- Up-to-date symlink: /home/vivian/map_fuse/install/cmr_msgs/share/cmr_msgs/msg/LocationType.msg
[3.250s] -- Up-to-date symlink: /home/vivian/map_fuse/install/cmr_msgs/share/cmr_msgs/srv/MaxonControlword.srv
[3.250s] -- Up-to-date symlink: /home/vivian/map_fuse/install/cmr_msgs/share/cmr_msgs/srv/MaxonControlword_Request.msg
[3.251s] -- Up-to-date symlink: /home/vivian/map_fuse/install/cmr_msgs/share/cmr_msgs/srv/MaxonControlword_Response.msg
[3.251s] -- Up-to-date symlink: /home/vivian/map_fuse/install/cmr_msgs/share/cmr_msgs/srv/SignalTask.srv
[3.252s] -- Up-to-date symlink: /home/vivian/map_fuse/install/cmr_msgs/share/cmr_msgs/srv/SignalTask_Request.msg
[3.252s] -- Up-to-date symlink: /home/vivian/map_fuse/install/cmr_msgs/share/cmr_msgs/srv/SignalTask_Response.msg
[3.253s] -- Up-to-date symlink: /home/vivian/map_fuse/install/cmr_msgs/share/cmr_msgs/action/LinearMove.action
[3.253s] -- Up-to-date symlink: /home/vivian/map_fuse/install/cmr_msgs/share/ament_index/resource_index/package_run_dependencies/cmr_msgs
[3.254s] -- Up-to-date symlink: /home/vivian/map_fuse/install/cmr_msgs/share/ament_index/resource_index/parent_prefix_path/cmr_msgs
[3.254s] -- Up-to-date symlink: /home/vivian/map_fuse/install/cmr_msgs/share/cmr_msgs/environment/ament_prefix_path.sh
[3.255s] -- Up-to-date symlink: /home/vivian/map_fuse/install/cmr_msgs/share/cmr_msgs/environment/ament_prefix_path.dsv
[3.258s] -- Up-to-date symlink: /home/vivian/map_fuse/install/cmr_msgs/share/cmr_msgs/environment/path.sh
[3.258s] -- Up-to-date symlink: /home/vivian/map_fuse/install/cmr_msgs/share/cmr_msgs/environment/path.dsv
[3.259s] -- Up-to-date symlink: /home/vivian/map_fuse/install/cmr_msgs/share/cmr_msgs/local_setup.bash
[3.259s] -- Up-to-date symlink: /home/vivian/map_fuse/install/cmr_msgs/share/cmr_msgs/local_setup.sh
[3.259s] -- Up-to-date symlink: /home/vivian/map_fuse/install/cmr_msgs/share/cmr_msgs/local_setup.zsh
[3.259s] -- Up-to-date symlink: /home/vivian/map_fuse/install/cmr_msgs/share/cmr_msgs/local_setup.dsv
[3.259s] -- Symlinking: /home/vivian/map_fuse/install/cmr_msgs/share/cmr_msgs/package.dsv
[3.273s] -- Up-to-date symlink: /home/vivian/map_fuse/install/cmr_msgs/share/ament_index/resource_index/packages/cmr_msgs
[3.273s] -- Up-to-date symlink: /home/vivian/map_fuse/install/cmr_msgs/share/cmr_msgs/cmake/rosidl_cmake-extras.cmake
[3.274s] -- Up-to-date symlink: /home/vivian/map_fuse/install/cmr_msgs/share/cmr_msgs/cmake/ament_cmake_export_dependencies-extras.cmake
[3.274s] -- Up-to-date symlink: /home/vivian/map_fuse/install/cmr_msgs/share/cmr_msgs/cmake/ament_cmake_export_libraries-extras.cmake
[3.275s] -- Up-to-date symlink: /home/vivian/map_fuse/install/cmr_msgs/share/cmr_msgs/cmake/ament_cmake_export_targets-extras.cmake
[3.275s] -- Up-to-date symlink: /home/vivian/map_fuse/install/cmr_msgs/share/cmr_msgs/cmake/ament_cmake_export_include_directories-extras.cmake
[3.275s] -- Up-to-date symlink: /home/vivian/map_fuse/install/cmr_msgs/share/cmr_msgs/cmake/rosidl_cmake_export_typesupport_libraries-extras.cmake
[3.276s] -- Up-to-date symlink: /home/vivian/map_fuse/install/cmr_msgs/share/cmr_msgs/cmake/rosidl_cmake_export_typesupport_targets-extras.cmake
[3.276s] -- Up-to-date symlink: /home/vivian/map_fuse/install/cmr_msgs/share/cmr_msgs/cmake/cmr_msgsConfig.cmake
[3.277s] -- Up-to-date symlink: /home/vivian/map_fuse/install/cmr_msgs/share/cmr_msgs/cmake/cmr_msgsConfig-version.cmake
[3.277s] -- Up-to-date symlink: /home/vivian/map_fuse/install/cmr_msgs/share/cmr_msgs/package.xml
[3.277s] -- Up-to-date: /home/vivian/map_fuse/install/cmr_msgs/lib/libcmr_msgs__rosidl_generator_c.so
[3.278s] -- Up-to-date: /home/vivian/map_fuse/install/cmr_msgs/lib/libcmr_msgs__rosidl_typesupport_introspection_c.so
[3.279s] -- Up-to-date: /home/vivian/map_fuse/install/cmr_msgs/lib/libcmr_msgs__rosidl_typesupport_c.so
[3.279s] -- Up-to-date: /home/vivian/map_fuse/install/cmr_msgs/lib/libcmr_msgs__rosidl_typesupport_introspection_cpp.so
[3.280s] -- Up-to-date: /home/vivian/map_fuse/install/cmr_msgs/lib/libcmr_msgs__rosidl_typesupport_cpp.so
[3.339s] Compiling '/home/vivian/map_fuse/install/cmr_msgs/lib/python3.8/site-packages/cmr_msgs/__init__.py'...
[3.349s] -- Up-to-date: /home/vivian/map_fuse/install/cmr_msgs/share/cmr_msgs/cmake/cmr_msgs__rosidl_generator_cExport.cmake
[3.349s] -- Installing: /home/vivian/map_fuse/install/cmr_msgs/share/cmr_msgs/cmake/cmr_msgs__rosidl_generator_cExport-noconfig.cmake
[3.350s] -- Up-to-date: /home/vivian/map_fuse/install/cmr_msgs/share/cmr_msgs/cmake/cmr_msgs__rosidl_typesupport_introspection_cExport.cmake
[3.350s] -- Installing: /home/vivian/map_fuse/install/cmr_msgs/share/cmr_msgs/cmake/cmr_msgs__rosidl_typesupport_introspection_cExport-noconfig.cmake
[3.350s] -- Up-to-date: /home/vivian/map_fuse/install/cmr_msgs/share/cmr_msgs/cmake/cmr_msgs__rosidl_typesupport_cExport.cmake
[3.350s] -- Installing: /home/vivian/map_fuse/install/cmr_msgs/share/cmr_msgs/cmake/cmr_msgs__rosidl_typesupport_cExport-noconfig.cmake
[3.350s] -- Up-to-date: /home/vivian/map_fuse/install/cmr_msgs/share/cmr_msgs/cmake/cmr_msgs__rosidl_generator_cppExport.cmake
[3.351s] -- Up-to-date: /home/vivian/map_fuse/install/cmr_msgs/share/cmr_msgs/cmake/cmr_msgs__rosidl_typesupport_introspection_cppExport.cmake
[3.351s] -- Installing: /home/vivian/map_fuse/install/cmr_msgs/share/cmr_msgs/cmake/cmr_msgs__rosidl_typesupport_introspection_cppExport-noconfig.cmake
[3.351s] -- Up-to-date: /home/vivian/map_fuse/install/cmr_msgs/share/cmr_msgs/cmake/cmr_msgs__rosidl_typesupport_cppExport.cmake
[3.352s] -- Installing: /home/vivian/map_fuse/install/cmr_msgs/share/cmr_msgs/cmake/cmr_msgs__rosidl_typesupport_cppExport-noconfig.cmake
[3.357s] Invoked command in '/home/vivian/map_fuse/build/cmr_msgs' returned '0': CMAKE_PREFIX_PATH=${CMAKE_PREFIX_PATH}:/home/vivian/map_fuse/install/person_detection:/opt/ros/foxy /usr/bin/cmake --install /home/vivian/map_fuse/build/cmr_msgs
