[0.116s] Invoking command in '/home/vivian/map_fuse/build/pointcloud_to_laserscan': CMAKE_PREFIX_PATH=/home/vivian/map_fuse/install/laser_geometry:/home/vivian/map_fuse/install/pointcloud_to_laserscan:/home/vivian/map_fuse/install/cmr_msgs:/home/vivian/map_fuse/install/pc_projection:/home/vivian/map_fuse/install/icp_pc:/home/vivian/map_fuse/install/box_msgs:/home/vivian/map_fuse/install/serena_description:/home/vivian/map_fuse/install/map_fuse:/home/vivian/map_fuse/install/person_detection:/opt/ros/foxy /usr/bin/cmake --build /home/vivian/map_fuse/build/pointcloud_to_laserscan -- -j12 -l12
[0.220s] [ 40%] Built target laserscan_to_pointcloud_node
[0.220s] [ 40%] Built target dummy_pointcloud_publisher
[0.220s] [ 60%] Built target pointcloud_to_laserscan_node
[0.230s] [ 80%] Built target pointcloud_to_laserscan
[0.234s] [100%] Built target laserscan_to_pointcloud
[0.256s] Invoked command in '/home/vivian/map_fuse/build/pointcloud_to_laserscan' returned '0': CMAKE_PREFIX_PATH=/home/vivian/map_fuse/install/laser_geometry:/home/vivian/map_fuse/install/pointcloud_to_laserscan:/home/vivian/map_fuse/install/cmr_msgs:/home/vivian/map_fuse/install/pc_projection:/home/vivian/map_fuse/install/icp_pc:/home/vivian/map_fuse/install/box_msgs:/home/vivian/map_fuse/install/serena_description:/home/vivian/map_fuse/install/map_fuse:/home/vivian/map_fuse/install/person_detection:/opt/ros/foxy /usr/bin/cmake --build /home/vivian/map_fuse/build/pointcloud_to_laserscan -- -j12 -l12
[0.308s] Invoking command in '/home/vivian/map_fuse/build/pointcloud_to_laserscan': CMAKE_PREFIX_PATH=/home/vivian/map_fuse/install/laser_geometry:/home/vivian/map_fuse/install/pointcloud_to_laserscan:/home/vivian/map_fuse/install/cmr_msgs:/home/vivian/map_fuse/install/pc_projection:/home/vivian/map_fuse/install/icp_pc:/home/vivian/map_fuse/install/box_msgs:/home/vivian/map_fuse/install/serena_description:/home/vivian/map_fuse/install/map_fuse:/home/vivian/map_fuse/install/person_detection:/opt/ros/foxy /usr/bin/cmake --install /home/vivian/map_fuse/build/pointcloud_to_laserscan
[0.324s] -- Install configuration: ""
[0.325s] -- Execute custom install script
[0.325s] -- Up-to-date symlink: /home/vivian/map_fuse/install/pointcloud_to_laserscan/lib/pointcloud_to_laserscan/laserscan_to_pointcloud_node
[0.326s] -- Up-to-date symlink: /home/vivian/map_fuse/install/pointcloud_to_laserscan/lib/pointcloud_to_laserscan/pointcloud_to_laserscan_node
[0.326s] -- Up-to-date symlink: /home/vivian/map_fuse/install/pointcloud_to_laserscan/lib/liblaserscan_to_pointcloud.so
[0.327s] -- Up-to-date symlink: /home/vivian/map_fuse/install/pointcloud_to_laserscan/lib/libpointcloud_to_laserscan.so
[0.327s] -- Up-to-date symlink: /home/vivian/map_fuse/install/pointcloud_to_laserscan/lib/pointcloud_to_laserscan/dummy_pointcloud_publisher
[0.328s] -- Up-to-date symlink: /home/vivian/map_fuse/install/pointcloud_to_laserscan/include/include/pointcloud_to_laserscan/laserscan_to_pointcloud_node.hpp
[0.328s] -- Up-to-date symlink: /home/vivian/map_fuse/install/pointcloud_to_laserscan/include/include/pointcloud_to_laserscan/pointcloud_to_laserscan_node.hpp
[0.329s] -- Up-to-date symlink: /home/vivian/map_fuse/install/pointcloud_to_laserscan/include/include/pointcloud_to_laserscan/visibility_control.h
[0.329s] -- Up-to-date symlink: /home/vivian/map_fuse/install/pointcloud_to_laserscan/share/pointcloud_to_laserscan/launch/laserscan_to_pointcloud_launch.py
[0.329s] -- Up-to-date symlink: /home/vivian/map_fuse/install/pointcloud_to_laserscan/share/pointcloud_to_laserscan/launch/sample_laserscan_to_pointcloud_launch.py
[0.330s] -- Up-to-date symlink: /home/vivian/map_fuse/install/pointcloud_to_laserscan/share/pointcloud_to_laserscan/launch/sample_pointcloud_to_laserscan_launch.py
[0.330s] -- Up-to-date symlink: /home/vivian/map_fuse/install/pointcloud_to_laserscan/share/ament_index/resource_index/package_run_dependencies/pointcloud_to_laserscan
[0.330s] -- Up-to-date symlink: /home/vivian/map_fuse/install/pointcloud_to_laserscan/share/ament_index/resource_index/parent_prefix_path/pointcloud_to_laserscan
[0.331s] -- Up-to-date symlink: /home/vivian/map_fuse/install/pointcloud_to_laserscan/share/pointcloud_to_laserscan/environment/ament_prefix_path.sh
[0.331s] -- Up-to-date symlink: /home/vivian/map_fuse/install/pointcloud_to_laserscan/share/pointcloud_to_laserscan/environment/ament_prefix_path.dsv
[0.331s] -- Up-to-date symlink: /home/vivian/map_fuse/install/pointcloud_to_laserscan/share/pointcloud_to_laserscan/environment/path.sh
[0.332s] -- Up-to-date symlink: /home/vivian/map_fuse/install/pointcloud_to_laserscan/share/pointcloud_to_laserscan/environment/path.dsv
[0.332s] -- Up-to-date symlink: /home/vivian/map_fuse/install/pointcloud_to_laserscan/share/pointcloud_to_laserscan/local_setup.bash
[0.333s] -- Up-to-date symlink: /home/vivian/map_fuse/install/pointcloud_to_laserscan/share/pointcloud_to_laserscan/local_setup.sh
[0.333s] -- Up-to-date symlink: /home/vivian/map_fuse/install/pointcloud_to_laserscan/share/pointcloud_to_laserscan/local_setup.zsh
[0.333s] -- Up-to-date symlink: /home/vivian/map_fuse/install/pointcloud_to_laserscan/share/pointcloud_to_laserscan/local_setup.dsv
[0.334s] -- Symlinking: /home/vivian/map_fuse/install/pointcloud_to_laserscan/share/pointcloud_to_laserscan/package.dsv
[0.348s] -- Up-to-date symlink: /home/vivian/map_fuse/install/pointcloud_to_laserscan/share/ament_index/resource_index/packages/pointcloud_to_laserscan
[0.349s] -- Up-to-date symlink: /home/vivian/map_fuse/install/pointcloud_to_laserscan/share/ament_index/resource_index/rclcpp_components/pointcloud_to_laserscan
[0.349s] -- Up-to-date symlink: /home/vivian/map_fuse/install/pointcloud_to_laserscan/share/pointcloud_to_laserscan/cmake/pointcloud_to_laserscanConfig.cmake
[0.349s] -- Up-to-date symlink: /home/vivian/map_fuse/install/pointcloud_to_laserscan/share/pointcloud_to_laserscan/cmake/pointcloud_to_laserscanConfig-version.cmake
[0.350s] -- Up-to-date symlink: /home/vivian/map_fuse/install/pointcloud_to_laserscan/share/pointcloud_to_laserscan/package.xml
[0.357s] Invoked command in '/home/vivian/map_fuse/build/pointcloud_to_laserscan' returned '0': CMAKE_PREFIX_PATH=/home/vivian/map_fuse/install/laser_geometry:/home/vivian/map_fuse/install/pointcloud_to_laserscan:/home/vivian/map_fuse/install/cmr_msgs:/home/vivian/map_fuse/install/pc_projection:/home/vivian/map_fuse/install/icp_pc:/home/vivian/map_fuse/install/box_msgs:/home/vivian/map_fuse/install/serena_description:/home/vivian/map_fuse/install/map_fuse:/home/vivian/map_fuse/install/person_detection:/opt/ros/foxy /usr/bin/cmake --install /home/vivian/map_fuse/build/pointcloud_to_laserscan
