[35m[1mScanning dependencies of target transform_test_node[0m
[35m[1mScanning dependencies of target icp_pc_node[0m
[35m[1mScanning dependencies of target pcd_write_node[0m
[35m[1mScanning dependencies of target icp_ex_node[0m
[ 12%] [32mBuilding CXX object CMakeFiles/transform_test_node.dir/src/transform_test.cpp.o[0m
[ 37%] [32mBuilding CXX object CMakeFiles/icp_ex_node.dir/src/example_icp_pc.cpp.o[0m
[ 37%] [32mBuilding CXX object CMakeFiles/icp_pc_node.dir/src/icp_pc.cpp.o[0m
[ 50%] [32mBuilding CXX object CMakeFiles/pcd_write_node.dir/src/pcd_write.cpp.o[0m
[01m[K/home/vivian/map_fuse/src/icp_pc/src/transform_test.cpp:[m[K In function ‘[01m[Kint main(int, char**)[m[K’:
[01m[K/home/vivian/map_fuse/src/icp_pc/src/transform_test.cpp:57:15:[m[K [01;35m[Kwarning: [m[Kunused variable ‘[01m[Kbox_ymin[m[K’ [[01;35m[K-Wunused-variable[m[K]
   57 |         float [01;35m[Kbox_ymin[m[K = 0.25420;
      |               [01;35m[K^~~~~~~~[m[K
[01m[K/home/vivian/map_fuse/src/icp_pc/src/transform_test.cpp:59:15:[m[K [01;35m[Kwarning: [m[Kunused variable ‘[01m[Kbox_ymax[m[K’ [[01;35m[K-Wunused-variable[m[K]
   59 |         float [01;35m[Kbox_ymax[m[K = 0.98966;
      |               [01;35m[K^~~~~~~~[m[K
[01m[K/home/vivian/map_fuse/src/icp_pc/src/transform_test.cpp:32:11:[m[K [01;35m[Kwarning: [m[Kunused parameter ‘[01m[Kargc[m[K’ [[01;35m[K-Wunused-parameter[m[K]
   32 | main ([01;35m[Kint argc[m[K,
      |       [01;35m[K~~~~^~~~[m[K
[01m[K/home/vivian/map_fuse/src/icp_pc/src/icp_pc.cpp:[m[K In function ‘[01m[Kint main(int, char**)[m[K’:
[01m[K/home/vivian/map_fuse/src/icp_pc/src/icp_pc.cpp:31:11:[m[K [01;35m[Kwarning: [m[Kunused parameter ‘[01m[Kargc[m[K’ [[01;35m[K-Wunused-parameter[m[K]
   31 | main ([01;35m[Kint argc[m[K,
      |       [01;35m[K~~~~^~~~[m[K
[01m[K/home/vivian/map_fuse/src/icp_pc/src/example_icp_pc.cpp:[m[K In function ‘[01m[Kint main(int, char**)[m[K’:
[01m[K/home/vivian/map_fuse/src/icp_pc/src/example_icp_pc.cpp:29:11:[m[K [01;35m[Kwarning: [m[Kunused parameter ‘[01m[Kargc[m[K’ [[01;35m[K-Wunused-parameter[m[K]
   29 | main ([01;35m[Kint argc[m[K,
      |       [01;35m[K~~~~^~~~[m[K
[ 62%] [32m[1mLinking CXX executable transform_test_node[0m
[ 62%] Built target transform_test_node
[ 75%] [32m[1mLinking CXX executable pcd_write_node[0m
[ 87%] [32m[1mLinking CXX executable icp_ex_node[0m
[100%] [32m[1mLinking CXX executable icp_pc_node[0m
[100%] Built target pcd_write_node
[100%] Built target icp_ex_node
[100%] Built target icp_pc_node
-- Install configuration: ""
-- Execute custom install script
-- Symlinking: /home/vivian/map_fuse/install/icp_pc/lib/icp_pc/icp_ex_node
-- Symlinking: /home/vivian/map_fuse/install/icp_pc/lib/icp_pc/pcd_write_node
-- Symlinking: /home/vivian/map_fuse/install/icp_pc/lib/icp_pc/icp_pc_node
-- Symlinking: /home/vivian/map_fuse/install/icp_pc/lib/icp_pc/transform_test_node
-- Symlinking: /home/vivian/map_fuse/install/icp_pc/share/icp_pc/launch/laser_4901.pcd
-- Symlinking: /home/vivian/map_fuse/install/icp_pc/share/icp_pc/params/cam_4901.pcd
-- Symlinking: /home/vivian/map_fuse/install/icp_pc/share/icp_pc/params/cam_4956.pcd
-- Symlinking: /home/vivian/map_fuse/install/icp_pc/share/icp_pc/params/cam_5119.pcd
-- Symlinking: /home/vivian/map_fuse/install/icp_pc/share/icp_pc/params/cam_5207.pcd
-- Symlinking: /home/vivian/map_fuse/install/icp_pc/share/icp_pc/params/cam_pc_save_full.pcd
-- Symlinking: /home/vivian/map_fuse/install/icp_pc/share/icp_pc/params/laser_4901.pcd
-- Symlinking: /home/vivian/map_fuse/install/icp_pc/share/icp_pc/params/laser_4956.pcd
-- Symlinking: /home/vivian/map_fuse/install/icp_pc/share/icp_pc/params/laser_5119.pcd
-- Symlinking: /home/vivian/map_fuse/install/icp_pc/share/icp_pc/params/laser_5207.pcd
-- Symlinking: /home/vivian/map_fuse/install/icp_pc/share/icp_pc/params/pc_save.pcd
-- Symlinking: /home/vivian/map_fuse/install/icp_pc/share/icp_pc/params/pc_save_cam.pcd
-- Symlinking: /home/vivian/map_fuse/install/icp_pc/share/icp_pc/params/pc_save_lidar.pcd
-- Symlinking: /home/vivian/map_fuse/install/icp_pc/share/icp_pc/params/realsense_work.pcd
-- Symlinking: /home/vivian/map_fuse/install/icp_pc/share/icp_pc/params/rs_pc_ex.pcd
-- Symlinking: /home/vivian/map_fuse/install/icp_pc/share/icp_pc/params/serena_corner_cam.pcd
-- Symlinking: /home/vivian/map_fuse/install/icp_pc/share/icp_pc/params/serena_corner_scan.pcd
-- Symlinking: /home/vivian/map_fuse/install/icp_pc/share/icp_pc/params/vivi.pcd
-- Symlinking: /home/vivian/map_fuse/install/icp_pc/share/icp_pc/params/vivi2.pcd
-- Symlinking: /home/vivian/map_fuse/install/icp_pc/share/ament_index/resource_index/package_run_dependencies/icp_pc
-- Symlinking: /home/vivian/map_fuse/install/icp_pc/share/ament_index/resource_index/parent_prefix_path/icp_pc
-- Symlinking: /home/vivian/map_fuse/install/icp_pc/share/icp_pc/environment/ament_prefix_path.sh
-- Symlinking: /home/vivian/map_fuse/install/icp_pc/share/icp_pc/environment/ament_prefix_path.dsv
-- Symlinking: /home/vivian/map_fuse/install/icp_pc/share/icp_pc/environment/path.sh
-- Symlinking: /home/vivian/map_fuse/install/icp_pc/share/icp_pc/environment/path.dsv
-- Symlinking: /home/vivian/map_fuse/install/icp_pc/share/icp_pc/local_setup.bash
-- Symlinking: /home/vivian/map_fuse/install/icp_pc/share/icp_pc/local_setup.sh
-- Symlinking: /home/vivian/map_fuse/install/icp_pc/share/icp_pc/local_setup.zsh
-- Symlinking: /home/vivian/map_fuse/install/icp_pc/share/icp_pc/local_setup.dsv
-- Symlinking: /home/vivian/map_fuse/install/icp_pc/share/icp_pc/package.dsv
-- Symlinking: /home/vivian/map_fuse/install/icp_pc/share/ament_index/resource_index/packages/icp_pc
-- Symlinking: /home/vivian/map_fuse/install/icp_pc/share/icp_pc/cmake/ament_cmake_export_dependencies-extras.cmake
-- Symlinking: /home/vivian/map_fuse/install/icp_pc/share/icp_pc/cmake/icp_pcConfig.cmake
-- Symlinking: /home/vivian/map_fuse/install/icp_pc/share/icp_pc/cmake/icp_pcConfig-version.cmake
-- Symlinking: /home/vivian/map_fuse/install/icp_pc/share/icp_pc/package.xml
