[0.469s] Invoking command in '/home/vivian/map_fuse/build/robot_bringup': CMAKE_PREFIX_PATH=${CMAKE_PREFIX_PATH}:/home/vivian/map_fuse/install/person_detection:/opt/ros/foxy /usr/bin/cmake /home/vivian/map_fuse/src/robot_bringup -DAMENT_CMAKE_SYMLINK_INSTALL=1 -DCMAKE_INSTALL_PREFIX=/home/vivian/map_fuse/install/robot_bringup
[0.561s] -- The C compiler identification is GNU 9.3.0
[0.660s] -- The CXX compiler identification is GNU 9.3.0
[0.667s] -- Check for working C compiler: /usr/bin/cc
[0.794s] -- Check for working C compiler: /usr/bin/cc -- works
[0.798s] -- Detecting C compiler ABI info
[0.926s] -- Detecting C compiler ABI info - done
[0.952s] -- Detecting C compile features
[0.952s] -- Detecting C compile features - done
[0.958s] -- Check for working CXX compiler: /usr/bin/c++
[1.112s] -- Check for working CXX compiler: /usr/bin/c++ -- works
[1.115s] -- Detecting CXX compiler ABI info
[1.255s] -- Detecting CXX compiler ABI info - done
[1.272s] -- Detecting CXX compile features
[1.273s] -- Detecting CXX compile features - done
[1.276s] -- Found ament_cmake: 0.9.8 (/opt/ros/foxy/share/ament_cmake/cmake)
[1.333s] -- Found PythonInterp: /usr/bin/python3 (found suitable version "3.8.5", minimum required is "3") 
[1.333s] -- Using PYTHON_EXECUTABLE: /usr/bin/python3
[1.611s] -- Override CMake install command with custom implementation using symlinks instead of copying resources
[1.648s] -- Found rclcpp_lifecycle: 2.3.1 (/opt/ros/foxy/share/rclcpp_lifecycle/cmake)
[1.739s] -- Using all available rosidl_typesupport_c: rosidl_typesupport_fastrtps_c;rosidl_typesupport_introspection_c
[1.751s] -- Found rosidl_adapter: 1.2.1 (/opt/ros/foxy/share/rosidl_adapter/cmake)
[1.874s] -- Found OpenSSL: /usr/lib/x86_64-linux-gnu/libcrypto.so (found version "1.1.1f")  
[1.923s] -- Found FastRTPS: /opt/ros/foxy/include  
[2.041s] -- Using all available rosidl_typesupport_cpp: rosidl_typesupport_fastrtps_cpp;rosidl_typesupport_introspection_cpp
[2.128s] -- Found rmw_implementation_cmake: 1.0.3 (/opt/ros/foxy/share/rmw_implementation_cmake/cmake)
[2.130s] -- Using RMW implementation 'rmw_fastrtps_cpp' as default
[2.131s] -- Looking for pthread.h
[2.227s] -- Looking for pthread.h - found
[2.228s] -- Performing Test CMAKE_HAVE_LIBC_PTHREAD
[2.326s] -- Performing Test CMAKE_HAVE_LIBC_PTHREAD - Failed
[2.326s] -- Looking for pthread_create in pthreads
[2.396s] -- Looking for pthread_create in pthreads - not found
[2.396s] -- Looking for pthread_create in pthread
[2.496s] -- Looking for pthread_create in pthread - found
[2.498s] -- Found Threads: TRUE  
[2.808s] -- Found nav2_util: 0.4.7 (/opt/ros/foxy/share/nav2_util/cmake)
[4.274s] -- Found eigen3_cmake_module: 0.1.1 (/opt/ros/foxy/share/eigen3_cmake_module/cmake)
[4.278s] -- Found Eigen3: TRUE (found version "3.3.7") 
[4.570s] CMake Error at CMakeLists.txt:26 (find_package):
[4.571s]   By not providing "Findcmr_msgs.cmake" in CMAKE_MODULE_PATH this project has
[4.571s]   asked CMake to find a package configuration file provided by "cmr_msgs",
[4.571s]   but CMake did not find one.
[4.571s] 
[4.571s]   Could not find a package configuration file provided by "cmr_msgs" with any
[4.571s]   of the following names:
[4.571s] 
[4.572s]     cmr_msgsConfig.cmake
[4.572s]     cmr_msgs-config.cmake
[4.572s] 
[4.572s]   Add the installation prefix of "cmr_msgs" to CMAKE_PREFIX_PATH or set
[4.572s]   "cmr_msgs_DIR" to a directory containing one of the above files.  If
[4.572s]   "cmr_msgs" provides a separate development package or SDK, be sure it has
[4.572s]   been installed.
[4.572s] 
[4.573s] 
[4.573s] -- Configuring incomplete, errors occurred!
[4.573s] See also "/home/vivian/map_fuse/build/robot_bringup/CMakeFiles/CMakeOutput.log".
[4.573s] See also "/home/vivian/map_fuse/build/robot_bringup/CMakeFiles/CMakeError.log".
[4.584s] Invoked command in '/home/vivian/map_fuse/build/robot_bringup' returned '1': CMAKE_PREFIX_PATH=${CMAKE_PREFIX_PATH}:/home/vivian/map_fuse/install/person_detection:/opt/ros/foxy /usr/bin/cmake /home/vivian/map_fuse/src/robot_bringup -DAMENT_CMAKE_SYMLINK_INSTALL=1 -DCMAKE_INSTALL_PREFIX=/home/vivian/map_fuse/install/robot_bringup
