[0.482s] Invoking command in '/home/vivian/map_fuse/build/serena_description': CMAKE_PREFIX_PATH=${CMAKE_PREFIX_PATH}:/home/vivian/map_fuse/install/person_detection:/opt/ros/foxy /usr/bin/cmake /home/vivian/map_fuse/src/serena_description -DAMENT_CMAKE_SYMLINK_INSTALL=1 -DCMAKE_INSTALL_PREFIX=/home/vivian/map_fuse/install/serena_description
[0.592s] -- The C compiler identification is GNU 9.3.0
[0.683s] -- The CXX compiler identification is GNU 9.3.0
[0.692s] -- Check for working C compiler: /usr/bin/cc
[0.819s] -- Check for working C compiler: /usr/bin/cc -- works
[0.819s] -- Detecting C compiler ABI info
[0.949s] -- Detecting C compiler ABI info - done
[0.972s] -- Detecting C compile features
[0.973s] -- Detecting C compile features - done
[0.978s] -- Check for working CXX compiler: /usr/bin/c++
[1.119s] -- Check for working CXX compiler: /usr/bin/c++ -- works
[1.120s] -- Detecting CXX compiler ABI info
[1.276s] -- Detecting CXX compiler ABI info - done
[1.294s] -- Detecting CXX compile features
[1.294s] -- Detecting CXX compile features - done
[1.300s] -- Found ament_cmake: 0.9.8 (/opt/ros/foxy/share/ament_cmake/cmake)
[1.343s] -- Found PythonInterp: /usr/bin/python3 (found suitable version "3.8.5", minimum required is "3") 
[1.344s] -- Using PYTHON_EXECUTABLE: /usr/bin/python3
[1.635s] -- Override CMake install command with custom implementation using symlinks instead of copying resources
[1.670s] -- Found urdf: 2.4.0 (/opt/ros/foxy/share/urdf/cmake)
[1.801s] -- Configuring done
[1.803s] -- Generating done
[1.804s] -- Build files have been written to: /home/vivian/map_fuse/build/serena_description
[1.810s] Invoked command in '/home/vivian/map_fuse/build/serena_description' returned '0': CMAKE_PREFIX_PATH=${CMAKE_PREFIX_PATH}:/home/vivian/map_fuse/install/person_detection:/opt/ros/foxy /usr/bin/cmake /home/vivian/map_fuse/src/serena_description -DAMENT_CMAKE_SYMLINK_INSTALL=1 -DCMAKE_INSTALL_PREFIX=/home/vivian/map_fuse/install/serena_description
[1.814s] Invoking command in '/home/vivian/map_fuse/build/serena_description': CMAKE_PREFIX_PATH=${CMAKE_PREFIX_PATH}:/home/vivian/map_fuse/install/person_detection:/opt/ros/foxy /usr/bin/cmake --build /home/vivian/map_fuse/build/serena_description -- -j12 -l12
[1.874s] Invoked command in '/home/vivian/map_fuse/build/serena_description' returned '0': CMAKE_PREFIX_PATH=${CMAKE_PREFIX_PATH}:/home/vivian/map_fuse/install/person_detection:/opt/ros/foxy /usr/bin/cmake --build /home/vivian/map_fuse/build/serena_description -- -j12 -l12
[1.922s] Invoking command in '/home/vivian/map_fuse/build/serena_description': CMAKE_PREFIX_PATH=${CMAKE_PREFIX_PATH}:/home/vivian/map_fuse/install/person_detection:/opt/ros/foxy /usr/bin/cmake --install /home/vivian/map_fuse/build/serena_description
[1.934s] -- Install configuration: ""
[1.935s] -- Execute custom install script
[1.936s] -- Symlinking: /home/vivian/map_fuse/install/serena_description/share/serena_description/meshes/actuator_magnet_housing.STL
[1.950s] -- Symlinking: /home/vivian/map_fuse/install/serena_description/share/serena_description/meshes/base_link.STL
[1.960s] -- Symlinking: /home/vivian/map_fuse/install/serena_description/share/serena_description/meshes/batteries.STL
[1.973s] -- Symlinking: /home/vivian/map_fuse/install/serena_description/share/serena_description/meshes/camera_left.STL
[1.990s] -- Symlinking: /home/vivian/map_fuse/install/serena_description/share/serena_description/meshes/camera_right.STL
[2.007s] -- Symlinking: /home/vivian/map_fuse/install/serena_description/share/serena_description/meshes/caster_left_link.STL
[2.021s] -- Symlinking: /home/vivian/map_fuse/install/serena_description/share/serena_description/meshes/caster_right_link.STL
[2.035s] -- Symlinking: /home/vivian/map_fuse/install/serena_description/share/serena_description/meshes/depth_sensor_left.STL
[2.049s] -- Symlinking: /home/vivian/map_fuse/install/serena_description/share/serena_description/meshes/depth_sensor_right.STL
[2.063s] -- Symlinking: /home/vivian/map_fuse/install/serena_description/share/serena_description/meshes/laser.STL
[2.076s] -- Symlinking: /home/vivian/map_fuse/install/serena_description/share/serena_description/meshes/left_depth_left_optical.STL
[2.090s] -- Symlinking: /home/vivian/map_fuse/install/serena_description/share/serena_description/meshes/left_depth_right_optical.STL
[2.105s] -- Symlinking: /home/vivian/map_fuse/install/serena_description/share/serena_description/meshes/left_rgb_optical.STL
[2.116s] -- Symlinking: /home/vivian/map_fuse/install/serena_description/share/serena_description/meshes/linear_actuator.STL
[2.127s] -- Symlinking: /home/vivian/map_fuse/install/serena_description/share/serena_description/meshes/motors.STL
[2.138s] -- Symlinking: /home/vivian/map_fuse/install/serena_description/share/serena_description/meshes/nanoscan.STL
[2.151s] -- Symlinking: /home/vivian/map_fuse/install/serena_description/share/serena_description/meshes/right_depth_left_optical.STL
[2.164s] -- Symlinking: /home/vivian/map_fuse/install/serena_description/share/serena_description/meshes/right_depth_right_optical.STL
[2.177s] -- Symlinking: /home/vivian/map_fuse/install/serena_description/share/serena_description/meshes/right_rgb_optical.STL
[2.190s] -- Symlinking: /home/vivian/map_fuse/install/serena_description/share/serena_description/meshes/shell.STL
[2.203s] -- Symlinking: /home/vivian/map_fuse/install/serena_description/share/serena_description/meshes/shell_collision.STL
[2.217s] -- Symlinking: /home/vivian/map_fuse/install/serena_description/share/serena_description/meshes/tracking_camera.STL
[2.227s] -- Symlinking: /home/vivian/map_fuse/install/serena_description/share/serena_description/meshes/trolley.STL
[2.238s] -- Symlinking: /home/vivian/map_fuse/install/serena_description/share/serena_description/meshes/trolley_wheel.STL
[2.249s] -- Symlinking: /home/vivian/map_fuse/install/serena_description/share/serena_description/meshes/wheel_left_link.STL
[2.260s] -- Symlinking: /home/vivian/map_fuse/install/serena_description/share/serena_description/meshes/wheel_right_link.STL
[2.274s] -- Symlinking: /home/vivian/map_fuse/install/serena_description/share/serena_description/urdf/pumba.urdf
[2.286s] -- Symlinking: /home/vivian/map_fuse/install/serena_description/share/serena_description/urdf/serena.urdf
[2.298s] -- Symlinking: /home/vivian/map_fuse/install/serena_description/share/serena_description/urdf/trolley_description.urdf
[2.308s] -- Symlinking: /home/vivian/map_fuse/install/serena_description/share/ament_index/resource_index/package_run_dependencies/serena_description
[2.319s] -- Symlinking: /home/vivian/map_fuse/install/serena_description/share/ament_index/resource_index/parent_prefix_path/serena_description
[2.331s] -- Symlinking: /home/vivian/map_fuse/install/serena_description/share/serena_description/environment/ament_prefix_path.sh
[2.343s] -- Symlinking: /home/vivian/map_fuse/install/serena_description/share/serena_description/environment/ament_prefix_path.dsv
[2.354s] -- Symlinking: /home/vivian/map_fuse/install/serena_description/share/serena_description/environment/path.sh
[2.366s] -- Symlinking: /home/vivian/map_fuse/install/serena_description/share/serena_description/environment/path.dsv
[2.376s] -- Symlinking: /home/vivian/map_fuse/install/serena_description/share/serena_description/local_setup.bash
[2.390s] -- Symlinking: /home/vivian/map_fuse/install/serena_description/share/serena_description/local_setup.sh
[2.403s] -- Symlinking: /home/vivian/map_fuse/install/serena_description/share/serena_description/local_setup.zsh
[2.412s] -- Symlinking: /home/vivian/map_fuse/install/serena_description/share/serena_description/local_setup.dsv
[2.422s] -- Symlinking: /home/vivian/map_fuse/install/serena_description/share/serena_description/package.dsv
[2.435s] -- Symlinking: /home/vivian/map_fuse/install/serena_description/share/ament_index/resource_index/packages/serena_description
[2.446s] -- Symlinking: /home/vivian/map_fuse/install/serena_description/share/serena_description/cmake/serena_descriptionConfig.cmake
[2.455s] -- Symlinking: /home/vivian/map_fuse/install/serena_description/share/serena_description/cmake/serena_descriptionConfig-version.cmake
[2.466s] -- Symlinking: /home/vivian/map_fuse/install/serena_description/share/serena_description/package.xml
[2.479s] Invoked command in '/home/vivian/map_fuse/build/serena_description' returned '0': CMAKE_PREFIX_PATH=${CMAKE_PREFIX_PATH}:/home/vivian/map_fuse/install/person_detection:/opt/ros/foxy /usr/bin/cmake --install /home/vivian/map_fuse/build/serena_description
