[0.098s] Invoking command in '/home/vivian/map_fuse/build/pointcloud_to_laserscan': CMAKE_PREFIX_PATH=/home/vivian/map_fuse/install/laser_geometry:/home/vivian/map_fuse/install/pointcloud_to_laserscan:/home/vivian/map_fuse/install/cmr_msgs:/home/vivian/map_fuse/install/pc_projection:/home/vivian/map_fuse/install/icp_pc:/home/vivian/map_fuse/install/box_msgs:/home/vivian/map_fuse/install/serena_description:/home/vivian/map_fuse/install/map_fuse:/home/vivian/map_fuse/install/person_detection:/opt/ros/foxy /usr/bin/cmake --build /home/vivian/map_fuse/build/pointcloud_to_laserscan -- -j12 -l12
[0.188s] [ 20%] Built target dummy_pointcloud_publisher
[0.193s] [ 60%] Built target pointcloud_to_laserscan_node
[0.193s] [ 60%] Built target laserscan_to_pointcloud_node
[0.200s] [ 80%] Built target laserscan_to_pointcloud
[0.201s] [100%] Built target pointcloud_to_laserscan
[0.219s] Invoked command in '/home/vivian/map_fuse/build/pointcloud_to_laserscan' returned '0': CMAKE_PREFIX_PATH=/home/vivian/map_fuse/install/laser_geometry:/home/vivian/map_fuse/install/pointcloud_to_laserscan:/home/vivian/map_fuse/install/cmr_msgs:/home/vivian/map_fuse/install/pc_projection:/home/vivian/map_fuse/install/icp_pc:/home/vivian/map_fuse/install/box_msgs:/home/vivian/map_fuse/install/serena_description:/home/vivian/map_fuse/install/map_fuse:/home/vivian/map_fuse/install/person_detection:/opt/ros/foxy /usr/bin/cmake --build /home/vivian/map_fuse/build/pointcloud_to_laserscan -- -j12 -l12
[0.266s] Invoking command in '/home/vivian/map_fuse/build/pointcloud_to_laserscan': CMAKE_PREFIX_PATH=/home/vivian/map_fuse/install/laser_geometry:/home/vivian/map_fuse/install/pointcloud_to_laserscan:/home/vivian/map_fuse/install/cmr_msgs:/home/vivian/map_fuse/install/pc_projection:/home/vivian/map_fuse/install/icp_pc:/home/vivian/map_fuse/install/box_msgs:/home/vivian/map_fuse/install/serena_description:/home/vivian/map_fuse/install/map_fuse:/home/vivian/map_fuse/install/person_detection:/opt/ros/foxy /usr/bin/cmake --install /home/vivian/map_fuse/build/pointcloud_to_laserscan
[0.280s] -- Install configuration: ""
[0.281s] -- Execute custom install script
[0.281s] -- Up-to-date symlink: /home/vivian/map_fuse/install/pointcloud_to_laserscan/lib/pointcloud_to_laserscan/laserscan_to_pointcloud_node
[0.282s] -- Up-to-date symlink: /home/vivian/map_fuse/install/pointcloud_to_laserscan/lib/pointcloud_to_laserscan/pointcloud_to_laserscan_node
[0.282s] -- Up-to-date symlink: /home/vivian/map_fuse/install/pointcloud_to_laserscan/lib/liblaserscan_to_pointcloud.so
[0.283s] -- Up-to-date symlink: /home/vivian/map_fuse/install/pointcloud_to_laserscan/lib/libpointcloud_to_laserscan.so
[0.283s] -- Up-to-date symlink: /home/vivian/map_fuse/install/pointcloud_to_laserscan/lib/pointcloud_to_laserscan/dummy_pointcloud_publisher
[0.284s] -- Up-to-date symlink: /home/vivian/map_fuse/install/pointcloud_to_laserscan/include/include/pointcloud_to_laserscan/laserscan_to_pointcloud_node.hpp
[0.284s] -- Up-to-date symlink: /home/vivian/map_fuse/install/pointcloud_to_laserscan/include/include/pointcloud_to_laserscan/pointcloud_to_laserscan_node.hpp
[0.284s] -- Up-to-date symlink: /home/vivian/map_fuse/install/pointcloud_to_laserscan/include/include/pointcloud_to_laserscan/visibility_control.h
[0.285s] -- Up-to-date symlink: /home/vivian/map_fuse/install/pointcloud_to_laserscan/share/pointcloud_to_laserscan/launch/laserscan_to_pointcloud_launch.py
[0.285s] -- Up-to-date symlink: /home/vivian/map_fuse/install/pointcloud_to_laserscan/share/pointcloud_to_laserscan/launch/sample_laserscan_to_pointcloud_launch.py
[0.286s] -- Up-to-date symlink: /home/vivian/map_fuse/install/pointcloud_to_laserscan/share/pointcloud_to_laserscan/launch/sample_pointcloud_to_laserscan_launch.py
[0.286s] -- Up-to-date symlink: /home/vivian/map_fuse/install/pointcloud_to_laserscan/share/ament_index/resource_index/package_run_dependencies/pointcloud_to_laserscan
[0.286s] -- Up-to-date symlink: /home/vivian/map_fuse/install/pointcloud_to_laserscan/share/ament_index/resource_index/parent_prefix_path/pointcloud_to_laserscan
[0.286s] -- Up-to-date symlink: /home/vivian/map_fuse/install/pointcloud_to_laserscan/share/pointcloud_to_laserscan/environment/ament_prefix_path.sh
[0.287s] -- Up-to-date symlink: /home/vivian/map_fuse/install/pointcloud_to_laserscan/share/pointcloud_to_laserscan/environment/ament_prefix_path.dsv
[0.287s] -- Up-to-date symlink: /home/vivian/map_fuse/install/pointcloud_to_laserscan/share/pointcloud_to_laserscan/environment/path.sh
[0.287s] -- Up-to-date symlink: /home/vivian/map_fuse/install/pointcloud_to_laserscan/share/pointcloud_to_laserscan/environment/path.dsv
[0.288s] -- Up-to-date symlink: /home/vivian/map_fuse/install/pointcloud_to_laserscan/share/pointcloud_to_laserscan/local_setup.bash
[0.288s] -- Up-to-date symlink: /home/vivian/map_fuse/install/pointcloud_to_laserscan/share/pointcloud_to_laserscan/local_setup.sh
[0.288s] -- Up-to-date symlink: /home/vivian/map_fuse/install/pointcloud_to_laserscan/share/pointcloud_to_laserscan/local_setup.zsh
[0.289s] -- Up-to-date symlink: /home/vivian/map_fuse/install/pointcloud_to_laserscan/share/pointcloud_to_laserscan/local_setup.dsv
[0.289s] -- Symlinking: /home/vivian/map_fuse/install/pointcloud_to_laserscan/share/pointcloud_to_laserscan/package.dsv
[0.302s] -- Up-to-date symlink: /home/vivian/map_fuse/install/pointcloud_to_laserscan/share/ament_index/resource_index/packages/pointcloud_to_laserscan
[0.303s] -- Up-to-date symlink: /home/vivian/map_fuse/install/pointcloud_to_laserscan/share/ament_index/resource_index/rclcpp_components/pointcloud_to_laserscan
[0.303s] -- Up-to-date symlink: /home/vivian/map_fuse/install/pointcloud_to_laserscan/share/pointcloud_to_laserscan/cmake/pointcloud_to_laserscanConfig.cmake
[0.304s] -- Up-to-date symlink: /home/vivian/map_fuse/install/pointcloud_to_laserscan/share/pointcloud_to_laserscan/cmake/pointcloud_to_laserscanConfig-version.cmake
[0.304s] -- Up-to-date symlink: /home/vivian/map_fuse/install/pointcloud_to_laserscan/share/pointcloud_to_laserscan/package.xml
[0.313s] Invoked command in '/home/vivian/map_fuse/build/pointcloud_to_laserscan' returned '0': CMAKE_PREFIX_PATH=/home/vivian/map_fuse/install/laser_geometry:/home/vivian/map_fuse/install/pointcloud_to_laserscan:/home/vivian/map_fuse/install/cmr_msgs:/home/vivian/map_fuse/install/pc_projection:/home/vivian/map_fuse/install/icp_pc:/home/vivian/map_fuse/install/box_msgs:/home/vivian/map_fuse/install/serena_description:/home/vivian/map_fuse/install/map_fuse:/home/vivian/map_fuse/install/person_detection:/opt/ros/foxy /usr/bin/cmake --install /home/vivian/map_fuse/build/pointcloud_to_laserscan
