[  3%] Built target box_msgs__cpp
[ 12%] Built target box_msgs__rosidl_generator_c
[ 22%] Built target box_msgs__rosidl_typesupport_cpp
[ 32%] Built target box_msgs__rosidl_typesupport_introspection_cpp
[ 41%] Built target box_msgs__rosidl_typesupport_fastrtps_cpp
[ 51%] Built target box_msgs__rosidl_typesupport_introspection_c
[ 61%] Built target box_msgs__rosidl_typesupport_c
[ 70%] Built target box_msgs__rosidl_typesupport_fastrtps_c
[ 70%] Built target box_msgs
[ 74%] Built target box_msgs__py
[ 80%] Built target box_msgs__python
[ 87%] Built target box_msgs__rosidl_typesupport_introspection_c__pyext
[100%] Built target box_msgs__rosidl_typesupport_fastrtps_c__pyext
[100%] Built target box_msgs__rosidl_typesupport_c__pyext
-- Install configuration: ""
-- Execute custom install script
-- Up-to-date symlink: /home/vivian/map_fuse/install/box_msgs/share/ament_index/resource_index/rosidl_interfaces/box_msgs
-- Up-to-date symlink: /home/vivian/map_fuse/install/box_msgs/include/box_msgs/msg/box.h
-- Up-to-date symlink: /home/vivian/map_fuse/install/box_msgs/include/box_msgs/msg/detail/box__functions.h
-- Up-to-date symlink: /home/vivian/map_fuse/install/box_msgs/include/box_msgs/msg/detail/box__struct.h
-- Up-to-date symlink: /home/vivian/map_fuse/install/box_msgs/include/box_msgs/msg/detail/box__type_support.h
-- Up-to-date symlink: /home/vivian/map_fuse/install/box_msgs/include/box_msgs/msg/rosidl_generator_c__visibility_control.h
-- Up-to-date symlink: /home/vivian/map_fuse/install/box_msgs/share/box_msgs/environment/library_path.sh
-- Up-to-date symlink: /home/vivian/map_fuse/install/box_msgs/share/box_msgs/environment/library_path.dsv
-- Up-to-date symlink: /home/vivian/map_fuse/install/box_msgs/include/box_msgs/msg/detail/box__rosidl_typesupport_fastrtps_c.h
-- Up-to-date symlink: /home/vivian/map_fuse/install/box_msgs/include/box_msgs/msg/rosidl_typesupport_fastrtps_c__visibility_control.h
-- Up-to-date symlink: /home/vivian/map_fuse/install/box_msgs/lib/libbox_msgs__rosidl_typesupport_fastrtps_c.so
-- Up-to-date symlink: /home/vivian/map_fuse/install/box_msgs/include/box_msgs/msg/detail/box__rosidl_typesupport_fastrtps_cpp.hpp
-- Up-to-date symlink: /home/vivian/map_fuse/install/box_msgs/include/box_msgs/msg/rosidl_typesupport_fastrtps_cpp__visibility_control.h
-- Up-to-date symlink: /home/vivian/map_fuse/install/box_msgs/lib/libbox_msgs__rosidl_typesupport_fastrtps_cpp.so
-- Up-to-date symlink: /home/vivian/map_fuse/install/box_msgs/include/box_msgs/msg/detail/box__rosidl_typesupport_introspection_c.h
-- Up-to-date symlink: /home/vivian/map_fuse/install/box_msgs/include/box_msgs/msg/rosidl_typesupport_introspection_c__visibility_control.h
-- Up-to-date symlink: /home/vivian/map_fuse/install/box_msgs/include/box_msgs/msg/box.hpp
-- Up-to-date symlink: /home/vivian/map_fuse/install/box_msgs/include/box_msgs/msg/detail/box__builder.hpp
-- Up-to-date symlink: /home/vivian/map_fuse/install/box_msgs/include/box_msgs/msg/detail/box__struct.hpp
-- Up-to-date symlink: /home/vivian/map_fuse/install/box_msgs/include/box_msgs/msg/detail/box__traits.hpp
-- Up-to-date symlink: /home/vivian/map_fuse/install/box_msgs/include/box_msgs/msg/detail/box__rosidl_typesupport_introspection_cpp.hpp
-- Up-to-date symlink: /home/vivian/map_fuse/install/box_msgs/share/box_msgs/environment/pythonpath.sh
-- Up-to-date symlink: /home/vivian/map_fuse/install/box_msgs/share/box_msgs/environment/pythonpath.dsv
-- Up-to-date symlink: /home/vivian/map_fuse/install/box_msgs/lib/python3.8/site-packages/box_msgs/__init__.py
-- Up-to-date symlink: /home/vivian/map_fuse/install/box_msgs/lib/python3.8/site-packages/box_msgs/msg/__init__.py
-- Up-to-date symlink: /home/vivian/map_fuse/install/box_msgs/lib/python3.8/site-packages/box_msgs/msg/_box.py
-- Up-to-date symlink: /home/vivian/map_fuse/install/box_msgs/lib/python3.8/site-packages/box_msgs/box_msgs_s__rosidl_typesupport_fastrtps_c.cpython-38-x86_64-linux-gnu.so
-- Up-to-date symlink: /home/vivian/map_fuse/install/box_msgs/lib/python3.8/site-packages/box_msgs/box_msgs_s__rosidl_typesupport_introspection_c.cpython-38-x86_64-linux-gnu.so
-- Up-to-date symlink: /home/vivian/map_fuse/install/box_msgs/lib/python3.8/site-packages/box_msgs/box_msgs_s__rosidl_typesupport_c.cpython-38-x86_64-linux-gnu.so
-- Up-to-date symlink: /home/vivian/map_fuse/install/box_msgs/lib/libbox_msgs__python.so
-- Up-to-date symlink: /home/vivian/map_fuse/install/box_msgs/share/box_msgs/msg/Box.idl
-- Up-to-date symlink: /home/vivian/map_fuse/install/box_msgs/share/box_msgs/msg/Box.msg
-- Up-to-date symlink: /home/vivian/map_fuse/install/box_msgs/share/ament_index/resource_index/package_run_dependencies/box_msgs
-- Up-to-date symlink: /home/vivian/map_fuse/install/box_msgs/share/ament_index/resource_index/parent_prefix_path/box_msgs
-- Up-to-date symlink: /home/vivian/map_fuse/install/box_msgs/share/box_msgs/environment/ament_prefix_path.sh
-- Up-to-date symlink: /home/vivian/map_fuse/install/box_msgs/share/box_msgs/environment/ament_prefix_path.dsv
-- Up-to-date symlink: /home/vivian/map_fuse/install/box_msgs/share/box_msgs/environment/path.sh
-- Up-to-date symlink: /home/vivian/map_fuse/install/box_msgs/share/box_msgs/environment/path.dsv
-- Up-to-date symlink: /home/vivian/map_fuse/install/box_msgs/share/box_msgs/local_setup.bash
-- Up-to-date symlink: /home/vivian/map_fuse/install/box_msgs/share/box_msgs/local_setup.sh
-- Up-to-date symlink: /home/vivian/map_fuse/install/box_msgs/share/box_msgs/local_setup.zsh
-- Up-to-date symlink: /home/vivian/map_fuse/install/box_msgs/share/box_msgs/local_setup.dsv
-- Symlinking: /home/vivian/map_fuse/install/box_msgs/share/box_msgs/package.dsv
-- Up-to-date symlink: /home/vivian/map_fuse/install/box_msgs/share/ament_index/resource_index/packages/box_msgs
-- Up-to-date symlink: /home/vivian/map_fuse/install/box_msgs/share/box_msgs/cmake/rosidl_cmake-extras.cmake
-- Up-to-date symlink: /home/vivian/map_fuse/install/box_msgs/share/box_msgs/cmake/ament_cmake_export_dependencies-extras.cmake
-- Up-to-date symlink: /home/vivian/map_fuse/install/box_msgs/share/box_msgs/cmake/ament_cmake_export_libraries-extras.cmake
-- Up-to-date symlink: /home/vivian/map_fuse/install/box_msgs/share/box_msgs/cmake/ament_cmake_export_targets-extras.cmake
-- Up-to-date symlink: /home/vivian/map_fuse/install/box_msgs/share/box_msgs/cmake/ament_cmake_export_include_directories-extras.cmake
-- Up-to-date symlink: /home/vivian/map_fuse/install/box_msgs/share/box_msgs/cmake/rosidl_cmake_export_typesupport_libraries-extras.cmake
-- Up-to-date symlink: /home/vivian/map_fuse/install/box_msgs/share/box_msgs/cmake/rosidl_cmake_export_typesupport_targets-extras.cmake
-- Up-to-date symlink: /home/vivian/map_fuse/install/box_msgs/share/box_msgs/cmake/box_msgsConfig.cmake
-- Up-to-date symlink: /home/vivian/map_fuse/install/box_msgs/share/box_msgs/cmake/box_msgsConfig-version.cmake
-- Up-to-date symlink: /home/vivian/map_fuse/install/box_msgs/share/box_msgs/package.xml
-- Up-to-date: /home/vivian/map_fuse/install/box_msgs/lib/libbox_msgs__rosidl_generator_c.so
-- Up-to-date: /home/vivian/map_fuse/install/box_msgs/lib/libbox_msgs__rosidl_typesupport_introspection_c.so
-- Up-to-date: /home/vivian/map_fuse/install/box_msgs/lib/libbox_msgs__rosidl_typesupport_c.so
-- Up-to-date: /home/vivian/map_fuse/install/box_msgs/lib/libbox_msgs__rosidl_typesupport_introspection_cpp.so
-- Up-to-date: /home/vivian/map_fuse/install/box_msgs/lib/libbox_msgs__rosidl_typesupport_cpp.so
-- Up-to-date: /home/vivian/map_fuse/install/box_msgs/share/box_msgs/cmake/box_msgs__rosidl_generator_cExport.cmake
-- Up-to-date: /home/vivian/map_fuse/install/box_msgs/share/box_msgs/cmake/box_msgs__rosidl_generator_cExport-noconfig.cmake
-- Up-to-date: /home/vivian/map_fuse/install/box_msgs/share/box_msgs/cmake/box_msgs__rosidl_typesupport_introspection_cExport.cmake
-- Up-to-date: /home/vivian/map_fuse/install/box_msgs/share/box_msgs/cmake/box_msgs__rosidl_typesupport_introspection_cExport-noconfig.cmake
-- Up-to-date: /home/vivian/map_fuse/install/box_msgs/share/box_msgs/cmake/box_msgs__rosidl_typesupport_cExport.cmake
-- Up-to-date: /home/vivian/map_fuse/install/box_msgs/share/box_msgs/cmake/box_msgs__rosidl_typesupport_cExport-noconfig.cmake
-- Up-to-date: /home/vivian/map_fuse/install/box_msgs/share/box_msgs/cmake/box_msgs__rosidl_generator_cppExport.cmake
-- Up-to-date: /home/vivian/map_fuse/install/box_msgs/share/box_msgs/cmake/box_msgs__rosidl_typesupport_introspection_cppExport.cmake
-- Up-to-date: /home/vivian/map_fuse/install/box_msgs/share/box_msgs/cmake/box_msgs__rosidl_typesupport_introspection_cppExport-noconfig.cmake
-- Up-to-date: /home/vivian/map_fuse/install/box_msgs/share/box_msgs/cmake/box_msgs__rosidl_typesupport_cppExport.cmake
-- Up-to-date: /home/vivian/map_fuse/install/box_msgs/share/box_msgs/cmake/box_msgs__rosidl_typesupport_cppExport-noconfig.cmake
