[0.118s] Invoking command in '/home/vivian/map_fuse/build/box_msgs': CMAKE_PREFIX_PATH=${CMAKE_PREFIX_PATH}:/home/vivian/map_fuse/install/person_detection:/opt/ros/foxy /usr/bin/cmake --build /home/vivian/map_fuse/build/box_msgs -- -j12 -l12
[0.587s] [  3%] Built target box_msgs__cpp
[0.589s] [ 12%] Built target box_msgs__rosidl_generator_c
[0.589s] [ 22%] Built target box_msgs__rosidl_typesupport_cpp
[0.590s] [ 32%] Built target box_msgs__rosidl_typesupport_introspection_cpp
[0.590s] [ 41%] Built target box_msgs__rosidl_typesupport_fastrtps_cpp
[0.590s] [ 51%] Built target box_msgs__rosidl_typesupport_introspection_c
[0.590s] [ 61%] Built target box_msgs__rosidl_typesupport_c
[0.590s] [ 70%] Built target box_msgs__rosidl_typesupport_fastrtps_c
[0.590s] [ 70%] Built target box_msgs
[0.590s] [ 74%] Built target box_msgs__py
[0.590s] [ 80%] Built target box_msgs__python
[0.590s] [ 87%] Built target box_msgs__rosidl_typesupport_introspection_c__pyext
[0.591s] [100%] Built target box_msgs__rosidl_typesupport_fastrtps_c__pyext
[0.591s] [100%] Built target box_msgs__rosidl_typesupport_c__pyext
[0.597s] Invoked command in '/home/vivian/map_fuse/build/box_msgs' returned '0': CMAKE_PREFIX_PATH=${CMAKE_PREFIX_PATH}:/home/vivian/map_fuse/install/person_detection:/opt/ros/foxy /usr/bin/cmake --build /home/vivian/map_fuse/build/box_msgs -- -j12 -l12
[0.688s] Invoking command in '/home/vivian/map_fuse/build/box_msgs': CMAKE_PREFIX_PATH=${CMAKE_PREFIX_PATH}:/home/vivian/map_fuse/install/person_detection:/opt/ros/foxy /usr/bin/cmake --install /home/vivian/map_fuse/build/box_msgs
[0.706s] -- Install configuration: ""
[0.707s] -- Execute custom install script
[0.708s] -- Up-to-date symlink: /home/vivian/map_fuse/install/box_msgs/share/ament_index/resource_index/rosidl_interfaces/box_msgs
[0.710s] -- Up-to-date symlink: /home/vivian/map_fuse/install/box_msgs/include/box_msgs/msg/box.h
[0.710s] -- Up-to-date symlink: /home/vivian/map_fuse/install/box_msgs/include/box_msgs/msg/detail/box__functions.h
[0.711s] -- Up-to-date symlink: /home/vivian/map_fuse/install/box_msgs/include/box_msgs/msg/detail/box__struct.h
[0.711s] -- Up-to-date symlink: /home/vivian/map_fuse/install/box_msgs/include/box_msgs/msg/detail/box__type_support.h
[0.711s] -- Up-to-date symlink: /home/vivian/map_fuse/install/box_msgs/include/box_msgs/msg/rosidl_generator_c__visibility_control.h
[0.711s] -- Up-to-date symlink: /home/vivian/map_fuse/install/box_msgs/share/box_msgs/environment/library_path.sh
[0.712s] -- Up-to-date symlink: /home/vivian/map_fuse/install/box_msgs/share/box_msgs/environment/library_path.dsv
[0.712s] -- Up-to-date symlink: /home/vivian/map_fuse/install/box_msgs/include/box_msgs/msg/detail/box__rosidl_typesupport_fastrtps_c.h
[0.713s] -- Up-to-date symlink: /home/vivian/map_fuse/install/box_msgs/include/box_msgs/msg/rosidl_typesupport_fastrtps_c__visibility_control.h
[0.717s] -- Up-to-date symlink: /home/vivian/map_fuse/install/box_msgs/lib/libbox_msgs__rosidl_typesupport_fastrtps_c.so
[0.717s] -- Up-to-date symlink: /home/vivian/map_fuse/install/box_msgs/include/box_msgs/msg/detail/box__rosidl_typesupport_fastrtps_cpp.hpp
[0.718s] -- Up-to-date symlink: /home/vivian/map_fuse/install/box_msgs/include/box_msgs/msg/rosidl_typesupport_fastrtps_cpp__visibility_control.h
[0.718s] -- Up-to-date symlink: /home/vivian/map_fuse/install/box_msgs/lib/libbox_msgs__rosidl_typesupport_fastrtps_cpp.so
[0.719s] -- Up-to-date symlink: /home/vivian/map_fuse/install/box_msgs/include/box_msgs/msg/detail/box__rosidl_typesupport_introspection_c.h
[0.719s] -- Up-to-date symlink: /home/vivian/map_fuse/install/box_msgs/include/box_msgs/msg/rosidl_typesupport_introspection_c__visibility_control.h
[0.719s] -- Up-to-date symlink: /home/vivian/map_fuse/install/box_msgs/include/box_msgs/msg/box.hpp
[0.719s] -- Up-to-date symlink: /home/vivian/map_fuse/install/box_msgs/include/box_msgs/msg/detail/box__builder.hpp
[0.719s] -- Up-to-date symlink: /home/vivian/map_fuse/install/box_msgs/include/box_msgs/msg/detail/box__struct.hpp
[0.719s] -- Up-to-date symlink: /home/vivian/map_fuse/install/box_msgs/include/box_msgs/msg/detail/box__traits.hpp
[0.719s] -- Up-to-date symlink: /home/vivian/map_fuse/install/box_msgs/include/box_msgs/msg/detail/box__rosidl_typesupport_introspection_cpp.hpp
[0.720s] -- Up-to-date symlink: /home/vivian/map_fuse/install/box_msgs/share/box_msgs/environment/pythonpath.sh
[0.721s] -- Up-to-date symlink: /home/vivian/map_fuse/install/box_msgs/share/box_msgs/environment/pythonpath.dsv
[0.722s] -- Up-to-date symlink: /home/vivian/map_fuse/install/box_msgs/lib/python3.8/site-packages/box_msgs/__init__.py
[0.722s] -- Up-to-date symlink: /home/vivian/map_fuse/install/box_msgs/lib/python3.8/site-packages/box_msgs/msg/__init__.py
[0.722s] -- Up-to-date symlink: /home/vivian/map_fuse/install/box_msgs/lib/python3.8/site-packages/box_msgs/msg/_box.py
[0.722s] -- Up-to-date symlink: /home/vivian/map_fuse/install/box_msgs/lib/python3.8/site-packages/box_msgs/box_msgs_s__rosidl_typesupport_fastrtps_c.cpython-38-x86_64-linux-gnu.so
[0.724s] -- Up-to-date symlink: /home/vivian/map_fuse/install/box_msgs/lib/python3.8/site-packages/box_msgs/box_msgs_s__rosidl_typesupport_introspection_c.cpython-38-x86_64-linux-gnu.so
[0.726s] -- Up-to-date symlink: /home/vivian/map_fuse/install/box_msgs/lib/python3.8/site-packages/box_msgs/box_msgs_s__rosidl_typesupport_c.cpython-38-x86_64-linux-gnu.so
[0.727s] -- Up-to-date symlink: /home/vivian/map_fuse/install/box_msgs/lib/libbox_msgs__python.so
[0.727s] -- Up-to-date symlink: /home/vivian/map_fuse/install/box_msgs/share/box_msgs/msg/Box.idl
[0.727s] -- Up-to-date symlink: /home/vivian/map_fuse/install/box_msgs/share/box_msgs/msg/Box.msg
[0.728s] -- Up-to-date symlink: /home/vivian/map_fuse/install/box_msgs/share/ament_index/resource_index/package_run_dependencies/box_msgs
[0.729s] -- Up-to-date symlink: /home/vivian/map_fuse/install/box_msgs/share/ament_index/resource_index/parent_prefix_path/box_msgs
[0.729s] -- Up-to-date symlink: /home/vivian/map_fuse/install/box_msgs/share/box_msgs/environment/ament_prefix_path.sh
[0.729s] -- Up-to-date symlink: /home/vivian/map_fuse/install/box_msgs/share/box_msgs/environment/ament_prefix_path.dsv
[0.729s] -- Up-to-date symlink: /home/vivian/map_fuse/install/box_msgs/share/box_msgs/environment/path.sh
[0.729s] -- Up-to-date symlink: /home/vivian/map_fuse/install/box_msgs/share/box_msgs/environment/path.dsv
[0.729s] -- Up-to-date symlink: /home/vivian/map_fuse/install/box_msgs/share/box_msgs/local_setup.bash
[0.730s] -- Up-to-date symlink: /home/vivian/map_fuse/install/box_msgs/share/box_msgs/local_setup.sh
[0.731s] -- Up-to-date symlink: /home/vivian/map_fuse/install/box_msgs/share/box_msgs/local_setup.zsh
[0.732s] -- Up-to-date symlink: /home/vivian/map_fuse/install/box_msgs/share/box_msgs/local_setup.dsv
[0.732s] -- Symlinking: /home/vivian/map_fuse/install/box_msgs/share/box_msgs/package.dsv
[0.742s] -- Up-to-date symlink: /home/vivian/map_fuse/install/box_msgs/share/ament_index/resource_index/packages/box_msgs
[0.745s] -- Up-to-date symlink: /home/vivian/map_fuse/install/box_msgs/share/box_msgs/cmake/rosidl_cmake-extras.cmake
[0.745s] -- Up-to-date symlink: /home/vivian/map_fuse/install/box_msgs/share/box_msgs/cmake/ament_cmake_export_dependencies-extras.cmake
[0.745s] -- Up-to-date symlink: /home/vivian/map_fuse/install/box_msgs/share/box_msgs/cmake/ament_cmake_export_libraries-extras.cmake
[0.746s] -- Up-to-date symlink: /home/vivian/map_fuse/install/box_msgs/share/box_msgs/cmake/ament_cmake_export_targets-extras.cmake
[0.746s] -- Up-to-date symlink: /home/vivian/map_fuse/install/box_msgs/share/box_msgs/cmake/ament_cmake_export_include_directories-extras.cmake
[0.746s] -- Up-to-date symlink: /home/vivian/map_fuse/install/box_msgs/share/box_msgs/cmake/rosidl_cmake_export_typesupport_libraries-extras.cmake
[0.746s] -- Up-to-date symlink: /home/vivian/map_fuse/install/box_msgs/share/box_msgs/cmake/rosidl_cmake_export_typesupport_targets-extras.cmake
[0.746s] -- Up-to-date symlink: /home/vivian/map_fuse/install/box_msgs/share/box_msgs/cmake/box_msgsConfig.cmake
[0.746s] -- Up-to-date symlink: /home/vivian/map_fuse/install/box_msgs/share/box_msgs/cmake/box_msgsConfig-version.cmake
[0.746s] -- Up-to-date symlink: /home/vivian/map_fuse/install/box_msgs/share/box_msgs/package.xml
[0.748s] -- Up-to-date: /home/vivian/map_fuse/install/box_msgs/lib/libbox_msgs__rosidl_generator_c.so
[0.748s] -- Up-to-date: /home/vivian/map_fuse/install/box_msgs/lib/libbox_msgs__rosidl_typesupport_introspection_c.so
[0.749s] -- Up-to-date: /home/vivian/map_fuse/install/box_msgs/lib/libbox_msgs__rosidl_typesupport_c.so
[0.750s] -- Up-to-date: /home/vivian/map_fuse/install/box_msgs/lib/libbox_msgs__rosidl_typesupport_introspection_cpp.so
[0.751s] -- Up-to-date: /home/vivian/map_fuse/install/box_msgs/lib/libbox_msgs__rosidl_typesupport_cpp.so
[0.828s] -- Up-to-date: /home/vivian/map_fuse/install/box_msgs/share/box_msgs/cmake/box_msgs__rosidl_generator_cExport.cmake
[0.829s] -- Up-to-date: /home/vivian/map_fuse/install/box_msgs/share/box_msgs/cmake/box_msgs__rosidl_generator_cExport-noconfig.cmake
[0.829s] -- Up-to-date: /home/vivian/map_fuse/install/box_msgs/share/box_msgs/cmake/box_msgs__rosidl_typesupport_introspection_cExport.cmake
[0.829s] -- Up-to-date: /home/vivian/map_fuse/install/box_msgs/share/box_msgs/cmake/box_msgs__rosidl_typesupport_introspection_cExport-noconfig.cmake
[0.829s] -- Up-to-date: /home/vivian/map_fuse/install/box_msgs/share/box_msgs/cmake/box_msgs__rosidl_typesupport_cExport.cmake
[0.830s] -- Up-to-date: /home/vivian/map_fuse/install/box_msgs/share/box_msgs/cmake/box_msgs__rosidl_typesupport_cExport-noconfig.cmake
[0.833s] -- Up-to-date: /home/vivian/map_fuse/install/box_msgs/share/box_msgs/cmake/box_msgs__rosidl_generator_cppExport.cmake
[0.833s] -- Up-to-date: /home/vivian/map_fuse/install/box_msgs/share/box_msgs/cmake/box_msgs__rosidl_typesupport_introspection_cppExport.cmake
[0.833s] -- Up-to-date: /home/vivian/map_fuse/install/box_msgs/share/box_msgs/cmake/box_msgs__rosidl_typesupport_introspection_cppExport-noconfig.cmake
[0.833s] -- Up-to-date: /home/vivian/map_fuse/install/box_msgs/share/box_msgs/cmake/box_msgs__rosidl_typesupport_cppExport.cmake
[0.833s] -- Up-to-date: /home/vivian/map_fuse/install/box_msgs/share/box_msgs/cmake/box_msgs__rosidl_typesupport_cppExport-noconfig.cmake
[0.873s] Invoked command in '/home/vivian/map_fuse/build/box_msgs' returned '0': CMAKE_PREFIX_PATH=${CMAKE_PREFIX_PATH}:/home/vivian/map_fuse/install/person_detection:/opt/ros/foxy /usr/bin/cmake --install /home/vivian/map_fuse/build/box_msgs
