[0.098s] Invoking command in '/home/vivian/map_fuse/build/icp_pc': CMAKE_PREFIX_PATH=${CMAKE_PREFIX_PATH}:/home/vivian/map_fuse/install/person_detection:/opt/ros/foxy /usr/bin/cmake --build /home/vivian/map_fuse/build/icp_pc -- -j12 -l12
[0.593s] [35m[1mScanning dependencies of target icp_ex_node[0m
[0.593s] [ 25%] Built target pcd_write_node
[0.593s] [ 50%] Built target transform_test_node
[0.593s] [ 75%] [32mBuilding CXX object CMakeFiles/icp_ex_node.dir/src/example_icp_pc.cpp.o[0m
[0.593s] [ 87%] Built target icp_pc_node
[8.768s] [01m[K/home/vivian/map_fuse/src/icp_pc/src/example_icp_pc.cpp:[m[K In function ‘[01m[Kint main(int, char**)[m[K’:
[8.768s] [01m[K/home/vivian/map_fuse/src/icp_pc/src/example_icp_pc.cpp:29:11:[m[K [01;35m[Kwarning: [m[Kunused parameter ‘[01m[Kargc[m[K’ [[01;35m[K-Wunused-parameter[m[K]
[8.768s]    29 | main ([01;35m[Kint argc[m[K,
[8.768s]       |       [01;35m[K~~~~^~~~[m[K
[18.163s] [100%] [32m[1mLinking CXX executable icp_ex_node[0m
[21.283s] [100%] Built target icp_ex_node
[21.300s] Invoked command in '/home/vivian/map_fuse/build/icp_pc' returned '0': CMAKE_PREFIX_PATH=${CMAKE_PREFIX_PATH}:/home/vivian/map_fuse/install/person_detection:/opt/ros/foxy /usr/bin/cmake --build /home/vivian/map_fuse/build/icp_pc -- -j12 -l12
[21.340s] Invoking command in '/home/vivian/map_fuse/build/icp_pc': CMAKE_PREFIX_PATH=${CMAKE_PREFIX_PATH}:/home/vivian/map_fuse/install/person_detection:/opt/ros/foxy /usr/bin/cmake --install /home/vivian/map_fuse/build/icp_pc
[21.353s] -- Install configuration: ""
[21.353s] -- Execute custom install script
[21.353s] -- Up-to-date symlink: /home/vivian/map_fuse/install/icp_pc/lib/icp_pc/icp_ex_node
[21.354s] -- Up-to-date symlink: /home/vivian/map_fuse/install/icp_pc/lib/icp_pc/pcd_write_node
[21.354s] -- Up-to-date symlink: /home/vivian/map_fuse/install/icp_pc/lib/icp_pc/icp_pc_node
[21.354s] -- Up-to-date symlink: /home/vivian/map_fuse/install/icp_pc/lib/icp_pc/transform_test_node
[21.354s] -- Up-to-date symlink: /home/vivian/map_fuse/install/icp_pc/share/icp_pc/launch/laser_4901.pcd
[21.355s] -- Up-to-date symlink: /home/vivian/map_fuse/install/icp_pc/share/icp_pc/params/cam_4901.pcd
[21.355s] -- Up-to-date symlink: /home/vivian/map_fuse/install/icp_pc/share/icp_pc/params/cam_4956.pcd
[21.355s] -- Up-to-date symlink: /home/vivian/map_fuse/install/icp_pc/share/icp_pc/params/cam_5119.pcd
[21.355s] -- Up-to-date symlink: /home/vivian/map_fuse/install/icp_pc/share/icp_pc/params/cam_5207.pcd
[21.355s] -- Up-to-date symlink: /home/vivian/map_fuse/install/icp_pc/share/icp_pc/params/cam_pc_save_full.pcd
[21.355s] -- Up-to-date symlink: /home/vivian/map_fuse/install/icp_pc/share/icp_pc/params/laser_4901.pcd
[21.356s] -- Up-to-date symlink: /home/vivian/map_fuse/install/icp_pc/share/icp_pc/params/laser_4956.pcd
[21.356s] -- Up-to-date symlink: /home/vivian/map_fuse/install/icp_pc/share/icp_pc/params/laser_5119.pcd
[21.356s] -- Up-to-date symlink: /home/vivian/map_fuse/install/icp_pc/share/icp_pc/params/laser_5207.pcd
[21.356s] -- Up-to-date symlink: /home/vivian/map_fuse/install/icp_pc/share/icp_pc/params/pc_save.pcd
[21.356s] -- Up-to-date symlink: /home/vivian/map_fuse/install/icp_pc/share/icp_pc/params/pc_save_cam.pcd
[21.356s] -- Up-to-date symlink: /home/vivian/map_fuse/install/icp_pc/share/icp_pc/params/pc_save_lidar.pcd
[21.356s] -- Up-to-date symlink: /home/vivian/map_fuse/install/icp_pc/share/icp_pc/params/realsense_work.pcd
[21.356s] -- Up-to-date symlink: /home/vivian/map_fuse/install/icp_pc/share/icp_pc/params/rs_pc_ex.pcd
[21.357s] -- Up-to-date symlink: /home/vivian/map_fuse/install/icp_pc/share/icp_pc/params/serena_corner_cam.pcd
[21.357s] -- Up-to-date symlink: /home/vivian/map_fuse/install/icp_pc/share/icp_pc/params/serena_corner_scan.pcd
[21.357s] -- Up-to-date symlink: /home/vivian/map_fuse/install/icp_pc/share/icp_pc/params/vivi.pcd
[21.358s] -- Up-to-date symlink: /home/vivian/map_fuse/install/icp_pc/share/icp_pc/params/vivi2.pcd
[21.358s] -- Up-to-date symlink: /home/vivian/map_fuse/install/icp_pc/share/ament_index/resource_index/package_run_dependencies/icp_pc
[21.358s] -- Up-to-date symlink: /home/vivian/map_fuse/install/icp_pc/share/ament_index/resource_index/parent_prefix_path/icp_pc
[21.358s] -- Up-to-date symlink: /home/vivian/map_fuse/install/icp_pc/share/icp_pc/environment/ament_prefix_path.sh
[21.359s] -- Up-to-date symlink: /home/vivian/map_fuse/install/icp_pc/share/icp_pc/environment/ament_prefix_path.dsv
[21.359s] -- Up-to-date symlink: /home/vivian/map_fuse/install/icp_pc/share/icp_pc/environment/path.sh
[21.359s] -- Up-to-date symlink: /home/vivian/map_fuse/install/icp_pc/share/icp_pc/environment/path.dsv
[21.359s] -- Up-to-date symlink: /home/vivian/map_fuse/install/icp_pc/share/icp_pc/local_setup.bash
[21.359s] -- Up-to-date symlink: /home/vivian/map_fuse/install/icp_pc/share/icp_pc/local_setup.sh
[21.359s] -- Up-to-date symlink: /home/vivian/map_fuse/install/icp_pc/share/icp_pc/local_setup.zsh
[21.359s] -- Up-to-date symlink: /home/vivian/map_fuse/install/icp_pc/share/icp_pc/local_setup.dsv
[21.359s] -- Symlinking: /home/vivian/map_fuse/install/icp_pc/share/icp_pc/package.dsv
[21.372s] -- Up-to-date symlink: /home/vivian/map_fuse/install/icp_pc/share/ament_index/resource_index/packages/icp_pc
[21.372s] -- Up-to-date symlink: /home/vivian/map_fuse/install/icp_pc/share/icp_pc/cmake/ament_cmake_export_dependencies-extras.cmake
[21.373s] -- Up-to-date symlink: /home/vivian/map_fuse/install/icp_pc/share/icp_pc/cmake/icp_pcConfig.cmake
[21.373s] -- Up-to-date symlink: /home/vivian/map_fuse/install/icp_pc/share/icp_pc/cmake/icp_pcConfig-version.cmake
[21.373s] -- Up-to-date symlink: /home/vivian/map_fuse/install/icp_pc/share/icp_pc/package.xml
[21.379s] Invoked command in '/home/vivian/map_fuse/build/icp_pc' returned '0': CMAKE_PREFIX_PATH=${CMAKE_PREFIX_PATH}:/home/vivian/map_fuse/install/person_detection:/opt/ros/foxy /usr/bin/cmake --install /home/vivian/map_fuse/build/icp_pc
