[0.034s] Invoking command in '/home/vivian/map_fuse/build/pc_fuse': CMAKE_PREFIX_PATH=/home/vivian/map_fuse/install/box_msgs:/home/vivian/map_fuse/install/serena_description:/home/vivian/map_fuse/install/robot_bringup:/home/vivian/map_fuse/install/pointcloud_to_laserscan:/home/vivian/map_fuse/install/pc_projection:/home/vivian/map_fuse/install/pc_fuse:/home/vivian/map_fuse/install/laser_geometry:/home/vivian/map_fuse/install/icp_pc:/home/vivian/map_fuse/install/cmr_msgs:/home/vivian/map_fuse/install/person_detection:/opt/ros/foxy LD_LIBRARY_PATH=/home/vivian/map_fuse/install/box_msgs/lib:/home/vivian/map_fuse/install/pointcloud_to_laserscan/lib:/home/vivian/map_fuse/install/cmr_msgs/lib:/opt/ros/foxy/opt/yaml_cpp_vendor/lib:/opt/ros/foxy/opt/rviz_ogre_vendor/lib:/opt/ros/foxy/lib/x86_64-linux-gnu:/opt/ros/foxy/lib PYTHONPATH=/home/vivian/map_fuse/install/box_msgs/lib/python3.8/site-packages:/home/vivian/map_fuse/build/person_detection:/home/vivian/map_fuse/install/person_detection/lib/python3.8/site-packages:/home/vivian/map_fuse/install/cmr_msgs/lib/python3.8/site-packages:/opt/ros/foxy/lib/python3.8/site-packages /usr/bin/cmake --build /home/vivian/map_fuse/build/pc_fuse -- -j12 -l12
[0.148s] [ 33%] Built target box_time_node
[0.169s] [ 66%] Built target pc_fuse_node
[0.172s] [100%] Built target person_remove_node
[0.190s] Invoked command in '/home/vivian/map_fuse/build/pc_fuse' returned '0': CMAKE_PREFIX_PATH=/home/vivian/map_fuse/install/box_msgs:/home/vivian/map_fuse/install/serena_description:/home/vivian/map_fuse/install/robot_bringup:/home/vivian/map_fuse/install/pointcloud_to_laserscan:/home/vivian/map_fuse/install/pc_projection:/home/vivian/map_fuse/install/pc_fuse:/home/vivian/map_fuse/install/laser_geometry:/home/vivian/map_fuse/install/icp_pc:/home/vivian/map_fuse/install/cmr_msgs:/home/vivian/map_fuse/install/person_detection:/opt/ros/foxy LD_LIBRARY_PATH=/home/vivian/map_fuse/install/box_msgs/lib:/home/vivian/map_fuse/install/pointcloud_to_laserscan/lib:/home/vivian/map_fuse/install/cmr_msgs/lib:/opt/ros/foxy/opt/yaml_cpp_vendor/lib:/opt/ros/foxy/opt/rviz_ogre_vendor/lib:/opt/ros/foxy/lib/x86_64-linux-gnu:/opt/ros/foxy/lib PYTHONPATH=/home/vivian/map_fuse/install/box_msgs/lib/python3.8/site-packages:/home/vivian/map_fuse/build/person_detection:/home/vivian/map_fuse/install/person_detection/lib/python3.8/site-packages:/home/vivian/map_fuse/install/cmr_msgs/lib/python3.8/site-packages:/opt/ros/foxy/lib/python3.8/site-packages /usr/bin/cmake --build /home/vivian/map_fuse/build/pc_fuse -- -j12 -l12
[0.239s] Invoking command in '/home/vivian/map_fuse/build/pc_fuse': CMAKE_PREFIX_PATH=/home/vivian/map_fuse/install/box_msgs:/home/vivian/map_fuse/install/serena_description:/home/vivian/map_fuse/install/robot_bringup:/home/vivian/map_fuse/install/pointcloud_to_laserscan:/home/vivian/map_fuse/install/pc_projection:/home/vivian/map_fuse/install/pc_fuse:/home/vivian/map_fuse/install/laser_geometry:/home/vivian/map_fuse/install/icp_pc:/home/vivian/map_fuse/install/cmr_msgs:/home/vivian/map_fuse/install/person_detection:/opt/ros/foxy LD_LIBRARY_PATH=/home/vivian/map_fuse/install/box_msgs/lib:/home/vivian/map_fuse/install/pointcloud_to_laserscan/lib:/home/vivian/map_fuse/install/cmr_msgs/lib:/opt/ros/foxy/opt/yaml_cpp_vendor/lib:/opt/ros/foxy/opt/rviz_ogre_vendor/lib:/opt/ros/foxy/lib/x86_64-linux-gnu:/opt/ros/foxy/lib PYTHONPATH=/home/vivian/map_fuse/install/box_msgs/lib/python3.8/site-packages:/home/vivian/map_fuse/build/person_detection:/home/vivian/map_fuse/install/person_detection/lib/python3.8/site-packages:/home/vivian/map_fuse/install/cmr_msgs/lib/python3.8/site-packages:/opt/ros/foxy/lib/python3.8/site-packages /usr/bin/cmake --install /home/vivian/map_fuse/build/pc_fuse
[0.258s] -- Install configuration: ""
[0.259s] -- Execute custom install script
[0.261s] -- Up-to-date symlink: /home/vivian/map_fuse/install/pc_fuse/lib/pc_fuse/pc_fuse_node
[0.262s] -- Up-to-date symlink: /home/vivian/map_fuse/install/pc_fuse/lib/pc_fuse/person_remove_node
[0.262s] -- Up-to-date symlink: /home/vivian/map_fuse/install/pc_fuse/lib/pc_fuse/box_time_node
[0.265s] -- Up-to-date symlink: /home/vivian/map_fuse/install/pc_fuse/share/pc_fuse/launch/fused_pointcloud_launch.py
[0.265s] -- Up-to-date symlink: /home/vivian/map_fuse/install/pc_fuse/share/pc_fuse/launch/person_remove_launch.py
[0.266s] -- Up-to-date symlink: /home/vivian/map_fuse/install/pc_fuse/share/pc_fuse/launch/pointcloud_to_laserscan_launch.py
[0.267s] -- Up-to-date symlink: /home/vivian/map_fuse/install/pc_fuse/share/ament_index/resource_index/package_run_dependencies/pc_fuse
[0.268s] -- Up-to-date symlink: /home/vivian/map_fuse/install/pc_fuse/share/ament_index/resource_index/parent_prefix_path/pc_fuse
[0.268s] -- Up-to-date symlink: /home/vivian/map_fuse/install/pc_fuse/share/pc_fuse/environment/ament_prefix_path.sh
[0.269s] -- Up-to-date symlink: /home/vivian/map_fuse/install/pc_fuse/share/pc_fuse/environment/ament_prefix_path.dsv
[0.270s] -- Up-to-date symlink: /home/vivian/map_fuse/install/pc_fuse/share/pc_fuse/environment/path.sh
[0.271s] -- Up-to-date symlink: /home/vivian/map_fuse/install/pc_fuse/share/pc_fuse/environment/path.dsv
[0.271s] -- Up-to-date symlink: /home/vivian/map_fuse/install/pc_fuse/share/pc_fuse/local_setup.bash
[0.271s] -- Up-to-date symlink: /home/vivian/map_fuse/install/pc_fuse/share/pc_fuse/local_setup.sh
[0.271s] -- Up-to-date symlink: /home/vivian/map_fuse/install/pc_fuse/share/pc_fuse/local_setup.zsh
[0.272s] -- Up-to-date symlink: /home/vivian/map_fuse/install/pc_fuse/share/pc_fuse/local_setup.dsv
[0.273s] -- Symlinking: /home/vivian/map_fuse/install/pc_fuse/share/pc_fuse/package.dsv
[0.287s] -- Up-to-date symlink: /home/vivian/map_fuse/install/pc_fuse/share/ament_index/resource_index/packages/pc_fuse
[0.287s] -- Up-to-date symlink: /home/vivian/map_fuse/install/pc_fuse/share/pc_fuse/cmake/pc_fuseConfig.cmake
[0.287s] -- Up-to-date symlink: /home/vivian/map_fuse/install/pc_fuse/share/pc_fuse/cmake/pc_fuseConfig-version.cmake
[0.288s] -- Up-to-date symlink: /home/vivian/map_fuse/install/pc_fuse/share/pc_fuse/package.xml
[0.294s] Invoked command in '/home/vivian/map_fuse/build/pc_fuse' returned '0': CMAKE_PREFIX_PATH=/home/vivian/map_fuse/install/box_msgs:/home/vivian/map_fuse/install/serena_description:/home/vivian/map_fuse/install/robot_bringup:/home/vivian/map_fuse/install/pointcloud_to_laserscan:/home/vivian/map_fuse/install/pc_projection:/home/vivian/map_fuse/install/pc_fuse:/home/vivian/map_fuse/install/laser_geometry:/home/vivian/map_fuse/install/icp_pc:/home/vivian/map_fuse/install/cmr_msgs:/home/vivian/map_fuse/install/person_detection:/opt/ros/foxy LD_LIBRARY_PATH=/home/vivian/map_fuse/install/box_msgs/lib:/home/vivian/map_fuse/install/pointcloud_to_laserscan/lib:/home/vivian/map_fuse/install/cmr_msgs/lib:/opt/ros/foxy/opt/yaml_cpp_vendor/lib:/opt/ros/foxy/opt/rviz_ogre_vendor/lib:/opt/ros/foxy/lib/x86_64-linux-gnu:/opt/ros/foxy/lib PYTHONPATH=/home/vivian/map_fuse/install/box_msgs/lib/python3.8/site-packages:/home/vivian/map_fuse/build/person_detection:/home/vivian/map_fuse/install/person_detection/lib/python3.8/site-packages:/home/vivian/map_fuse/install/cmr_msgs/lib/python3.8/site-packages:/opt/ros/foxy/lib/python3.8/site-packages /usr/bin/cmake --install /home/vivian/map_fuse/build/pc_fuse
