[0.099s] Invoking command in '/home/vivian/map_fuse/build/laser_geometry': CMAKE_PREFIX_PATH=${CMAKE_PREFIX_PATH}:/home/vivian/map_fuse/install/person_detection:/opt/ros/foxy /usr/bin/cmake --build /home/vivian/map_fuse/build/laser_geometry -- -j12 -l12
[0.610s] [100%] Built target laser2pc_node
[0.622s] Invoked command in '/home/vivian/map_fuse/build/laser_geometry' returned '0': CMAKE_PREFIX_PATH=${CMAKE_PREFIX_PATH}:/home/vivian/map_fuse/install/person_detection:/opt/ros/foxy /usr/bin/cmake --build /home/vivian/map_fuse/build/laser_geometry -- -j12 -l12
[0.685s] Invoking command in '/home/vivian/map_fuse/build/laser_geometry': CMAKE_PREFIX_PATH=${CMAKE_PREFIX_PATH}:/home/vivian/map_fuse/install/person_detection:/opt/ros/foxy /usr/bin/cmake --install /home/vivian/map_fuse/build/laser_geometry
[0.702s] -- Install configuration: ""
[0.702s] -- Execute custom install script
[0.702s] -- Up-to-date symlink: /home/vivian/map_fuse/install/laser_geometry/lib/laser_geometry/laser2pc_node
[0.702s] -- Up-to-date symlink: /home/vivian/map_fuse/install/laser_geometry/share/ament_index/resource_index/package_run_dependencies/laser_geometry
[0.703s] -- Up-to-date symlink: /home/vivian/map_fuse/install/laser_geometry/share/ament_index/resource_index/parent_prefix_path/laser_geometry
[0.703s] -- Up-to-date symlink: /home/vivian/map_fuse/install/laser_geometry/share/laser_geometry/environment/ament_prefix_path.sh
[0.703s] -- Up-to-date symlink: /home/vivian/map_fuse/install/laser_geometry/share/laser_geometry/environment/ament_prefix_path.dsv
[0.703s] -- Up-to-date symlink: /home/vivian/map_fuse/install/laser_geometry/share/laser_geometry/environment/path.sh
[0.704s] -- Up-to-date symlink: /home/vivian/map_fuse/install/laser_geometry/share/laser_geometry/environment/path.dsv
[0.704s] -- Up-to-date symlink: /home/vivian/map_fuse/install/laser_geometry/share/laser_geometry/local_setup.bash
[0.704s] -- Up-to-date symlink: /home/vivian/map_fuse/install/laser_geometry/share/laser_geometry/local_setup.sh
[0.704s] -- Up-to-date symlink: /home/vivian/map_fuse/install/laser_geometry/share/laser_geometry/local_setup.zsh
[0.704s] -- Up-to-date symlink: /home/vivian/map_fuse/install/laser_geometry/share/laser_geometry/local_setup.dsv
[0.704s] -- Symlinking: /home/vivian/map_fuse/install/laser_geometry/share/laser_geometry/package.dsv
[0.728s] -- Up-to-date symlink: /home/vivian/map_fuse/install/laser_geometry/share/ament_index/resource_index/packages/laser_geometry
[0.728s] -- Up-to-date symlink: /home/vivian/map_fuse/install/laser_geometry/share/laser_geometry/cmake/laser_geometryConfig.cmake
[0.728s] -- Up-to-date symlink: /home/vivian/map_fuse/install/laser_geometry/share/laser_geometry/cmake/laser_geometryConfig-version.cmake
[0.729s] -- Up-to-date symlink: /home/vivian/map_fuse/install/laser_geometry/share/laser_geometry/package.xml
[0.752s] Invoked command in '/home/vivian/map_fuse/build/laser_geometry' returned '0': CMAKE_PREFIX_PATH=${CMAKE_PREFIX_PATH}:/home/vivian/map_fuse/install/person_detection:/opt/ros/foxy /usr/bin/cmake --install /home/vivian/map_fuse/build/laser_geometry
