[100%] Built target odom_pub_simulation
-- Install configuration: ""
-- Execute custom install script
-- Up-to-date symlink: /home/vivian/map_fuse/install/robot_bringup/share/robot_bringup/launch/__pycache__/hardware_launch.cpython-38.pyc
-- Up-to-date symlink: /home/vivian/map_fuse/install/robot_bringup/share/robot_bringup/launch/bringup_launch.py
-- Up-to-date symlink: /home/vivian/map_fuse/install/robot_bringup/share/robot_bringup/launch/hardware_launch.py
-- Up-to-date symlink: /home/vivian/map_fuse/install/robot_bringup/share/robot_bringup/launch/localization_launch.py
-- Up-to-date symlink: /home/vivian/map_fuse/install/robot_bringup/share/robot_bringup/launch/navigation_launch.py
-- Up-to-date symlink: /home/vivian/map_fuse/install/robot_bringup/share/robot_bringup/launch/robot_state_publisher.launch.py
-- Up-to-date symlink: /home/vivian/map_fuse/install/robot_bringup/share/robot_bringup/launch/rviz_launch.py
-- Up-to-date symlink: /home/vivian/map_fuse/install/robot_bringup/share/robot_bringup/launch/slam_launch.py
-- Up-to-date symlink: /home/vivian/map_fuse/install/robot_bringup/share/robot_bringup/launch/voxel_visualizer_launch.py
-- Up-to-date symlink: /home/vivian/map_fuse/install/robot_bringup/share/robot_bringup/maps/map_1621254001.pgm
-- Up-to-date symlink: /home/vivian/map_fuse/install/robot_bringup/share/robot_bringup/maps/map_1621254001.yaml
-- Up-to-date symlink: /home/vivian/map_fuse/install/robot_bringup/share/robot_bringup/maps/map_1621366066.pgm
-- Up-to-date symlink: /home/vivian/map_fuse/install/robot_bringup/share/robot_bringup/maps/map_1621366066.yaml
-- Up-to-date symlink: /home/vivian/map_fuse/install/robot_bringup/share/robot_bringup/maps/map_1621366922.pgm
-- Up-to-date symlink: /home/vivian/map_fuse/install/robot_bringup/share/robot_bringup/maps/map_1621366922.yaml
-- Up-to-date symlink: /home/vivian/map_fuse/install/robot_bringup/share/robot_bringup/maps/map_1621367683.pgm
-- Up-to-date symlink: /home/vivian/map_fuse/install/robot_bringup/share/robot_bringup/maps/map_1621367683.yaml
-- Up-to-date symlink: /home/vivian/map_fuse/install/robot_bringup/share/robot_bringup/maps/map_1621367897.pgm
-- Up-to-date symlink: /home/vivian/map_fuse/install/robot_bringup/share/robot_bringup/maps/map_1621367897.yaml
-- Up-to-date symlink: /home/vivian/map_fuse/install/robot_bringup/share/robot_bringup/maps/map_1621368754.pgm
-- Up-to-date symlink: /home/vivian/map_fuse/install/robot_bringup/share/robot_bringup/maps/map_1621368754.yaml
-- Up-to-date symlink: /home/vivian/map_fuse/install/robot_bringup/share/robot_bringup/maps/map_1621369285.pgm
-- Up-to-date symlink: /home/vivian/map_fuse/install/robot_bringup/share/robot_bringup/maps/map_1621369285.yaml
-- Up-to-date symlink: /home/vivian/map_fuse/install/robot_bringup/share/robot_bringup/maps/map_1621369829.pgm
-- Up-to-date symlink: /home/vivian/map_fuse/install/robot_bringup/share/robot_bringup/maps/map_1621369829.yaml
-- Up-to-date symlink: /home/vivian/map_fuse/install/robot_bringup/share/robot_bringup/maps/map_1621431402.pgm
-- Up-to-date symlink: /home/vivian/map_fuse/install/robot_bringup/share/robot_bringup/maps/map_1621431402.yaml
-- Up-to-date symlink: /home/vivian/map_fuse/install/robot_bringup/share/robot_bringup/maps/map_1621432267.pgm
-- Up-to-date symlink: /home/vivian/map_fuse/install/robot_bringup/share/robot_bringup/maps/map_1621432267.yaml
-- Up-to-date symlink: /home/vivian/map_fuse/install/robot_bringup/share/robot_bringup/maps/map_1621434642.pgm
-- Up-to-date symlink: /home/vivian/map_fuse/install/robot_bringup/share/robot_bringup/maps/map_1621434642.yaml
-- Up-to-date symlink: /home/vivian/map_fuse/install/robot_bringup/share/robot_bringup/maps/map_1621435167.pgm
-- Up-to-date symlink: /home/vivian/map_fuse/install/robot_bringup/share/robot_bringup/maps/map_1621435167.yaml
-- Up-to-date symlink: /home/vivian/map_fuse/install/robot_bringup/share/robot_bringup/maps/map_1621435332.pgm
-- Up-to-date symlink: /home/vivian/map_fuse/install/robot_bringup/share/robot_bringup/maps/map_1621435332.yaml
-- Up-to-date symlink: /home/vivian/map_fuse/install/robot_bringup/share/robot_bringup/maps/map_1621435513.pgm
-- Up-to-date symlink: /home/vivian/map_fuse/install/robot_bringup/share/robot_bringup/maps/map_1621435513.yaml
-- Up-to-date symlink: /home/vivian/map_fuse/install/robot_bringup/share/robot_bringup/maps/map_1621435752.pgm
-- Up-to-date symlink: /home/vivian/map_fuse/install/robot_bringup/share/robot_bringup/maps/map_1621435752.yaml
-- Up-to-date symlink: /home/vivian/map_fuse/install/robot_bringup/share/robot_bringup/maps/map_1621436295.pgm
-- Up-to-date symlink: /home/vivian/map_fuse/install/robot_bringup/share/robot_bringup/maps/map_1621436295.yaml
-- Up-to-date symlink: /home/vivian/map_fuse/install/robot_bringup/share/robot_bringup/maps/map_1621445921.pgm
-- Up-to-date symlink: /home/vivian/map_fuse/install/robot_bringup/share/robot_bringup/maps/map_1621445921.yaml
-- Up-to-date symlink: /home/vivian/map_fuse/install/robot_bringup/share/robot_bringup/maps/map_1621446085.pgm
-- Up-to-date symlink: /home/vivian/map_fuse/install/robot_bringup/share/robot_bringup/maps/map_1621446085.yaml
-- Up-to-date symlink: /home/vivian/map_fuse/install/robot_bringup/share/robot_bringup/maps/map_1621446301.pgm
-- Up-to-date symlink: /home/vivian/map_fuse/install/robot_bringup/share/robot_bringup/maps/map_1621446301.yaml
-- Up-to-date symlink: /home/vivian/map_fuse/install/robot_bringup/share/robot_bringup/maps/map_1621447216.pgm
-- Up-to-date symlink: /home/vivian/map_fuse/install/robot_bringup/share/robot_bringup/maps/map_1621447216.yaml
-- Up-to-date symlink: /home/vivian/map_fuse/install/robot_bringup/share/robot_bringup/maps/map_1621447662.pgm
-- Up-to-date symlink: /home/vivian/map_fuse/install/robot_bringup/share/robot_bringup/maps/map_1621447662.yaml
-- Up-to-date symlink: /home/vivian/map_fuse/install/robot_bringup/share/robot_bringup/maps/map_1621448961.pgm
-- Up-to-date symlink: /home/vivian/map_fuse/install/robot_bringup/share/robot_bringup/maps/map_1621448961.yaml
-- Up-to-date symlink: /home/vivian/map_fuse/install/robot_bringup/share/robot_bringup/maps/map_1621454819.pgm
-- Up-to-date symlink: /home/vivian/map_fuse/install/robot_bringup/share/robot_bringup/maps/map_1621454819.yaml
-- Up-to-date symlink: /home/vivian/map_fuse/install/robot_bringup/share/robot_bringup/maps/map_1621455891.pgm
-- Up-to-date symlink: /home/vivian/map_fuse/install/robot_bringup/share/robot_bringup/maps/map_1621455891.yaml
-- Up-to-date symlink: /home/vivian/map_fuse/install/robot_bringup/share/robot_bringup/maps/map_1621459225.pgm
-- Up-to-date symlink: /home/vivian/map_fuse/install/robot_bringup/share/robot_bringup/maps/map_1621459225.yaml
-- Up-to-date symlink: /home/vivian/map_fuse/install/robot_bringup/share/robot_bringup/maps/map_1621459400.pgm
-- Up-to-date symlink: /home/vivian/map_fuse/install/robot_bringup/share/robot_bringup/maps/map_1621459400.yaml
-- Up-to-date symlink: /home/vivian/map_fuse/install/robot_bringup/share/robot_bringup/maps/map_1621459820.pgm
-- Up-to-date symlink: /home/vivian/map_fuse/install/robot_bringup/share/robot_bringup/maps/map_1621459820.yaml
-- Up-to-date symlink: /home/vivian/map_fuse/install/robot_bringup/share/robot_bringup/maps/map_1621460063.pgm
-- Up-to-date symlink: /home/vivian/map_fuse/install/robot_bringup/share/robot_bringup/maps/map_1621460063.yaml
-- Up-to-date symlink: /home/vivian/map_fuse/install/robot_bringup/share/robot_bringup/maps/map_1621460450.pgm
-- Up-to-date symlink: /home/vivian/map_fuse/install/robot_bringup/share/robot_bringup/maps/map_1621460450.yaml
-- Up-to-date symlink: /home/vivian/map_fuse/install/robot_bringup/share/robot_bringup/maps/map_1621460602.pgm
-- Up-to-date symlink: /home/vivian/map_fuse/install/robot_bringup/share/robot_bringup/maps/map_1621460602.yaml
-- Up-to-date symlink: /home/vivian/map_fuse/install/robot_bringup/share/robot_bringup/maps/map_server_params.yaml
-- Up-to-date symlink: /home/vivian/map_fuse/install/robot_bringup/share/robot_bringup/maps/serena_30_1.pgm
-- Up-to-date symlink: /home/vivian/map_fuse/install/robot_bringup/share/robot_bringup/maps/serena_30_1.yaml
-- Up-to-date symlink: /home/vivian/map_fuse/install/robot_bringup/share/robot_bringup/maps/serena_map.pgm
-- Up-to-date symlink: /home/vivian/map_fuse/install/robot_bringup/share/robot_bringup/maps/serena_map.yaml
-- Up-to-date symlink: /home/vivian/map_fuse/install/robot_bringup/share/robot_bringup/params/dds_config.xml
-- Up-to-date symlink: /home/vivian/map_fuse/install/robot_bringup/share/robot_bringup/params/live.yaml
-- Up-to-date symlink: /home/vivian/map_fuse/install/robot_bringup/share/robot_bringup/params/mapper_params_online_async.yaml
-- Up-to-date symlink: /home/vivian/map_fuse/install/robot_bringup/share/robot_bringup/params/nav_params.yaml
-- Up-to-date symlink: /home/vivian/map_fuse/install/robot_bringup/share/robot_bringup/params/robot_rviz_config.rviz
-- Up-to-date symlink: /home/vivian/map_fuse/install/robot_bringup/share/robot_bringup/params/slam_toolbox_params.yaml
-- Up-to-date symlink: /home/vivian/map_fuse/install/robot_bringup/lib/robot_bringup/odom_pub_simulation
-- Up-to-date symlink: /home/vivian/map_fuse/install/robot_bringup/share/ament_index/resource_index/package_run_dependencies/robot_bringup
-- Up-to-date symlink: /home/vivian/map_fuse/install/robot_bringup/share/ament_index/resource_index/parent_prefix_path/robot_bringup
-- Up-to-date symlink: /home/vivian/map_fuse/install/robot_bringup/share/robot_bringup/environment/ament_prefix_path.sh
-- Up-to-date symlink: /home/vivian/map_fuse/install/robot_bringup/share/robot_bringup/environment/ament_prefix_path.dsv
-- Up-to-date symlink: /home/vivian/map_fuse/install/robot_bringup/share/robot_bringup/environment/path.sh
-- Up-to-date symlink: /home/vivian/map_fuse/install/robot_bringup/share/robot_bringup/environment/path.dsv
-- Up-to-date symlink: /home/vivian/map_fuse/install/robot_bringup/share/robot_bringup/local_setup.bash
-- Up-to-date symlink: /home/vivian/map_fuse/install/robot_bringup/share/robot_bringup/local_setup.sh
-- Up-to-date symlink: /home/vivian/map_fuse/install/robot_bringup/share/robot_bringup/local_setup.zsh
-- Up-to-date symlink: /home/vivian/map_fuse/install/robot_bringup/share/robot_bringup/local_setup.dsv
-- Symlinking: /home/vivian/map_fuse/install/robot_bringup/share/robot_bringup/package.dsv
-- Up-to-date symlink: /home/vivian/map_fuse/install/robot_bringup/share/ament_index/resource_index/packages/robot_bringup
-- Up-to-date symlink: /home/vivian/map_fuse/install/robot_bringup/share/robot_bringup/cmake/robot_bringupConfig.cmake
-- Up-to-date symlink: /home/vivian/map_fuse/install/robot_bringup/share/robot_bringup/cmake/robot_bringupConfig-version.cmake
-- Up-to-date symlink: /home/vivian/map_fuse/install/robot_bringup/share/robot_bringup/package.xml
