[0.021s] Invoking command in '/home/vivian/map_fuse/build/pc_fuse': CMAKE_PREFIX_PATH=/home/vivian/map_fuse/install/box_msgs:/home/vivian/map_fuse/install/pointcloud_to_laserscan:/home/vivian/map_fuse/install/cmr_msgs:/home/vivian/map_fuse/install/pc_projection:/home/vivian/map_fuse/install/laser_geometry:/home/vivian/map_fuse/install/icp_pc:/home/vivian/map_fuse/install/serena_description:/home/vivian/map_fuse/install/map_fuse:/home/vivian/map_fuse/install/person_detection:/opt/ros/foxy LD_LIBRARY_PATH=/home/vivian/map_fuse/install/box_msgs/lib:/home/vivian/map_fuse/install/pointcloud_to_laserscan/lib:/home/vivian/map_fuse/install/cmr_msgs/lib:/opt/ros/foxy/opt/yaml_cpp_vendor/lib:/opt/ros/foxy/opt/rviz_ogre_vendor/lib:/opt/ros/foxy/lib/x86_64-linux-gnu:/opt/ros/foxy/lib PYTHONPATH=/home/vivian/map_fuse/install/box_msgs/lib/python3.8/site-packages:/home/vivian/map_fuse/install/cmr_msgs/lib/python3.8/site-packages:/home/vivian/map_fuse/build/person_detection:/home/vivian/map_fuse/install/person_detection/lib/python3.8/site-packages:/opt/ros/foxy/lib/python3.8/site-packages /usr/bin/cmake /home/vivian/map_fuse/src/pc_fuse -DAMENT_CMAKE_SYMLINK_INSTALL=1 -DCMAKE_INSTALL_PREFIX=/home/vivian/map_fuse/install/pc_fuse
[0.115s] -- The C compiler identification is GNU 9.3.0
[0.209s] -- The CXX compiler identification is GNU 9.3.0
[0.218s] -- Check for working C compiler: /usr/bin/cc
[0.330s] -- Check for working C compiler: /usr/bin/cc -- works
[0.332s] -- Detecting C compiler ABI info
[0.442s] -- Detecting C compiler ABI info - done
[0.466s] -- Detecting C compile features
[0.466s] -- Detecting C compile features - done
[0.471s] -- Check for working CXX compiler: /usr/bin/c++
[0.605s] -- Check for working CXX compiler: /usr/bin/c++ -- works
[0.607s] -- Detecting CXX compiler ABI info
[0.739s] -- Detecting CXX compiler ABI info - done
[0.764s] -- Detecting CXX compile features
[0.765s] -- Detecting CXX compile features - done
[0.788s] -- Checking for module 'eigen3'
[0.811s] --   Found eigen3, version 3.3.7
[0.865s] -- Found Eigen: /usr/include/eigen3 (Required is at least version "3.1") 
[0.865s] -- Eigen found (include: /usr/include/eigen3, version: 3.3.7)
[0.989s] -- Found Boost: /usr/include (found suitable version "1.71.0", minimum required is "1.55.0") found components: system filesystem date_time iostreams regex 
[1.016s] -- Checking for module 'flann'
[1.042s] --   Found flann, version 1.9.1
[1.112s] -- Found FLANN: /usr/lib/x86_64-linux-gnu/libflann_cpp.so  
[1.233s] -- The imported target "vtkParseOGLExt" references the file
[1.233s]    "/usr/bin/vtkParseOGLExt-7.1"
[1.233s] but this file does not exist.  Possible reasons include:
[1.234s] * The file was deleted, renamed, or moved to another location.
[1.234s] * An install or uninstall procedure did not complete successfully.
[1.234s] * The installation package was faulty and contained
[1.234s]    "/usr/lib/cmake/vtk-7.1/VTKTargets.cmake"
[1.234s] but not all the files it references.
[1.234s] 
[1.234s] -- The imported target "vtkRenderingPythonTkWidgets" references the file
[1.235s]    "/usr/lib/x86_64-linux-gnu/libvtkRenderingPythonTkWidgets.so"
[1.235s] but this file does not exist.  Possible reasons include:
[1.235s] * The file was deleted, renamed, or moved to another location.
[1.235s] * An install or uninstall procedure did not complete successfully.
[1.235s] * The installation package was faulty and contained
[1.235s]    "/usr/lib/cmake/vtk-7.1/VTKTargets.cmake"
[1.235s] but not all the files it references.
[1.236s] 
[1.236s] -- The imported target "vtk" references the file
[1.236s]    "/usr/bin/vtk"
[1.236s] but this file does not exist.  Possible reasons include:
[1.236s] * The file was deleted, renamed, or moved to another location.
[1.236s] * An install or uninstall procedure did not complete successfully.
[1.236s] * The installation package was faulty and contained
[1.236s]    "/usr/lib/cmake/vtk-7.1/VTKTargets.cmake"
[1.237s] but not all the files it references.
[1.237s] 
[1.239s] -- The imported target "pvtk" references the file
[1.239s]    "/usr/bin/pvtk"
[1.239s] but this file does not exist.  Possible reasons include:
[1.239s] * The file was deleted, renamed, or moved to another location.
[1.240s] * An install or uninstall procedure did not complete successfully.
[1.240s] * The installation package was faulty and contained
[1.240s]    "/usr/lib/cmake/vtk-7.1/VTKTargets.cmake"
[1.240s] but not all the files it references.
[1.240s] 
[1.274s] -- Checking for module 'libusb-1.0'
[1.279s] --   No package 'libusb-1.0' found
[1.285s] -- Could NOT find USB_10 (missing: USB_10_LIBRARY USB_10_INCLUDE_DIR) 
[1.286s] -- OpenNI disabled because libusb-1.0 not found.
[1.286s] ** WARNING ** io features related to openni will be disabled
[1.293s] -- Checking for module 'libusb-1.0'
[1.298s] --   No package 'libusb-1.0' found
[1.304s] -- Could NOT find USB_10 (missing: USB_10_LIBRARY USB_10_INCLUDE_DIR) 
[1.304s] -- OpenNI 2 disabled because libusb-1.0 not found.
[1.305s] ** WARNING ** io features related to openni2 will be disabled
[1.305s] ** WARNING ** io features related to pcap will be disabled
[1.306s] ** WARNING ** io features related to png will be disabled
[1.339s] -- LIBUSB_1_LIBRARY (missing: LIBUSB_1_INCLUDE_DIR) 
[1.339s] ** WARNING ** io features related to libusb-1.0 will be disabled
[1.347s] -- Checking for module 'libusb-1.0'
[1.352s] --   No package 'libusb-1.0' found
[1.358s] -- Could NOT find USB_10 (missing: USB_10_LIBRARY USB_10_INCLUDE_DIR) 
[1.358s] -- OpenNI disabled because libusb-1.0 not found.
[1.358s] ** WARNING ** visualization features related to openni will be disabled
[1.367s] -- Checking for module 'libusb-1.0'
[1.373s] --   No package 'libusb-1.0' found
[1.379s] -- Could NOT find USB_10 (missing: USB_10_LIBRARY USB_10_INCLUDE_DIR) 
[1.379s] -- OpenNI 2 disabled because libusb-1.0 not found.
[1.380s] ** WARNING ** visualization features related to openni2 will be disabled
[1.446s] -- Found Qhull: optimized;/usr/lib/x86_64-linux-gnu/libqhull.so;debug;/usr/lib/x86_64-linux-gnu/libqhull.so  
[1.446s] -- QHULL found (include: /usr/include, lib: optimized;/usr/lib/x86_64-linux-gnu/libqhull.so;debug;/usr/lib/x86_64-linux-gnu/libqhull.so)
[1.454s] -- Checking for module 'libusb-1.0'
[1.459s] --   No package 'libusb-1.0' found
[1.465s] -- Could NOT find USB_10 (missing: USB_10_LIBRARY USB_10_INCLUDE_DIR) 
[1.465s] -- OpenNI disabled because libusb-1.0 not found.
[1.465s] ** WARNING ** apps features related to openni will be disabled
[1.492s] -- looking for PCL_COMMON
[1.495s] -- Found PCL_COMMON: /usr/lib/x86_64-linux-gnu/libpcl_common.so  
[1.495s] -- looking for PCL_KDTREE
[1.498s] -- Found PCL_KDTREE: /usr/lib/x86_64-linux-gnu/libpcl_kdtree.so  
[1.498s] -- looking for PCL_OCTREE
[1.501s] -- Found PCL_OCTREE: /usr/lib/x86_64-linux-gnu/libpcl_octree.so  
[1.501s] -- looking for PCL_SEARCH
[1.503s] -- Found PCL_SEARCH: /usr/lib/x86_64-linux-gnu/libpcl_search.so  
[1.504s] -- looking for PCL_SAMPLE_CONSENSUS
[1.506s] -- Found PCL_SAMPLE_CONSENSUS: /usr/lib/x86_64-linux-gnu/libpcl_sample_consensus.so  
[1.507s] -- looking for PCL_FILTERS
[1.509s] -- Found PCL_FILTERS: /usr/lib/x86_64-linux-gnu/libpcl_filters.so  
[1.510s] -- looking for PCL_2D
[1.511s] -- Found PCL_2D: /usr/include/pcl-1.10  
[1.511s] -- looking for PCL_GEOMETRY
[1.512s] -- Found PCL_GEOMETRY: /usr/include/pcl-1.10  
[1.512s] -- looking for PCL_IO
[1.515s] -- Found PCL_IO: /usr/lib/x86_64-linux-gnu/libpcl_io.so  
[1.515s] -- looking for PCL_FEATURES
[1.518s] -- Found PCL_FEATURES: /usr/lib/x86_64-linux-gnu/libpcl_features.so  
[1.519s] -- looking for PCL_ML
[1.521s] -- Found PCL_ML: /usr/lib/x86_64-linux-gnu/libpcl_ml.so  
[1.522s] -- looking for PCL_SEGMENTATION
[1.524s] -- Found PCL_SEGMENTATION: /usr/lib/x86_64-linux-gnu/libpcl_segmentation.so  
[1.525s] -- looking for PCL_VISUALIZATION
[1.528s] -- Found PCL_VISUALIZATION: /usr/lib/x86_64-linux-gnu/libpcl_visualization.so  
[1.528s] -- looking for PCL_SURFACE
[1.531s] -- Found PCL_SURFACE: /usr/lib/x86_64-linux-gnu/libpcl_surface.so  
[1.532s] -- looking for PCL_REGISTRATION
[1.534s] -- Found PCL_REGISTRATION: /usr/lib/x86_64-linux-gnu/libpcl_registration.so  
[1.535s] -- looking for PCL_KEYPOINTS
[1.538s] -- Found PCL_KEYPOINTS: /usr/lib/x86_64-linux-gnu/libpcl_keypoints.so  
[1.539s] -- looking for PCL_TRACKING
[1.541s] -- Found PCL_TRACKING: /usr/lib/x86_64-linux-gnu/libpcl_tracking.so  
[1.542s] -- looking for PCL_RECOGNITION
[1.544s] -- Found PCL_RECOGNITION: /usr/lib/x86_64-linux-gnu/libpcl_recognition.so  
[1.545s] -- looking for PCL_STEREO
[1.548s] -- Found PCL_STEREO: /usr/lib/x86_64-linux-gnu/libpcl_stereo.so  
[1.549s] -- looking for PCL_APPS
[1.551s] -- Found PCL_APPS: /usr/lib/x86_64-linux-gnu/libpcl_apps.so  
[1.554s] -- looking for PCL_IN_HAND_SCANNER
[1.554s] -- Found PCL_IN_HAND_SCANNER: /usr/include/pcl-1.10  
[1.554s] -- looking for PCL_POINT_CLOUD_EDITOR
[1.555s] -- Found PCL_POINT_CLOUD_EDITOR: /usr/include/pcl-1.10  
[1.572s] -- looking for PCL_OUTOFCORE
[1.572s] -- Found PCL_OUTOFCORE: /usr/lib/x86_64-linux-gnu/libpcl_outofcore.so  
[1.573s] -- looking for PCL_PEOPLE
[1.573s] -- Found PCL_PEOPLE: /usr/lib/x86_64-linux-gnu/libpcl_people.so  
[1.573s] -- Found PCL: pcl_common;pcl_kdtree;pcl_octree;pcl_search;pcl_sample_consensus;pcl_filters;pcl_io;pcl_features;pcl_ml;pcl_segmentation;pcl_visualization;pcl_surface;pcl_registration;pcl_keypoints;pcl_tracking;pcl_recognition;pcl_stereo;pcl_apps;pcl_outofcore;pcl_people;/usr/lib/x86_64-linux-gnu/libboost_system.so;/usr/lib/x86_64-linux-gnu/libboost_filesystem.so;/usr/lib/x86_64-linux-gnu/libboost_date_time.so;/usr/lib/x86_64-linux-gnu/libboost_iostreams.so;/usr/lib/x86_64-linux-gnu/libboost_regex.so;optimized;/usr/lib/x86_64-linux-gnu/libqhull.so;debug;/usr/lib/x86_64-linux-gnu/libqhull.so;vtkChartsCore;vtkCommonColor;vtkCommonCore;vtksys;vtkCommonDataModel;vtkCommonMath;vtkCommonMisc;vtkCommonSystem;vtkCommonTransforms;vtkCommonExecutionModel;vtkFiltersGeneral;vtkCommonComputationalGeometry;vtkFiltersCore;vtkInfovisCore;vtkFiltersExtraction;vtkFiltersStatistics;vtkImagingFourier;vtkImagingCore;vtkalglib;vtkRenderingContext2D;vtkRenderingCore;vtkFiltersGeometry;vtkFiltersSources;vtkRenderingFreeType;/usr/lib/x86_64-linux-gnu/libfreetype.so;/usr/lib/x86_64-linux-gnu/libz.so;vtkFiltersModeling;vtkImagingSources;vtkInteractionStyle;vtkInteractionWidgets;vtkFiltersHybrid;vtkImagingColor;vtkImagingGeneral;vtkImagingHybrid;vtkIOImage;vtkDICOMParser;vtkmetaio;/usr/lib/x86_64-linux-gnu/libjpeg.so;/usr/lib/x86_64-linux-gnu/libpng.so;/usr/lib/x86_64-linux-gnu/libtiff.so;vtkRenderingAnnotation;vtkRenderingVolume;vtkIOXML;vtkIOCore;vtkIOXMLParser;/usr/lib/x86_64-linux-gnu/libexpat.so;vtkIOGeometry;vtkIOLegacy;vtkIOPLY;vtkRenderingLOD;vtkViewsContext2D;vtkViewsCore;vtkRenderingContextOpenGL2;vtkRenderingOpenGL2;FLANN::FLANN  
[1.573s] -- Found ament_cmake: 0.9.8 (/opt/ros/foxy/share/ament_cmake/cmake)
[1.622s] -- Found PythonInterp: /usr/bin/python3 (found suitable version "3.8.5", minimum required is "3") 
[1.623s] -- Using PYTHON_EXECUTABLE: /usr/bin/python3
[1.971s] -- Override CMake install command with custom implementation using symlinks instead of copying resources
[2.022s] -- Found rclcpp: 2.3.1 (/opt/ros/foxy/share/rclcpp/cmake)
[2.108s] -- Using all available rosidl_typesupport_c: rosidl_typesupport_fastrtps_c;rosidl_typesupport_introspection_c
[2.125s] -- Found rosidl_adapter: 1.2.1 (/opt/ros/foxy/share/rosidl_adapter/cmake)
[2.255s] -- Found OpenSSL: /usr/lib/x86_64-linux-gnu/libcrypto.so (found version "1.1.1f")  
[2.306s] -- Found FastRTPS: /opt/ros/foxy/include  
[2.420s] -- Using all available rosidl_typesupport_cpp: rosidl_typesupport_fastrtps_cpp;rosidl_typesupport_introspection_cpp
[2.511s] -- Found rmw_implementation_cmake: 1.0.3 (/opt/ros/foxy/share/rmw_implementation_cmake/cmake)
[2.514s] -- Using RMW implementation 'rmw_fastrtps_cpp' as default
[2.516s] -- Looking for pthread.h
[2.624s] -- Looking for pthread.h - found
[2.625s] -- Performing Test CMAKE_HAVE_LIBC_PTHREAD
[2.754s] -- Performing Test CMAKE_HAVE_LIBC_PTHREAD - Failed
[2.755s] -- Looking for pthread_create in pthreads
[2.850s] -- Looking for pthread_create in pthreads - not found
[2.850s] -- Looking for pthread_create in pthread
[2.974s] -- Looking for pthread_create in pthread - found
[2.976s] -- Found Threads: TRUE  
[3.350s] -- Found sensor_msgs: 2.0.4 (/opt/ros/foxy/share/sensor_msgs/cmake)
[3.644s] -- Found std_srvs: 2.0.4 (/opt/ros/foxy/share/std_srvs/cmake)
[3.673s] -- Found tf2: 0.13.10 (/opt/ros/foxy/share/tf2/cmake)
[3.701s] -- Found tf2_eigen: 0.13.10 (/opt/ros/foxy/share/tf2_eigen/cmake)
[4.571s] -- Found tf2_geometry_msgs: 0.13.10 (/opt/ros/foxy/share/tf2_geometry_msgs/cmake)
[4.594s] -- Found Eigen3: TRUE (found version "3.3.7") 
[4.657s] -- Found laser_geometry: 0.0.0 (/home/vivian/map_fuse/install/laser_geometry/share/laser_geometry/cmake)
[4.660s] -- Found pcl_conversions: 2.2.0 (/opt/ros/foxy/share/pcl_conversions/cmake)
[5.082s] -- Found box_msgs: 0.0.0 (/home/vivian/map_fuse/install/box_msgs/share/box_msgs/cmake)
[5.465s] -- Found ament_lint_auto: 0.9.6 (/opt/ros/foxy/share/ament_lint_auto/cmake)
[5.637s] -- Added test 'copyright' to check source files copyright and LICENSE
[5.648s] -- Added test 'cppcheck' to perform static code analysis on C / C++ code
[5.650s] -- Configured cppcheck include dirs: /home/vivian/map_fuse/src/pc_fuse/include
[5.650s] -- Configured cppcheck exclude dirs and/or files: 
[5.660s] -- Added test 'cpplint' to check C / C++ code against the Google style
[5.660s] -- Configured cpplint exclude dirs and/or files: 
[5.663s] -- Added test 'flake8' to check Python code syntax and style conventions
[5.666s] -- Added test 'lint_cmake' to check CMake code style
[5.669s] -- Added test 'pep257' to check Python code against some of the style conventions in PEP 257
[5.680s] -- Added test 'uncrustify' to check C / C++ code style
[5.680s] -- Configured uncrustify additional arguments: 
[5.682s] -- Added test 'xmllint' to check XML markup files
[5.695s] -- Configuring done
[5.933s] -- Generating done
[5.937s] -- Build files have been written to: /home/vivian/map_fuse/build/pc_fuse
[5.971s] Invoked command in '/home/vivian/map_fuse/build/pc_fuse' returned '0': CMAKE_PREFIX_PATH=/home/vivian/map_fuse/install/box_msgs:/home/vivian/map_fuse/install/pointcloud_to_laserscan:/home/vivian/map_fuse/install/cmr_msgs:/home/vivian/map_fuse/install/pc_projection:/home/vivian/map_fuse/install/laser_geometry:/home/vivian/map_fuse/install/icp_pc:/home/vivian/map_fuse/install/serena_description:/home/vivian/map_fuse/install/map_fuse:/home/vivian/map_fuse/install/person_detection:/opt/ros/foxy LD_LIBRARY_PATH=/home/vivian/map_fuse/install/box_msgs/lib:/home/vivian/map_fuse/install/pointcloud_to_laserscan/lib:/home/vivian/map_fuse/install/cmr_msgs/lib:/opt/ros/foxy/opt/yaml_cpp_vendor/lib:/opt/ros/foxy/opt/rviz_ogre_vendor/lib:/opt/ros/foxy/lib/x86_64-linux-gnu:/opt/ros/foxy/lib PYTHONPATH=/home/vivian/map_fuse/install/box_msgs/lib/python3.8/site-packages:/home/vivian/map_fuse/install/cmr_msgs/lib/python3.8/site-packages:/home/vivian/map_fuse/build/person_detection:/home/vivian/map_fuse/install/person_detection/lib/python3.8/site-packages:/opt/ros/foxy/lib/python3.8/site-packages /usr/bin/cmake /home/vivian/map_fuse/src/pc_fuse -DAMENT_CMAKE_SYMLINK_INSTALL=1 -DCMAKE_INSTALL_PREFIX=/home/vivian/map_fuse/install/pc_fuse
[5.973s] Invoking command in '/home/vivian/map_fuse/build/pc_fuse': CMAKE_PREFIX_PATH=/home/vivian/map_fuse/install/box_msgs:/home/vivian/map_fuse/install/pointcloud_to_laserscan:/home/vivian/map_fuse/install/cmr_msgs:/home/vivian/map_fuse/install/pc_projection:/home/vivian/map_fuse/install/laser_geometry:/home/vivian/map_fuse/install/icp_pc:/home/vivian/map_fuse/install/serena_description:/home/vivian/map_fuse/install/map_fuse:/home/vivian/map_fuse/install/person_detection:/opt/ros/foxy LD_LIBRARY_PATH=/home/vivian/map_fuse/install/box_msgs/lib:/home/vivian/map_fuse/install/pointcloud_to_laserscan/lib:/home/vivian/map_fuse/install/cmr_msgs/lib:/opt/ros/foxy/opt/yaml_cpp_vendor/lib:/opt/ros/foxy/opt/rviz_ogre_vendor/lib:/opt/ros/foxy/lib/x86_64-linux-gnu:/opt/ros/foxy/lib PYTHONPATH=/home/vivian/map_fuse/install/box_msgs/lib/python3.8/site-packages:/home/vivian/map_fuse/install/cmr_msgs/lib/python3.8/site-packages:/home/vivian/map_fuse/build/person_detection:/home/vivian/map_fuse/install/person_detection/lib/python3.8/site-packages:/opt/ros/foxy/lib/python3.8/site-packages /usr/bin/cmake --build /home/vivian/map_fuse/build/pc_fuse -- -j12 -l12
[6.216s] [35m[1mScanning dependencies of target person_remove_node[0m
[6.240s] [35m[1mScanning dependencies of target pc_fuse_node[0m
[6.252s] [35m[1mScanning dependencies of target box_time_node[0m
[6.391s] [ 16%] [32mBuilding CXX object CMakeFiles/box_time_node.dir/src/box_time.cpp.o[0m
[6.462s] [ 33%] [32mBuilding CXX object CMakeFiles/person_remove_node.dir/src/remove_person.cpp.o[0m
[6.552s] [ 50%] [32mBuilding CXX object CMakeFiles/pc_fuse_node.dir/src/pc_fuse.cpp.o[0m
[15.146s] [ 66%] [32m[1mLinking CXX executable box_time_node[0m
[15.683s] [ 66%] Built target box_time_node
[18.672s] [01m[K/home/vivian/map_fuse/src/pc_fuse/src/remove_person.cpp:[m[K In member function ‘[01m[Kvoid MinimalPublisher::pcCallback(sensor_msgs::msg::PointCloud2_<std::allocator<void> >::ConstSharedPtr, box_msgs::msg::Box_<std::allocator<void> >::ConstSharedPtr)[m[K’:
[18.672s] [01m[K/home/vivian/map_fuse/src/pc_fuse/src/remove_person.cpp:59:15:[m[K [01;35m[Kwarning: [m[Kunused variable ‘[01m[Kbox_ymin[m[K’ [[01;35m[K-Wunused-variable[m[K]
[18.672s]    59 |         float [01;35m[Kbox_ymin[m[K = box->l;
[18.672s]       |               [01;35m[K^~~~~~~~[m[K
[18.672s] [01m[K/home/vivian/map_fuse/src/pc_fuse/src/remove_person.cpp:61:15:[m[K [01;35m[Kwarning: [m[Kunused variable ‘[01m[Kbox_ymax[m[K’ [[01;35m[K-Wunused-variable[m[K]
[18.672s]    61 |         float [01;35m[Kbox_ymax[m[K = box->t;
[18.673s]       |               [01;35m[K^~~~~~~~[m[K
[31.876s] [ 83%] [32m[1mLinking CXX executable pc_fuse_node[0m
[32.941s] [100%] [32m[1mLinking CXX executable person_remove_node[0m
[33.836s] [100%] Built target pc_fuse_node
[35.144s] [100%] Built target person_remove_node
[35.162s] Invoked command in '/home/vivian/map_fuse/build/pc_fuse' returned '0': CMAKE_PREFIX_PATH=/home/vivian/map_fuse/install/box_msgs:/home/vivian/map_fuse/install/pointcloud_to_laserscan:/home/vivian/map_fuse/install/cmr_msgs:/home/vivian/map_fuse/install/pc_projection:/home/vivian/map_fuse/install/laser_geometry:/home/vivian/map_fuse/install/icp_pc:/home/vivian/map_fuse/install/serena_description:/home/vivian/map_fuse/install/map_fuse:/home/vivian/map_fuse/install/person_detection:/opt/ros/foxy LD_LIBRARY_PATH=/home/vivian/map_fuse/install/box_msgs/lib:/home/vivian/map_fuse/install/pointcloud_to_laserscan/lib:/home/vivian/map_fuse/install/cmr_msgs/lib:/opt/ros/foxy/opt/yaml_cpp_vendor/lib:/opt/ros/foxy/opt/rviz_ogre_vendor/lib:/opt/ros/foxy/lib/x86_64-linux-gnu:/opt/ros/foxy/lib PYTHONPATH=/home/vivian/map_fuse/install/box_msgs/lib/python3.8/site-packages:/home/vivian/map_fuse/install/cmr_msgs/lib/python3.8/site-packages:/home/vivian/map_fuse/build/person_detection:/home/vivian/map_fuse/install/person_detection/lib/python3.8/site-packages:/opt/ros/foxy/lib/python3.8/site-packages /usr/bin/cmake --build /home/vivian/map_fuse/build/pc_fuse -- -j12 -l12
[35.200s] Invoking command in '/home/vivian/map_fuse/build/pc_fuse': CMAKE_PREFIX_PATH=/home/vivian/map_fuse/install/box_msgs:/home/vivian/map_fuse/install/pointcloud_to_laserscan:/home/vivian/map_fuse/install/cmr_msgs:/home/vivian/map_fuse/install/pc_projection:/home/vivian/map_fuse/install/laser_geometry:/home/vivian/map_fuse/install/icp_pc:/home/vivian/map_fuse/install/serena_description:/home/vivian/map_fuse/install/map_fuse:/home/vivian/map_fuse/install/person_detection:/opt/ros/foxy LD_LIBRARY_PATH=/home/vivian/map_fuse/install/box_msgs/lib:/home/vivian/map_fuse/install/pointcloud_to_laserscan/lib:/home/vivian/map_fuse/install/cmr_msgs/lib:/opt/ros/foxy/opt/yaml_cpp_vendor/lib:/opt/ros/foxy/opt/rviz_ogre_vendor/lib:/opt/ros/foxy/lib/x86_64-linux-gnu:/opt/ros/foxy/lib PYTHONPATH=/home/vivian/map_fuse/install/box_msgs/lib/python3.8/site-packages:/home/vivian/map_fuse/install/cmr_msgs/lib/python3.8/site-packages:/home/vivian/map_fuse/build/person_detection:/home/vivian/map_fuse/install/person_detection/lib/python3.8/site-packages:/opt/ros/foxy/lib/python3.8/site-packages /usr/bin/cmake --install /home/vivian/map_fuse/build/pc_fuse
[35.210s] -- Install configuration: ""
[35.210s] -- Execute custom install script
[35.210s] -- Symlinking: /home/vivian/map_fuse/install/pc_fuse/lib/pc_fuse/pc_fuse_node
[35.223s] -- Symlinking: /home/vivian/map_fuse/install/pc_fuse/lib/pc_fuse/person_remove_node
[35.237s] -- Symlinking: /home/vivian/map_fuse/install/pc_fuse/lib/pc_fuse/box_time_node
[35.246s] -- Symlinking: /home/vivian/map_fuse/install/pc_fuse/share/pc_fuse/launch/fused_pointcloud_launch.py
[35.260s] -- Symlinking: /home/vivian/map_fuse/install/pc_fuse/share/pc_fuse/launch/person_remove_launch.py
[35.268s] -- Symlinking: /home/vivian/map_fuse/install/pc_fuse/share/pc_fuse/launch/pointcloud_to_laserscan_launch.py
[35.281s] CMake Error at ament_cmake_symlink_install/ament_cmake_symlink_install.cmake:100 (message):
[35.281s]   ament_cmake_symlink_install_directory() can't find
[35.282s]   '/home/vivian/map_fuse/src/pc_fuse/params'
[35.282s] Call Stack (most recent call first):
[35.282s]   ament_cmake_symlink_install/ament_cmake_symlink_install.cmake:320 (ament_cmake_symlink_install_directory)
[35.282s]   cmake_install.cmake:41 (include)
[35.282s] 
[35.283s] 
[35.285s] Invoked command in '/home/vivian/map_fuse/build/pc_fuse' returned '1': CMAKE_PREFIX_PATH=/home/vivian/map_fuse/install/box_msgs:/home/vivian/map_fuse/install/pointcloud_to_laserscan:/home/vivian/map_fuse/install/cmr_msgs:/home/vivian/map_fuse/install/pc_projection:/home/vivian/map_fuse/install/laser_geometry:/home/vivian/map_fuse/install/icp_pc:/home/vivian/map_fuse/install/serena_description:/home/vivian/map_fuse/install/map_fuse:/home/vivian/map_fuse/install/person_detection:/opt/ros/foxy LD_LIBRARY_PATH=/home/vivian/map_fuse/install/box_msgs/lib:/home/vivian/map_fuse/install/pointcloud_to_laserscan/lib:/home/vivian/map_fuse/install/cmr_msgs/lib:/opt/ros/foxy/opt/yaml_cpp_vendor/lib:/opt/ros/foxy/opt/rviz_ogre_vendor/lib:/opt/ros/foxy/lib/x86_64-linux-gnu:/opt/ros/foxy/lib PYTHONPATH=/home/vivian/map_fuse/install/box_msgs/lib/python3.8/site-packages:/home/vivian/map_fuse/install/cmr_msgs/lib/python3.8/site-packages:/home/vivian/map_fuse/build/person_detection:/home/vivian/map_fuse/install/person_detection/lib/python3.8/site-packages:/opt/ros/foxy/lib/python3.8/site-packages /usr/bin/cmake --install /home/vivian/map_fuse/build/pc_fuse
